[2016.01.06-11.25.57:723][  0]Log file open, 01/06/16 03:25:57
[2016.01.06-11.25.57:723][  0]LogInit:Display: Running engine for game: Diner
[2016.01.06-11.25.57:723][  0]LogInit:Display: RandInit(914169828) SRandInit(914169828).
[2016.01.06-11.25.57:723][  0]LogTaskGraph: Started task graph with 4 named threads and 7 total threads.
[2016.01.06-11.25.57:723][  0]LogStats: Stats thread started
[2016.01.06-11.25.57:723][  0]LogInit: Version: 4.8.3-2634408+++depot+UE4-Releases+4.8
[2016.01.06-11.25.57:723][  0]LogInit: API Version: 2579680
[2016.01.06-11.25.57:723][  0]LogInit: Compiled (64-bit): Jul 27 2015 16:24:33
[2016.01.06-11.25.57:723][  0]LogInit: Compiled with Visual C++: 18.00.21005.01
[2016.01.06-11.25.57:723][  0]LogInit: Build Configuration: Development
[2016.01.06-11.25.57:723][  0]LogInit: Branch Name: ++depot+UE4-Releases+4.8
[2016.01.06-11.25.57:723][  0]LogInit: Command line: 
[2016.01.06-11.25.57:723][  0]LogInit: Base directory: C:/Program Files (x86)/Epic Games/4.8/Engine/Binaries/Win64/
[2016.01.06-11.25.57:723][  0]LogInit: Rocket: 1
[2016.01.06-11.25.57:739][  0]LogInit: Using libcurl 7.41.0
[2016.01.06-11.25.57:739][  0]LogInit:  - built for x86_64-pc-win32
[2016.01.06-11.25.57:739][  0]LogInit:  - supports SSL with WinSSL
[2016.01.06-11.25.57:739][  0]LogInit:  - other features:
[2016.01.06-11.25.57:739][  0]LogInit:      CURL_VERSION_SSL
[2016.01.06-11.25.57:739][  0]LogInit:      CURL_VERSION_IPV6
[2016.01.06-11.25.57:739][  0]LogInit:      CURL_VERSION_ASYNCHDNS
[2016.01.06-11.25.57:739][  0]LogInit:      CURL_VERSION_LARGEFILE
[2016.01.06-11.25.57:739][  0]LogInit:      CURL_VERSION_IDN
[2016.01.06-11.25.57:739][  0]LogInit:  CurlRequestOptions (configurable via config and command line):
[2016.01.06-11.25.57:739][  0]LogInit:  - bVerifyPeer = true  - Libcurl will verify peer certificate
[2016.01.06-11.25.57:739][  0]LogInit:  - bUseHttpProxy = false  - Libcurl will NOT use HTTP proxy
[2016.01.06-11.25.57:739][  0]LogInit:  - bDontReuseConnections = false  - Libcurl will reuse connections
[2016.01.06-11.25.57:739][  0]LogInit:  - CertBundlePath = nullptr  - Libcurl will use whatever was configured at build time.
[2016.01.06-11.25.57:755][  0]LogOnline:Warning: No default platform service specified for OnlineSubsystem
[2016.01.06-11.25.57:773][  0]LogInit: Presizing for 0 objects not considered by GC, pre-allocating 0 bytes.
[2016.01.06-11.25.57:782][  0]LogInit: Object subsystem initialized
[2016.01.06-11.25.57:783][  0]LogConsoleResponse:Warning: Skipping Unknown console variable: 'TranslucentSortAxis = (X=0.000000,Y=-1.000000,Z=0.000000)'
[2016.01.06-11.25.57:783][  0]LogConsoleResponse:Warning:   Found in ini file 'C:/Users/Matthew/Documents/Unreal Projects/Diner/Saved/Config/Windows/Engine.ini', in section '[/Script/Engine.RendererSettings]'
[2016.01.06-11.25.57:783][  0]LogConsoleResponse:Warning: Skipping Unknown console variable: 'UIScaleRule = ShortestSide'
[2016.01.06-11.25.57:783][  0]LogConsoleResponse:Warning:   Found in ini file 'C:/Users/Matthew/Documents/Unreal Projects/Diner/Saved/Config/Windows/Engine.ini', in section '[/Script/Engine.RendererSettings]'
[2016.01.06-11.25.57:783][  0]LogConsoleResponse:Warning: Skipping Unknown console variable: 'UIScaleCurve = (EditorCurveData=(Keys=),ExternalCurve=None)'
[2016.01.06-11.25.57:783][  0]LogConsoleResponse:Warning:   Found in ini file 'C:/Users/Matthew/Documents/Unreal Projects/Diner/Saved/Config/Windows/Engine.ini', in section '[/Script/Engine.RendererSettings]'
[2016.01.06-11.25.57:783][  0]LogInit: Selected Device Profile: [Windows]
[2016.01.06-11.25.57:783][  0]LogInit: Applying CVar settings loaded from the selected device profile: [Windows]
[2016.01.06-11.25.57:792][  0]LogInit: Computer: BATTLESTAR
[2016.01.06-11.25.57:792][  0]LogInit: User: Matthew
[2016.01.06-11.25.57:792][  0]LogInit: CPU Page size=4096, Cores=4
[2016.01.06-11.25.57:792][  0]LogInit: High frequency timer resolution =2.338337 MHz
[2016.01.06-11.25.57:792][  0]LogMemory: Memory total: Physical=7.9GB (8GB approx)
[2016.01.06-11.25.57:792][  0]LogMemory: Platform Memory Stats for Windows
[2016.01.06-11.25.57:792][  0]LogMemory: Process Physical Memory: 47.66 MB used, 47.66 MB peak
[2016.01.06-11.25.57:792][  0]LogMemory: Process Virtual Memory: 24.35 MB used, 24.35 MB peak
[2016.01.06-11.25.57:792][  0]LogMemory: Physical Memory: 4029.03 MB used, 8075.18 MB total
[2016.01.06-11.25.57:792][  0]LogMemory: Virtual Memory: 293.96 MB used, 134217728.00 MB total
[2016.01.06-11.25.58:001][  0]LogTextLocalizationManager: The requested culture ('en_US') has no localization data; parent culture's ('en') localization data will be used.
[2016.01.06-11.25.58:190][  0]LogTextLocalizationManager:Warning: Loaded localization resources contain conflicting entries for (Namespace:ContentBrowser, Key:ImportAssetToolTip):
Localization Resource: (C:/Program Files (x86)/Epic Games/4.8/Engine/Content/Localization/Editor/en/Editor.locres) Source String Hash: (-630476809) Localized String: (Import to {0}...)
Localization Resource: (C:/Program Files (x86)/Epic Games/4.8/Engine/Content/Localization/Editor/en/Editor.locres) Source String Hash: (1271782899) Localized String: (Imports an asset from file to this folder.)
[2016.01.06-11.25.58:678][  0]LogD3D11RHI: Found D3D11 adapter 0: Intel(R) HD Graphics 4600 (Feature Level 11_0)
[2016.01.06-11.25.58:678][  0]LogD3D11RHI: Adapter has 32MB of dedicated video memory, 0MB of dedicated system memory, and 1760MB of shared system memory, 1 output[s]
[2016.01.06-11.25.58:697][  0]LogD3D11RHI: Found D3D11 adapter 1: NVIDIA GeForce GT 750M (Feature Level 11_0)
[2016.01.06-11.25.58:697][  0]LogD3D11RHI: Adapter has 1988MB of dedicated video memory, 0MB of dedicated system memory, and 2048MB of shared system memory, 0 output[s]
[2016.01.06-11.25.58:698][  0]LogD3D11RHI: Found D3D11 adapter 2: Microsoft Basic Render Driver (Feature Level 11_0)
[2016.01.06-11.25.58:698][  0]LogD3D11RHI: Adapter has 0MB of dedicated video memory, 0MB of dedicated system memory, and 256MB of shared system memory, 0 output[s]
[2016.01.06-11.25.58:698][  0]LogD3D11RHI: Chosen D3D11 Adapter Id = 0
[2016.01.06-11.25.58:706][  0]LogD3D11RHI: InitD3DDevice
[2016.01.06-11.25.58:706][  0]LogD3D11RHI: !Direct3DDevice
[2016.01.06-11.25.58:706][  0]LogRHI: Texture pool is 1361 MB (70% of 1945 MB)
[2016.01.06-11.25.58:723][  0]LogD3D11RHI: Async texture creation enabled
[2016.01.06-11.25.58:739][  0]LogShaderCompilers:Display: Using Local Shader Compiler.
[2016.01.06-11.25.59:495][  0]LogTemp:Display: Loaded TP DesktopTargetPlatform
[2016.01.06-11.25.59:511][  0]LogTemp:Display: Loaded TP WindowsClientTargetPlatform
[2016.01.06-11.25.59:527][  0]LogTemp:Display: Loaded TP WindowsNoEditorTargetPlatform
[2016.01.06-11.25.59:544][  0]LogTemp:Display: Loaded TP WindowsServerTargetPlatform
[2016.01.06-11.25.59:561][  0]LogTemp:Display: Loaded TP WindowsTargetPlatform
[2016.01.06-11.25.59:575][  0]LogTemp:Display: Loaded TP AndroidTargetPlatform
[2016.01.06-11.25.59:591][  0]LogTemp:Display: Loaded TP Android_ASTCTargetPlatform
[2016.01.06-11.25.59:606][  0]LogTemp:Display: Loaded TP Android_ATCTargetPlatform
[2016.01.06-11.25.59:620][  0]LogTemp:Display: Loaded TP Android_DXTTargetPlatform
[2016.01.06-11.25.59:635][  0]LogTemp:Display: Loaded TP Android_ETC1TargetPlatform
[2016.01.06-11.25.59:649][  0]LogTemp:Display: Loaded TP Android_ETC2TargetPlatform
[2016.01.06-11.25.59:664][  0]LogTemp:Display: Loaded TP Android_PVRTCTargetPlatform
[2016.01.06-11.25.59:718][  0]LogTemp:Display: Loaded TP IOSTargetPlatform
[2016.01.06-11.25.59:732][  0]LogTemp:Display: Loaded TP LinuxNoEditorTargetPlatform
[2016.01.06-11.25.59:747][  0]LogTemp:Display: Loaded TP LinuxServerTargetPlatform
[2016.01.06-11.25.59:762][  0]LogTemp:Display: Loaded TP LinuxTargetPlatform
[2016.01.06-11.25.59:762][  0]LogTargetPlatformManager:Display: Building Assets For Windows
[2016.01.06-11.26.00:002][  0]LogDerivedDataCache:Display: Max Cache Size: 512 MB
[2016.01.06-11.26.00:055][  0]LogDerivedDataCache: Loaded boot cache 0.05s 53MB C:/Users/Matthew/AppData/Local/UnrealEngine/4.8/DerivedDataCache/Boot.ddc.
[2016.01.06-11.26.00:056][  0]LogDerivedDataCache:Display: Loaded Boot cache: C:/Users/Matthew/AppData/Local/UnrealEngine/4.8/DerivedDataCache/Boot.ddc
[2016.01.06-11.26.00:056][  0]LogDerivedDataCache: FDerivedDataBackendGraph:  Pak pak cache file ../../../../../../Users/Matthew/Documents/Unreal Projects/Diner/DerivedDataCache/DDC.ddp not found, will not use a pak cache.
[2016.01.06-11.26.00:056][  0]LogDerivedDataCache: Unable to find inner node Pak for hierarchical cache Hierarchy.
[2016.01.06-11.26.00:056][  0]LogDerivedDataCache: FDerivedDataBackendGraph:  CompressedPak pak cache file ../../../../../../Users/Matthew/Documents/Unreal Projects/Diner/DerivedDataCache/Compressed.ddp not found, will not use a pak cache.
[2016.01.06-11.26.00:056][  0]LogDerivedDataCache: Unable to find inner node CompressedPak for hierarchical cache Hierarchy.
[2016.01.06-11.26.00:194][  0]LogDerivedDataCache:Display: Pak cache opened for reading ../../../Engine/DerivedDataCache/Compressed.ddp.
[2016.01.06-11.26.00:207][  0]LogDerivedDataCache: Using Local data cache path C:/Users/Matthew/AppData/Local/UnrealEngine/Common/DerivedDataCache: Writable
[2016.01.06-11.26.00:413][  0]LogInit: Selected Device Profile: [Windows]
[2016.01.06-11.26.00:490][  0]ImportText (ComponentSweepMultiTests): Missing closing parenthesis: (RootShapeAsset="/Engine/BasicShapes/Cube.Cube",ShapeType="TriggerCapsule",HitResult=(Time=0.50,Location=(X=-100.000015,Y=0.0,Z=100.000015),ImpactPoint=(X=-50.0,Y=0.0,Z=50.0),Normal=(X=-1.0,Y=-0.0,Z=0.0),ImpactNormal=(X=0.0,Y=0.0,Z=1.0),TraceStart=(X=-200.0,Y=0.0,Z=200.0),TraceEnd=(X=0.0,Y=0.0,Z=0.0))
[2016.01.06-11.26.00:490][  0]ImportText (LineTraceSingleByChannelTests): Missing closing parenthesis: (RootShapeAsset="/Engine/BasicShapes/Cube.Cube",HitResult=(Time=0.50,Location=(X=-100.000015,Y=0.0,Z=100.000015),ImpactPoint=(X=-50.0,Y=0.0,Z=50.0),Normal=(X=-1.0,Y=-0.0,Z=0.0),ImpactNormal=(X=0.0,Y=0.0,Z=1.0),TraceStart=(X=-200.0,Y=0.0,Z=200.0),TraceEnd=(X=0.0,Y=0.0,Z=0.0))
[2016.01.06-11.26.00:521][  0]LogMeshUtilities: No automatic mesh reduction module available
[2016.01.06-11.26.00:521][  0]LogMeshUtilities: No automatic mesh merging module available
[2016.01.06-11.26.00:822][  0]LogInit: WinSock: version 1.1 (2.2), MaxSocks=32767, MaxUdp=65467
[2016.01.06-11.26.01:883][  0]LogAssetRegistry: FAssetRegistry took 0.0107 seconds to start up
[2016.01.06-11.26.01:900][  0]LogDirectoryWatcher:Warning: Failed to begin reading directory changes for ../../../Engine/Plugins/Experimental/CharacterAI/Content/. Error: 0
[2016.01.06-11.26.01:916][  0]UdpMessaging: Initializing bridge on interface 0.0.0.0:0 to multicast group 230.0.0.1:6666.
[2016.01.06-11.26.02:267][  0]SourceControl: Info Source control is disabled
[2016.01.06-11.26.02:268][  0]SourceControl: Info Source control is disabled
[2016.01.06-11.26.02:280][  0]SourceControl: Info Source control is disabled
[2016.01.06-11.26.02:292][  0]SourceControl: Info Source control is disabled
[2016.01.06-11.26.02:562][  0]LogObj: 26440 objects as part of root set at end of initial load.
[2016.01.06-11.26.02:562][  0]LogUObjectAllocator: 5438856 out of 0 bytes used by permanent object pool.
[2016.01.06-11.26.02:634][  0]LogEngine: Initializing Engine...
[2016.01.06-11.26.02:636][  0]LogHMD: Can't find Oculus library dev build: is proper Runtime installed? Version: 0.6.0.0
[2016.01.06-11.26.02:637][  0]LogHMD:Warning: SteamVR failed to initialize.  Error: 110
[2016.01.06-11.26.02:782][  0]LogAIModule: Creating AISystem for world NewWorld
[2016.01.06-11.26.02:785][  0]LogInit: XAudio2 using 'Speakers (Realtek High Definition Audio)' : 2 channels at 48 kHz using 32 bits per sample (channel mask 0x3)
[2016.01.06-11.26.02:792][  0]LogInit: FAudioDevice initialized.
[2016.01.06-11.26.02:817][  0]LogDerivedDataCache: Saved boot cache 0.02s 53MB C:/Users/Matthew/AppData/Local/UnrealEngine/4.8/DerivedDataCache/Boot.ddc.
[2016.01.06-11.26.02:820][  0]LogInit: Texture streaming: Disabled
[2016.01.06-11.26.02:849][  0]LogAnalytics: Creating configured Analytics provider AnalyticsET
[2016.01.06-11.26.02:849][  0]LogAnalytics: [UEEditor.Rocket.Release] APIServer = http://et2.epicgames.com/ET2/. AppVersion = 4.8.3-2634408+++depot+UE4-Releases+4.8
[2016.01.06-11.26.02:850][  0]LogAnalytics: [UEEditor.Rocket.Release] SetUserId 6c72a4f34c262198a7708db9b68f0fac|62291b1299124bb987eb3840dc21af0e|10dca3ff-59a3-463a-a188-a74ae374cfa5
[2016.01.06-11.26.02:850][  0]LogAnalytics: [UEEditor.Rocket.Release] AnalyticsET::StartSession
[2016.01.06-11.26.02:883][  0]LogInit: Transaction tracking system initialized
[2016.01.06-11.26.03:032][  0]BlueprintLog: New page: Editor Load
[2016.01.06-11.26.03:758][  0]LogConsoleManager:Warning: Console variable 'r.VSync' wasn't set ('GameSetting' has a lower priority than 'SystemSettingsIni')
[2016.01.06-11.26.03:758][  0]LogConsoleResponse:Display: 
[2016.01.06-11.26.03:878][  0]LogCook:Display: Done creating registry. It took  0.00s.
[2016.01.06-11.26.04:109][  0]SourceControl: Info Source control is disabled
[2016.01.06-11.26.04:110][  0]Cmd: MAP LOAD FILE="../../../../../../Users/Matthew/Documents/Unreal Projects/Diner/Content/FirstPersonBP/Maps/FirstPersonExampleMap.umap" TEMPLATE=0 SHOWPROGRESS=1 FEATURELEVEL=3
[2016.01.06-11.26.04:110][  0]LightingResults: New page: Lighting Build
[2016.01.06-11.26.04:133][  0]MapCheck: New page: Map Check
[2016.01.06-11.26.04:133][  0]LightingResults: New page: Lighting Build
[2016.01.06-11.26.04:143][  0]LogParticles: Destroying 0 GPU particle simulations for FXSystem 0x000000504F0149A0
[2016.01.06-11.26.05:469][  0]LogAIModule: Creating AISystem for world FirstPersonExampleMap
[2016.01.06-11.26.05:480][  0]LogEditorServer: Finished looking for orphan Actors (0.000 secs)
[2016.01.06-11.26.06:938][  0]Cmd: MAP CHECKDEP NOCLEARLOG
[2016.01.06-11.26.07:010][  0]MapCheck: Info Map check complete: 0 Error(s), 0 Warning(s), took 72.561ms to complete.
[2016.01.06-11.26.07:010][  0]LogFileHelpers: Loading map 'FirstPersonExampleMap' took 2.900
[2016.01.06-11.26.07:128][  0]LogCollectionManager: Loaded 0 collections in 0.003471 seconds
[2016.01.06-11.26.07:137][  0]LogContentBrowser: Native class hierarchy populated in 0.0086 seconds. Added 1807 classes and 307 folders.
[2016.01.06-11.26.07:193][  0]LogContentBrowser: Native class hierarchy updated for 'WidgetCarousel' in 0.0005 seconds. Added 0 classes and 0 folders.
[2016.01.06-11.26.07:234][  0]LogContentBrowser: Native class hierarchy updated for 'AddContentDialog' in 0.0009 seconds. Added 0 classes and 0 folders.
[2016.01.06-11.26.07:262][  0]LogContentBrowser: Native class hierarchy updated for 'SceneOutliner' in 0.0006 seconds. Added 1 classes and 2 folders.
[2016.01.06-11.26.07:309][  0]LogCrashTracker: Crashtracker disabled due to settings.
[2016.01.06-11.26.07:310][  0]LogD3D11RHI: InitD3DDevice
[2016.01.06-11.26.07:315][  0]LogUObjectGlobals:Warning: Failed to find object 'Class None.'
[2016.01.06-11.26.07:339][  0]LogLoad: Full Startup: 10.88 seconds (BP compile: 0.42 seconds)
[2016.01.06-11.26.07:356][  0]LogWindowsTextInputMethodSystem:Display: IME system now deactivated.
[2016.01.06-11.26.07:356][  0]LogWindowsTextInputMethodSystem:Display: IME system now deactivated.
[2016.01.06-11.26.07:420][  0]LogContentStreaming: Texture pool size is 0.000000MB
[2016.01.06-11.26.07:448][  0]LogContentStreaming: Texture pool size now 1000 MB
[2016.01.06-11.26.07:664][  1]LogRenderer: Reallocating scene render targets to support 936x432 (Frame:2).
[2016.01.06-11.26.08:145][  8]LogAssetRegistry: Asset discovery search completed in 6.2736 seconds
[2016.01.06-11.26.09:108][ 58]LogD3D11RHI: InitD3DDevice
[2016.01.06-11.26.20:715][645]LogD3D11RHI: InitD3DDevice
[2016.01.06-11.26.21:123][645]LogAIModule: Creating AISystem for world dinerscene
[2016.01.06-11.26.21:308][645]Cmd: MAP LOAD FILE="../../../../../../Users/Matthew/Documents/Unreal Projects/Diner/Content/dinerscene.umap" TEMPLATE=0 SHOWPROGRESS=1 FEATURELEVEL=3
[2016.01.06-11.26.21:308][645]LightingResults: New page: Lighting Build
[2016.01.06-11.26.21:364][645]LoadErrors: New page: Loading map: dinerscene.umap
[2016.01.06-11.26.21:365][645]MapCheck: New page: Map Check
[2016.01.06-11.26.21:365][645]LightingResults: New page: Lighting Build
[2016.01.06-11.26.21:386][645]LogParticles: Destroying 0 GPU particle simulations for FXSystem 0x000000503F349C60
[2016.01.06-11.26.21:700][645]LogAIModule: Creating AISystem for world dinerscene
[2016.01.06-11.26.21:714][645]LogEditorServer: Finished looking for orphan Actors (0.000 secs)
[2016.01.06-11.26.21:804][645]Cmd: MAP CHECKDEP NOCLEARLOG
[2016.01.06-11.26.21:882][645]MapCheck: Info Map check complete: 0 Error(s), 0 Warning(s), took 77.518ms to complete.
[2016.01.06-11.26.21:882][645]LogFileHelpers: Loading map 'dinerscene' took 0.577
[2016.01.06-11.26.27:188][802]LogD3D11RHI: InitD3DDevice
[2016.01.06-11.26.45:459][555]LogD3D11RHI: InitD3DDevice
[2016.01.06-11.26.58:642][143]Cmd: TRANSACTION UNDO
[2016.01.06-11.26.58:642][143]LogEditorTransaction: Undo Rotate Actors
[2016.01.06-11.26.58:668][143]LogD3D11RHI: InitD3DDevice
[2016.01.06-11.27.01:694][264]LogEditorViewport: Clicking on Actor (LMB): SkeletalMeshActor (SK_Mannequin)
[2016.01.06-11.27.01:774][264]LogEditorViewport: Clicking on Component (LMB): SkeletalMeshComponent (SkeletalMeshComponent0)
[2016.01.06-11.27.03:279][330]LogEditorViewport: Clicking on Component (LMB): SkeletalMeshComponent (SkeletalMeshComponent0)
[2016.01.06-11.27.03:365][332]LogEditorViewport: Clicking on Actor (double click): SkeletalMeshActor (SK_Mannequin)
[2016.01.06-11.27.06:124][429]LogD3D11RHI: InitD3DDevice
[2016.01.06-11.27.06:836][429]LogD3D11RHI: InitD3DDevice
[2016.01.06-11.27.07:116][429]LogLinker:Warning: Can't find file '/Game/UE4_Mannequin/Mesh/UE4_Mannequin'
[2016.01.06-11.27.07:132][429]LogLinker:Warning: Can't find file '/Game/UE4_Mannequin/Mesh/UE4_Mannequin'
[2016.01.06-11.27.07:146][429]LogLinker:Warning: Can't find file '/Game/UE4_Mannequin/Mesh/UE4_Mannequin'
[2016.01.06-11.27.07:147][429]LogUObjectGlobals:Warning: Failed to find object 'SkeletalMesh /Game/UE4_Mannequin/Mesh/UE4_Mannequin.UE4_Mannequin'
[2016.01.06-11.27.07:686][429]LogSkeletalMesh: InitArticulated: Bodies already created (/Engine/Transient.DebugSkelMeshComponent_0) - call TermArticulated first.
[2016.01.06-11.27.07:886][429]LogLinker:Warning: Asset '../../../Engine/Content/Tutorial/SubEditors/PersonaAnimEditorTutorial.uasset' has been saved with empty engine version. The asset will be loaded but may be incompatible.
[2016.01.06-11.27.08:005][430]LogRenderer: Reallocating scene render targets to support 936x440 (Frame:2461).
[2016.01.06-11.27.25:889][936]LogEditorTransaction: Undo Rotate Bone
[2016.01.06-11.27.25:968][936]LogD3D11RHI: InitD3DDevice
[2016.01.06-11.27.27:186][989]LogEditorTransaction: Undo Clicking on Actors (double-click)
[2016.01.06-11.27.43:191][439]LogEditorTransaction: Undo Translate Bone
[2016.01.06-11.27.43:223][439]LogD3D11RHI: InitD3DDevice
[2016.01.06-11.28.25:471][656]LogEditorTransaction: Undo Rotate Bone
[2016.01.06-11.28.25:473][656]LogD3D11RHI: InitD3DDevice
[2016.01.06-11.28.52:314][383]LogRenderer: Reallocating scene render targets to support 936x584 (Frame:8956).
[2016.01.06-11.29.07:662][749]LogEditorTransaction: Undo Rotate Bone
[2016.01.06-11.29.07:700][749]LogD3D11RHI: InitD3DDevice
[2016.01.06-11.29.08:099][759]LogEditorTransaction: Undo Rotate Bone
[2016.01.06-11.30.35:486][903]LogD3D11RHI: InitD3DDevice
[2016.01.06-11.30.35:607][903]LogSavePackage: Save=54.138046ms
[2016.01.06-11.30.35:607][903]LogSavePackage: Moving '../../../../../../Users/Matthew/Documents/Unreal Projects/Diner/Saved/SK_Mannequin536F8849430F8624F9A49B959C974589.tmp' to '../../../../../../Users/Matthew/Documents/Unreal Projects/Diner/Content/ThirdPersonBP/Character/Mesh/SK_Mannequin.uasset'
[2016.01.06-11.30.51:166][243]LogD3D11RHI: InitD3DDevice
[2016.01.06-11.31.01:789][393]LogRenderer: Reallocating scene render targets to support 936x616 (Frame:15701).
[2016.01.06-11.31.08:666][579]LogD3D11RHI: InitD3DDevice
[2016.01.06-11.31.14:401][579]LogD3D11RHI: InitD3DDevice
[2016.01.06-11.31.30:628][579]LogLinker:Warning: Can't find file '/Game/Mannequin/sitting'
[2016.01.06-11.31.30:628][579]LogLinker:Warning: Can't find file '/Game/Mannequin/sitting'
[2016.01.06-11.31.30:628][579]LogUObjectGlobals:Warning: Failed to find object 'Object /Game/Mannequin/sitting.sitting'
[2016.01.06-11.31.30:697][580]LogAnimation:Warning: DeltaTime : 22.06, Current Frame Count : 0, Frames To Record : 3, TimePassed : 0.12
[2016.01.06-11.31.30:697][580]LogAnimation:Warning: Current Frame Count : 1, BlendAlpha : 0.16
[2016.01.06-11.31.30:697][580]LogAnimation:Warning: Current Frame Count : 2, BlendAlpha : 0.50
[2016.01.06-11.31.30:697][580]LogAnimation:Warning: Current Frame Count : 3, BlendAlpha : 0.83
[2016.01.06-11.31.30:732][581]LogAnimation:Warning: DeltaTime : 0.03, Current Frame Count : 3, Frames To Record : 4, TimePassed : 0.15
[2016.01.06-11.31.30:732][581]LogAnimation:Warning: Current Frame Count : 4, BlendAlpha : 0.47
[2016.01.06-11.31.30:778][582]LogAnimation:Warning: DeltaTime : 0.05, Current Frame Count : 4, Frames To Record : 5, TimePassed : 0.20
[2016.01.06-11.31.30:779][582]LogAnimation:Warning: Current Frame Count : 5, BlendAlpha : 0.32
[2016.01.06-11.31.30:815][583]LogAnimation:Warning: DeltaTime : 0.04, Current Frame Count : 5, Frames To Record : 7, TimePassed : 0.24
[2016.01.06-11.31.30:815][583]LogAnimation:Warning: Current Frame Count : 6, BlendAlpha : 0.04
[2016.01.06-11.31.30:815][583]LogAnimation:Warning: Current Frame Count : 7, BlendAlpha : 0.95
[2016.01.06-11.31.30:852][584]LogAnimation:Warning: DeltaTime : 0.04, Current Frame Count : 7, Frames To Record : 8, TimePassed : 0.27
[2016.01.06-11.31.30:852][584]LogAnimation:Warning: Current Frame Count : 8, BlendAlpha : 0.86
[2016.01.06-11.31.30:889][585]LogAnimation:Warning: DeltaTime : 0.04, Current Frame Count : 8, Frames To Record : 9, TimePassed : 0.31
[2016.01.06-11.31.30:889][585]LogAnimation:Warning: Current Frame Count : 9, BlendAlpha : 0.75
[2016.01.06-11.31.30:928][586]LogAnimation:Warning: DeltaTime : 0.04, Current Frame Count : 9, Frames To Record : 10, TimePassed : 0.35
[2016.01.06-11.31.30:928][586]LogAnimation:Warning: Current Frame Count : 10, BlendAlpha : 0.63
[2016.01.06-11.31.30:963][587]LogAnimation:Warning: DeltaTime : 0.04, Current Frame Count : 10, Frames To Record : 11, TimePassed : 0.38
[2016.01.06-11.31.30:963][587]LogAnimation:Warning: Current Frame Count : 11, BlendAlpha : 0.53
[2016.01.06-11.31.30:999][588]LogAnimation:Warning: DeltaTime : 0.04, Current Frame Count : 11, Frames To Record : 12, TimePassed : 0.42
[2016.01.06-11.31.31:000][588]LogAnimation:Warning: Current Frame Count : 12, BlendAlpha : 0.45
[2016.01.06-11.31.31:040][589]LogAnimation:Warning: DeltaTime : 0.04, Current Frame Count : 12, Frames To Record : 13, TimePassed : 0.46
[2016.01.06-11.31.31:040][589]LogAnimation:Warning: Current Frame Count : 13, BlendAlpha : 0.34
[2016.01.06-11.31.31:075][590]LogAnimation:Warning: DeltaTime : 0.04, Current Frame Count : 13, Frames To Record : 14, TimePassed : 0.50
[2016.01.06-11.31.31:075][590]LogAnimation:Warning: Current Frame Count : 14, BlendAlpha : 0.19
[2016.01.06-11.31.31:112][591]LogAnimation:Warning: DeltaTime : 0.04, Current Frame Count : 14, Frames To Record : 15, TimePassed : 0.53
[2016.01.06-11.31.31:112][591]LogAnimation:Warning: Current Frame Count : 15, BlendAlpha : 0.12
[2016.01.06-11.31.31:147][592]LogAnimation:Warning: DeltaTime : 0.04, Current Frame Count : 15, Frames To Record : 17, TimePassed : 0.57
[2016.01.06-11.31.31:147][592]LogAnimation:Warning: Current Frame Count : 16, BlendAlpha : 0.04
[2016.01.06-11.31.31:148][592]LogAnimation:Warning: Current Frame Count : 17, BlendAlpha : 0.97
[2016.01.06-11.31.31:183][593]LogAnimation:Warning: DeltaTime : 0.04, Current Frame Count : 17, Frames To Record : 18, TimePassed : 0.60
[2016.01.06-11.31.31:183][593]LogAnimation:Warning: Current Frame Count : 18, BlendAlpha : 0.91
[2016.01.06-11.31.31:219][594]LogAnimation:Warning: DeltaTime : 0.04, Current Frame Count : 18, Frames To Record : 19, TimePassed : 0.64
[2016.01.06-11.31.31:219][594]LogAnimation:Warning: Current Frame Count : 19, BlendAlpha : 0.83
[2016.01.06-11.31.31:256][595]LogAnimation:Warning: DeltaTime : 0.04, Current Frame Count : 19, Frames To Record : 20, TimePassed : 0.68
[2016.01.06-11.31.31:256][595]LogAnimation:Warning: Current Frame Count : 20, BlendAlpha : 0.73
[2016.01.06-11.31.31:292][596]LogAnimation:Warning: DeltaTime : 0.04, Current Frame Count : 20, Frames To Record : 21, TimePassed : 0.71
[2016.01.06-11.31.31:292][596]LogAnimation:Warning: Current Frame Count : 21, BlendAlpha : 0.66
[2016.01.06-11.31.31:328][597]LogAnimation:Warning: DeltaTime : 0.04, Current Frame Count : 21, Frames To Record : 22, TimePassed : 0.75
[2016.01.06-11.31.31:328][597]LogAnimation:Warning: Current Frame Count : 22, BlendAlpha : 0.58
[2016.01.06-11.31.31:365][598]LogAnimation:Warning: DeltaTime : 0.04, Current Frame Count : 22, Frames To Record : 23, TimePassed : 0.78
[2016.01.06-11.31.31:365][598]LogAnimation:Warning: Current Frame Count : 23, BlendAlpha : 0.50
[2016.01.06-11.31.31:400][599]LogAnimation:Warning: DeltaTime : 0.04, Current Frame Count : 23, Frames To Record : 24, TimePassed : 0.82
[2016.01.06-11.31.31:400][599]LogAnimation:Warning: Current Frame Count : 24, BlendAlpha : 0.42
[2016.01.06-11.31.31:437][600]LogAnimation:Warning: DeltaTime : 0.04, Current Frame Count : 24, Frames To Record : 25, TimePassed : 0.86
[2016.01.06-11.31.31:437][600]LogAnimation:Warning: Current Frame Count : 25, BlendAlpha : 0.34
[2016.01.06-11.31.31:474][601]LogAnimation:Warning: DeltaTime : 0.04, Current Frame Count : 25, Frames To Record : 26, TimePassed : 0.89
[2016.01.06-11.31.31:474][601]LogAnimation:Warning: Current Frame Count : 26, BlendAlpha : 0.25
[2016.01.06-11.31.31:509][602]LogAnimation:Warning: DeltaTime : 0.04, Current Frame Count : 26, Frames To Record : 27, TimePassed : 0.93
[2016.01.06-11.31.31:509][602]LogAnimation:Warning: Current Frame Count : 27, BlendAlpha : 0.17
[2016.01.06-11.31.31:549][603]LogAnimation:Warning: DeltaTime : 0.04, Current Frame Count : 27, Frames To Record : 29, TimePassed : 0.97
[2016.01.06-11.31.31:549][603]LogAnimation:Warning: Current Frame Count : 28, BlendAlpha : 0.10
[2016.01.06-11.31.31:550][603]LogAnimation:Warning: Current Frame Count : 29, BlendAlpha : 0.92
[2016.01.06-11.31.31:585][604]LogAnimation:Warning: DeltaTime : 0.04, Current Frame Count : 29, Frames To Record : 30, TimePassed : 1.01
[2016.01.06-11.31.31:585][604]LogAnimation:Warning: Current Frame Count : 30, BlendAlpha : 0.85
[2016.01.06-11.31.31:621][605]LogAnimation:Warning: DeltaTime : 0.04, Current Frame Count : 30, Frames To Record : 31, TimePassed : 1.04
[2016.01.06-11.31.31:621][605]LogAnimation:Warning: Current Frame Count : 31, BlendAlpha : 0.77
[2016.01.06-11.31.31:658][606]LogAnimation:Warning: DeltaTime : 0.04, Current Frame Count : 31, Frames To Record : 32, TimePassed : 1.08
[2016.01.06-11.31.31:658][606]LogAnimation:Warning: Current Frame Count : 32, BlendAlpha : 0.68
[2016.01.06-11.31.31:694][607]LogAnimation:Warning: DeltaTime : 0.04, Current Frame Count : 32, Frames To Record : 33, TimePassed : 1.12
[2016.01.06-11.31.31:694][607]LogAnimation:Warning: Current Frame Count : 33, BlendAlpha : 0.59
[2016.01.06-11.31.31:730][608]LogAnimation:Warning: DeltaTime : 0.04, Current Frame Count : 33, Frames To Record : 34, TimePassed : 1.15
[2016.01.06-11.31.31:730][608]LogAnimation:Warning: Current Frame Count : 34, BlendAlpha : 0.51
[2016.01.06-11.31.31:766][609]LogAnimation:Warning: DeltaTime : 0.04, Current Frame Count : 34, Frames To Record : 35, TimePassed : 1.19
[2016.01.06-11.31.31:766][609]LogAnimation:Warning: Current Frame Count : 35, BlendAlpha : 0.43
[2016.01.06-11.31.31:802][610]LogAnimation:Warning: DeltaTime : 0.04, Current Frame Count : 35, Frames To Record : 36, TimePassed : 1.22
[2016.01.06-11.31.31:802][610]LogAnimation:Warning: Current Frame Count : 36, BlendAlpha : 0.36
[2016.01.06-11.31.31:878][611]LogAnimation:Warning: DeltaTime : 0.04, Current Frame Count : 36, Frames To Record : 37, TimePassed : 1.26
[2016.01.06-11.31.31:878][611]LogAnimation:Warning: Current Frame Count : 37, BlendAlpha : 0.28
[2016.01.06-11.31.31:889][612]LogAnimation:Warning: DeltaTime : 0.05, Current Frame Count : 37, Frames To Record : 39, TimePassed : 1.31
[2016.01.06-11.31.31:889][612]LogAnimation:Warning: Current Frame Count : 38, BlendAlpha : 0.13
[2016.01.06-11.31.31:889][612]LogAnimation:Warning: Current Frame Count : 39, BlendAlpha : 0.79
[2016.01.06-11.31.31:955][613]LogAnimation:Warning: DeltaTime : 0.03, Current Frame Count : 39, Frames To Record : 40, TimePassed : 1.34
[2016.01.06-11.31.31:955][613]LogAnimation:Warning: Current Frame Count : 40, BlendAlpha : 0.88
[2016.01.06-11.31.31:999][614]LogAnimation:Warning: DeltaTime : 0.05, Current Frame Count : 40, Frames To Record : 41, TimePassed : 1.39
[2016.01.06-11.31.31:999][614]LogAnimation:Warning: Current Frame Count : 41, BlendAlpha : 0.62
[2016.01.06-11.31.32:043][615]LogAnimation:Warning: DeltaTime : 0.04, Current Frame Count : 41, Frames To Record : 42, TimePassed : 1.43
[2016.01.06-11.31.32:043][615]LogAnimation:Warning: Current Frame Count : 42, BlendAlpha : 0.33
[2016.01.06-11.31.32:054][616]LogAnimation:Warning: DeltaTime : 0.04, Current Frame Count : 42, Frames To Record : 44, TimePassed : 1.47
[2016.01.06-11.31.32:054][616]LogAnimation:Warning: Current Frame Count : 43, BlendAlpha : 0.08
[2016.01.06-11.31.32:054][616]LogAnimation:Warning: Current Frame Count : 44, BlendAlpha : 0.84
[2016.01.06-11.31.32:081][617]LogAnimation:Warning: DeltaTime : 0.03, Current Frame Count : 44, Frames To Record : 45, TimePassed : 1.50
[2016.01.06-11.31.32:081][617]LogAnimation:Warning: Current Frame Count : 45, BlendAlpha : 0.97
[2016.01.06-11.31.32:117][618]LogAnimation:Warning: DeltaTime : 0.04, Current Frame Count : 45, Frames To Record : 46, TimePassed : 1.54
[2016.01.06-11.31.32:117][618]LogAnimation:Warning: Current Frame Count : 46, BlendAlpha : 0.90
[2016.01.06-11.31.32:152][619]LogAnimation:Warning: DeltaTime : 0.04, Current Frame Count : 46, Frames To Record : 47, TimePassed : 1.57
[2016.01.06-11.31.32:152][619]LogAnimation:Warning: Current Frame Count : 47, BlendAlpha : 0.84
[2016.01.06-11.31.32:191][620]LogAnimation:Warning: DeltaTime : 0.04, Current Frame Count : 47, Frames To Record : 48, TimePassed : 1.61
[2016.01.06-11.31.32:191][620]LogAnimation:Warning: Current Frame Count : 48, BlendAlpha : 0.72
[2016.01.06-11.31.32:229][621]LogAnimation:Warning: DeltaTime : 0.04, Current Frame Count : 48, Frames To Record : 49, TimePassed : 1.65
[2016.01.06-11.31.32:229][621]LogAnimation:Warning: Current Frame Count : 49, BlendAlpha : 0.59
[2016.01.06-11.31.32:264][622]LogAnimation:Warning: DeltaTime : 0.04, Current Frame Count : 49, Frames To Record : 50, TimePassed : 1.68
[2016.01.06-11.31.32:264][622]LogAnimation:Warning: Current Frame Count : 50, BlendAlpha : 0.50
[2016.01.06-11.31.32:300][623]LogAnimation:Warning: DeltaTime : 0.04, Current Frame Count : 50, Frames To Record : 51, TimePassed : 1.72
[2016.01.06-11.31.32:300][623]LogAnimation:Warning: Current Frame Count : 51, BlendAlpha : 0.43
[2016.01.06-11.31.32:336][624]LogAnimation:Warning: DeltaTime : 0.04, Current Frame Count : 51, Frames To Record : 52, TimePassed : 1.76
[2016.01.06-11.31.32:336][624]LogAnimation:Warning: Current Frame Count : 52, BlendAlpha : 0.36
[2016.01.06-11.31.32:374][625]LogAnimation:Warning: DeltaTime : 0.04, Current Frame Count : 52, Frames To Record : 53, TimePassed : 1.79
[2016.01.06-11.31.32:374][625]LogAnimation:Warning: Current Frame Count : 53, BlendAlpha : 0.27
[2016.01.06-11.31.32:447][626]LogAnimation:Warning: DeltaTime : 0.04, Current Frame Count : 53, Frames To Record : 54, TimePassed : 1.83
[2016.01.06-11.31.32:447][626]LogAnimation:Warning: Current Frame Count : 54, BlendAlpha : 0.17
[2016.01.06-11.31.32:488][627]LogAnimation:Warning: DeltaTime : 0.05, Current Frame Count : 54, Frames To Record : 56, TimePassed : 1.88
[2016.01.06-11.31.32:488][627]LogAnimation:Warning: Current Frame Count : 55, BlendAlpha : 0.08
[2016.01.06-11.31.32:488][627]LogAnimation:Warning: Current Frame Count : 56, BlendAlpha : 0.75
[2016.01.06-11.31.32:498][628]LogAnimation:Warning: DeltaTime : 0.04, Current Frame Count : 56, Frames To Record : 57, TimePassed : 1.92
[2016.01.06-11.31.32:498][628]LogAnimation:Warning: Current Frame Count : 57, BlendAlpha : 0.53
[2016.01.06-11.31.32:565][629]LogAnimation:Warning: DeltaTime : 0.03, Current Frame Count : 57, Frames To Record : 58, TimePassed : 1.95
[2016.01.06-11.31.32:565][629]LogAnimation:Warning: Current Frame Count : 58, BlendAlpha : 0.53
[2016.01.06-11.31.32:576][630]LogAnimation:Warning: DeltaTime : 0.05, Current Frame Count : 58, Frames To Record : 59, TimePassed : 2.00
[2016.01.06-11.31.32:576][630]LogAnimation:Warning: Current Frame Count : 59, BlendAlpha : 0.40
[2016.01.06-11.31.32:645][631]LogAnimation:Warning: DeltaTime : 0.03, Current Frame Count : 59, Frames To Record : 60, TimePassed : 2.03
[2016.01.06-11.31.32:645][631]LogAnimation:Warning: Current Frame Count : 60, BlendAlpha : 0.10
[2016.01.06-11.31.32:684][632]LogAnimation:Warning: DeltaTime : 0.05, Current Frame Count : 60, Frames To Record : 62, TimePassed : 2.08
[2016.01.06-11.31.32:684][632]LogAnimation:Warning: Current Frame Count : 61, BlendAlpha : 0.12
[2016.01.06-11.31.32:684][632]LogAnimation:Warning: Current Frame Count : 62, BlendAlpha : 0.78
[2016.01.06-11.31.32:731][633]LogAnimation:Warning: DeltaTime : 0.04, Current Frame Count : 62, Frames To Record : 63, TimePassed : 2.12
[2016.01.06-11.31.32:731][633]LogAnimation:Warning: Current Frame Count : 63, BlendAlpha : 0.57
[2016.01.06-11.31.32:771][634]LogAnimation:Warning: DeltaTime : 0.05, Current Frame Count : 63, Frames To Record : 64, TimePassed : 2.16
[2016.01.06-11.31.32:771][634]LogAnimation:Warning: Current Frame Count : 64, BlendAlpha : 0.36
[2016.01.06-11.31.32:782][635]LogAnimation:Warning: DeltaTime : 0.04, Current Frame Count : 64, Frames To Record : 66, TimePassed : 2.20
[2016.01.06-11.31.32:782][635]LogAnimation:Warning: Current Frame Count : 65, BlendAlpha : 0.09
[2016.01.06-11.31.32:782][635]LogAnimation:Warning: Current Frame Count : 66, BlendAlpha : 0.94
[2016.01.06-11.31.32:892][637]LogAnimation:Warning: DeltaTime : 0.05, Current Frame Count : 66, Frames To Record : 68, TimePassed : 2.28
[2016.01.06-11.31.32:892][637]LogAnimation:Warning: Current Frame Count : 67, BlendAlpha : 0.07
[2016.01.06-11.31.32:892][637]LogAnimation:Warning: Current Frame Count : 68, BlendAlpha : 0.74
[2016.01.06-11.31.32:932][638]LogAnimation:Warning: DeltaTime : 0.04, Current Frame Count : 68, Frames To Record : 69, TimePassed : 2.32
[2016.01.06-11.31.32:932][638]LogAnimation:Warning: Current Frame Count : 69, BlendAlpha : 0.46
[2016.01.06-11.31.32:974][639]LogAnimation:Warning: DeltaTime : 0.04, Current Frame Count : 69, Frames To Record : 70, TimePassed : 2.37
[2016.01.06-11.31.32:974][639]LogAnimation:Warning: Current Frame Count : 70, BlendAlpha : 0.23
[2016.01.06-11.31.33:017][640]LogAnimation:Warning: DeltaTime : 0.04, Current Frame Count : 70, Frames To Record : 72, TimePassed : 2.40
[2016.01.06-11.31.33:017][640]LogAnimation:Warning: Current Frame Count : 71, BlendAlpha : 0.04
[2016.01.06-11.31.33:017][640]LogAnimation:Warning: Current Frame Count : 72, BlendAlpha : 0.88
[2016.01.06-11.31.33:058][641]LogAnimation:Warning: DeltaTime : 0.04, Current Frame Count : 72, Frames To Record : 73, TimePassed : 2.45
[2016.01.06-11.31.33:058][641]LogAnimation:Warning: Current Frame Count : 73, BlendAlpha : 0.65
[2016.01.06-11.31.33:098][642]LogAnimation:Warning: DeltaTime : 0.04, Current Frame Count : 73, Frames To Record : 74, TimePassed : 2.49
[2016.01.06-11.31.33:098][642]LogAnimation:Warning: Current Frame Count : 74, BlendAlpha : 0.45
[2016.01.06-11.31.33:139][643]LogAnimation:Warning: DeltaTime : 0.04, Current Frame Count : 74, Frames To Record : 75, TimePassed : 2.53
[2016.01.06-11.31.33:139][643]LogAnimation:Warning: Current Frame Count : 75, BlendAlpha : 0.28
[2016.01.06-11.31.33:182][644]LogAnimation:Warning: DeltaTime : 0.04, Current Frame Count : 75, Frames To Record : 77, TimePassed : 2.57
[2016.01.06-11.31.33:182][644]LogAnimation:Warning: Current Frame Count : 76, BlendAlpha : 0.09
[2016.01.06-11.31.33:182][644]LogAnimation:Warning: Current Frame Count : 77, BlendAlpha : 0.92
[2016.01.06-11.31.33:224][645]LogAnimation:Warning: DeltaTime : 0.04, Current Frame Count : 77, Frames To Record : 78, TimePassed : 2.61
[2016.01.06-11.31.33:224][645]LogAnimation:Warning: Current Frame Count : 78, BlendAlpha : 0.68
[2016.01.06-11.31.33:264][646]LogAnimation:Warning: DeltaTime : 0.04, Current Frame Count : 78, Frames To Record : 79, TimePassed : 2.66
[2016.01.06-11.31.33:264][646]LogAnimation:Warning: Current Frame Count : 79, BlendAlpha : 0.47
[2016.01.06-11.31.33:303][647]LogAnimation:Warning: DeltaTime : 0.04, Current Frame Count : 79, Frames To Record : 80, TimePassed : 2.70
[2016.01.06-11.31.33:303][647]LogAnimation:Warning: Current Frame Count : 80, BlendAlpha : 0.27
[2016.01.06-11.31.33:347][648]LogAnimation:Warning: DeltaTime : 0.04, Current Frame Count : 80, Frames To Record : 82, TimePassed : 2.73
[2016.01.06-11.31.33:347][648]LogAnimation:Warning: Current Frame Count : 81, BlendAlpha : 0.07
[2016.01.06-11.31.33:347][648]LogAnimation:Warning: Current Frame Count : 82, BlendAlpha : 0.97
[2016.01.06-11.31.33:389][649]LogAnimation:Warning: DeltaTime : 0.05, Current Frame Count : 82, Frames To Record : 83, TimePassed : 2.78
[2016.01.06-11.31.33:389][649]LogAnimation:Warning: Current Frame Count : 83, BlendAlpha : 0.72
[2016.01.06-11.31.33:429][650]LogAnimation:Warning: DeltaTime : 0.04, Current Frame Count : 83, Frames To Record : 84, TimePassed : 2.82
[2016.01.06-11.31.33:430][650]LogAnimation:Warning: Current Frame Count : 84, BlendAlpha : 0.52
[2016.01.06-11.31.33:470][651]LogAnimation:Warning: DeltaTime : 0.04, Current Frame Count : 84, Frames To Record : 85, TimePassed : 2.86
[2016.01.06-11.31.33:470][651]LogAnimation:Warning: Current Frame Count : 85, BlendAlpha : 0.33
[2016.01.06-11.31.33:516][652]LogAnimation:Warning: DeltaTime : 0.04, Current Frame Count : 85, Frames To Record : 87, TimePassed : 2.90
[2016.01.06-11.31.33:516][652]LogAnimation:Warning: Current Frame Count : 86, BlendAlpha : 0.13
[2016.01.06-11.31.33:516][652]LogAnimation:Warning: Current Frame Count : 87, BlendAlpha : 0.92
[2016.01.06-11.31.33:527][653]LogAnimation:Warning: DeltaTime : 0.04, Current Frame Count : 87, Frames To Record : 88, TimePassed : 2.95
[2016.01.06-11.31.33:527][653]LogAnimation:Warning: Current Frame Count : 88, BlendAlpha : 0.68
[2016.01.06-11.31.33:554][654]LogAnimation:Warning: DeltaTime : 0.03, Current Frame Count : 88, Frames To Record : 89, TimePassed : 2.97
[2016.01.06-11.31.33:554][654]LogAnimation:Warning: Current Frame Count : 89, BlendAlpha : 0.74
[2016.01.06-11.31.33:592][655]LogAnimation:Warning: DeltaTime : 0.04, Current Frame Count : 89, Frames To Record : 90, TimePassed : 3.01
[2016.01.06-11.31.33:592][655]LogAnimation:Warning: Current Frame Count : 90, BlendAlpha : 0.71
[2016.01.06-11.31.33:628][656]LogAnimation:Warning: DeltaTime : 0.04, Current Frame Count : 90, Frames To Record : 91, TimePassed : 3.05
[2016.01.06-11.31.33:628][656]LogAnimation:Warning: Current Frame Count : 91, BlendAlpha : 0.61
[2016.01.06-11.31.33:665][657]LogAnimation:Warning: DeltaTime : 0.04, Current Frame Count : 91, Frames To Record : 92, TimePassed : 3.09
[2016.01.06-11.31.33:665][657]LogAnimation:Warning: Current Frame Count : 92, BlendAlpha : 0.51
[2016.01.06-11.31.33:701][658]LogAnimation:Warning: DeltaTime : 0.04, Current Frame Count : 92, Frames To Record : 93, TimePassed : 3.12
[2016.01.06-11.31.33:701][658]LogAnimation:Warning: Current Frame Count : 93, BlendAlpha : 0.42
[2016.01.06-11.31.33:739][659]LogAnimation:Warning: DeltaTime : 0.04, Current Frame Count : 93, Frames To Record : 94, TimePassed : 3.16
[2016.01.06-11.31.33:739][659]LogAnimation:Warning: Current Frame Count : 94, BlendAlpha : 0.33
[2016.01.06-11.31.33:775][660]LogAnimation:Warning: DeltaTime : 0.04, Current Frame Count : 94, Frames To Record : 95, TimePassed : 3.19
[2016.01.06-11.31.33:775][660]LogAnimation:Warning: Current Frame Count : 95, BlendAlpha : 0.23
[2016.01.06-11.31.33:813][661]LogAnimation:Warning: DeltaTime : 0.04, Current Frame Count : 95, Frames To Record : 96, TimePassed : 3.23
[2016.01.06-11.31.33:813][661]LogAnimation:Warning: Current Frame Count : 96, BlendAlpha : 0.14
[2016.01.06-11.31.33:847][662]LogAnimation:Warning: DeltaTime : 0.04, Current Frame Count : 96, Frames To Record : 98, TimePassed : 3.27
[2016.01.06-11.31.33:847][662]LogAnimation:Warning: Current Frame Count : 97, BlendAlpha : 0.04
[2016.01.06-11.31.33:847][662]LogAnimation:Warning: Current Frame Count : 98, BlendAlpha : 0.99
[2016.01.06-11.31.33:885][663]LogAnimation:Warning: DeltaTime : 0.04, Current Frame Count : 98, Frames To Record : 99, TimePassed : 3.30
[2016.01.06-11.31.33:885][663]LogAnimation:Warning: Current Frame Count : 99, BlendAlpha : 0.91
[2016.01.06-11.31.33:919][664]LogAnimation:Warning: DeltaTime : 0.04, Current Frame Count : 99, Frames To Record : 100, TimePassed : 3.34
[2016.01.06-11.31.33:920][664]LogAnimation:Warning: Current Frame Count : 100, BlendAlpha : 0.84
[2016.01.06-11.31.33:957][665]LogAnimation:Warning: DeltaTime : 0.04, Current Frame Count : 100, Frames To Record : 101, TimePassed : 3.38
[2016.01.06-11.31.33:957][665]LogAnimation:Warning: Current Frame Count : 101, BlendAlpha : 0.73
[2016.01.06-11.31.33:994][666]LogAnimation:Warning: DeltaTime : 0.04, Current Frame Count : 101, Frames To Record : 102, TimePassed : 3.41
[2016.01.06-11.31.33:994][666]LogAnimation:Warning: Current Frame Count : 102, BlendAlpha : 0.62
[2016.01.06-11.31.34:030][667]LogAnimation:Warning: DeltaTime : 0.04, Current Frame Count : 102, Frames To Record : 103, TimePassed : 3.45
[2016.01.06-11.31.34:030][667]LogAnimation:Warning: Current Frame Count : 103, BlendAlpha : 0.53
[2016.01.06-11.31.34:066][668]LogAnimation:Warning: DeltaTime : 0.04, Current Frame Count : 103, Frames To Record : 104, TimePassed : 3.49
[2016.01.06-11.31.34:066][668]LogAnimation:Warning: Current Frame Count : 104, BlendAlpha : 0.45
[2016.01.06-11.31.34:103][669]LogAnimation:Warning: DeltaTime : 0.04, Current Frame Count : 104, Frames To Record : 105, TimePassed : 3.52
[2016.01.06-11.31.34:103][669]LogAnimation:Warning: Current Frame Count : 105, BlendAlpha : 0.37
[2016.01.06-11.31.34:140][670]LogAnimation:Warning: DeltaTime : 0.04, Current Frame Count : 105, Frames To Record : 106, TimePassed : 3.56
[2016.01.06-11.31.34:140][670]LogAnimation:Warning: Current Frame Count : 106, BlendAlpha : 0.28
[2016.01.06-11.31.34:176][671]LogAnimation:Warning: DeltaTime : 0.04, Current Frame Count : 106, Frames To Record : 107, TimePassed : 3.60
[2016.01.06-11.31.34:176][671]LogAnimation:Warning: Current Frame Count : 107, BlendAlpha : 0.18
[2016.01.06-11.31.34:212][672]LogAnimation:Warning: DeltaTime : 0.04, Current Frame Count : 107, Frames To Record : 108, TimePassed : 3.63
[2016.01.06-11.31.34:212][672]LogAnimation:Warning: Current Frame Count : 108, BlendAlpha : 0.10
[2016.01.06-11.31.34:249][673]LogAnimation:Warning: DeltaTime : 0.04, Current Frame Count : 108, Frames To Record : 110, TimePassed : 3.67
[2016.01.06-11.31.34:249][673]LogAnimation:Warning: Current Frame Count : 109, BlendAlpha : 0.02
[2016.01.06-11.31.34:249][673]LogAnimation:Warning: Current Frame Count : 110, BlendAlpha : 0.93
[2016.01.06-11.31.34:285][674]LogAnimation:Warning: DeltaTime : 0.04, Current Frame Count : 110, Frames To Record : 111, TimePassed : 3.71
[2016.01.06-11.31.34:285][674]LogAnimation:Warning: Current Frame Count : 111, BlendAlpha : 0.85
[2016.01.06-11.31.34:322][675]LogAnimation:Warning: DeltaTime : 0.04, Current Frame Count : 111, Frames To Record : 112, TimePassed : 3.74
[2016.01.06-11.31.34:322][675]LogAnimation:Warning: Current Frame Count : 112, BlendAlpha : 0.75
[2016.01.06-11.31.34:359][676]LogAnimation:Warning: DeltaTime : 0.04, Current Frame Count : 112, Frames To Record : 113, TimePassed : 3.78
[2016.01.06-11.31.34:359][676]LogAnimation:Warning: Current Frame Count : 113, BlendAlpha : 0.66
[2016.01.06-11.31.34:394][677]LogAnimation:Warning: DeltaTime : 0.04, Current Frame Count : 113, Frames To Record : 114, TimePassed : 3.82
[2016.01.06-11.31.34:394][677]LogAnimation:Warning: Current Frame Count : 114, BlendAlpha : 0.58
[2016.01.06-11.31.34:431][678]LogAnimation:Warning: DeltaTime : 0.04, Current Frame Count : 114, Frames To Record : 115, TimePassed : 3.85
[2016.01.06-11.31.34:431][678]LogAnimation:Warning: Current Frame Count : 115, BlendAlpha : 0.51
[2016.01.06-11.31.34:467][679]LogAnimation:Warning: DeltaTime : 0.04, Current Frame Count : 115, Frames To Record : 116, TimePassed : 3.89
[2016.01.06-11.31.34:467][679]LogAnimation:Warning: Current Frame Count : 116, BlendAlpha : 0.42
[2016.01.06-11.31.34:503][680]LogAnimation:Warning: DeltaTime : 0.04, Current Frame Count : 116, Frames To Record : 117, TimePassed : 3.92
[2016.01.06-11.31.34:503][680]LogAnimation:Warning: Current Frame Count : 117, BlendAlpha : 0.34
[2016.01.06-11.31.34:540][681]LogAnimation:Warning: DeltaTime : 0.04, Current Frame Count : 117, Frames To Record : 118, TimePassed : 3.96
[2016.01.06-11.31.34:540][681]LogAnimation:Warning: Current Frame Count : 118, BlendAlpha : 0.26
[2016.01.06-11.31.34:578][682]LogAnimation:Warning: DeltaTime : 0.04, Current Frame Count : 118, Frames To Record : 119, TimePassed : 4.00
[2016.01.06-11.31.34:578][682]LogAnimation:Warning: Current Frame Count : 119, BlendAlpha : 0.15
[2016.01.06-11.31.34:614][683]LogAnimation:Warning: DeltaTime : 0.04, Current Frame Count : 119, Frames To Record : 121, TimePassed : 4.03
[2016.01.06-11.31.34:614][683]LogAnimation:Warning: Current Frame Count : 120, BlendAlpha : 0.04
[2016.01.06-11.31.34:614][683]LogAnimation:Warning: Current Frame Count : 121, BlendAlpha : 0.96
[2016.01.06-11.31.34:651][684]LogAnimation:Warning: DeltaTime : 0.04, Current Frame Count : 121, Frames To Record : 122, TimePassed : 4.07
[2016.01.06-11.31.34:651][684]LogAnimation:Warning: Current Frame Count : 122, BlendAlpha : 0.87
[2016.01.06-11.31.34:688][685]LogAnimation:Warning: DeltaTime : 0.04, Current Frame Count : 122, Frames To Record : 123, TimePassed : 4.11
[2016.01.06-11.31.34:688][685]LogAnimation:Warning: Current Frame Count : 123, BlendAlpha : 0.77
[2016.01.06-11.31.34:726][686]LogAnimation:Warning: DeltaTime : 0.04, Current Frame Count : 123, Frames To Record : 124, TimePassed : 4.15
[2016.01.06-11.31.34:726][686]LogAnimation:Warning: Current Frame Count : 124, BlendAlpha : 0.65
[2016.01.06-11.31.34:762][687]LogAnimation:Warning: DeltaTime : 0.04, Current Frame Count : 124, Frames To Record : 125, TimePassed : 4.18
[2016.01.06-11.31.34:762][687]LogAnimation:Warning: Current Frame Count : 125, BlendAlpha : 0.55
[2016.01.06-11.31.34:800][688]LogAnimation:Warning: DeltaTime : 0.04, Current Frame Count : 125, Frames To Record : 126, TimePassed : 4.22
[2016.01.06-11.31.34:800][688]LogAnimation:Warning: Current Frame Count : 126, BlendAlpha : 0.45
[2016.01.06-11.31.34:837][689]LogAnimation:Warning: DeltaTime : 0.04, Current Frame Count : 126, Frames To Record : 127, TimePassed : 4.26
[2016.01.06-11.31.34:837][689]LogAnimation:Warning: Current Frame Count : 127, BlendAlpha : 0.36
[2016.01.06-11.31.34:875][690]LogAnimation:Warning: DeltaTime : 0.04, Current Frame Count : 127, Frames To Record : 128, TimePassed : 4.30
[2016.01.06-11.31.34:876][690]LogAnimation:Warning: Current Frame Count : 128, BlendAlpha : 0.25
[2016.01.06-11.31.34:912][691]LogAnimation:Warning: DeltaTime : 0.04, Current Frame Count : 128, Frames To Record : 129, TimePassed : 4.33
[2016.01.06-11.31.34:912][691]LogAnimation:Warning: Current Frame Count : 129, BlendAlpha : 0.12
[2016.01.06-11.31.34:950][692]LogAnimation:Warning: DeltaTime : 0.04, Current Frame Count : 129, Frames To Record : 131, TimePassed : 4.37
[2016.01.06-11.31.34:950][692]LogAnimation:Warning: Current Frame Count : 130, BlendAlpha : 0.02
[2016.01.06-11.31.34:950][692]LogAnimation:Warning: Current Frame Count : 131, BlendAlpha : 0.91
[2016.01.06-11.31.34:986][693]LogAnimation:Warning: DeltaTime : 0.04, Current Frame Count : 131, Frames To Record : 132, TimePassed : 4.41
[2016.01.06-11.31.34:987][693]LogAnimation:Warning: Current Frame Count : 132, BlendAlpha : 0.82
[2016.01.06-11.31.35:024][694]LogAnimation:Warning: DeltaTime : 0.04, Current Frame Count : 132, Frames To Record : 133, TimePassed : 4.44
[2016.01.06-11.31.35:024][694]LogAnimation:Warning: Current Frame Count : 133, BlendAlpha : 0.71
[2016.01.06-11.31.35:062][695]LogAnimation:Warning: DeltaTime : 0.04, Current Frame Count : 133, Frames To Record : 134, TimePassed : 4.48
[2016.01.06-11.31.35:062][695]LogAnimation:Warning: Current Frame Count : 134, BlendAlpha : 0.60
[2016.01.06-11.31.35:098][696]LogAnimation:Warning: DeltaTime : 0.04, Current Frame Count : 134, Frames To Record : 135, TimePassed : 4.52
[2016.01.06-11.31.35:098][696]LogAnimation:Warning: Current Frame Count : 135, BlendAlpha : 0.50
[2016.01.06-11.31.35:135][697]LogAnimation:Warning: DeltaTime : 0.04, Current Frame Count : 135, Frames To Record : 136, TimePassed : 4.56
[2016.01.06-11.31.35:136][697]LogAnimation:Warning: Current Frame Count : 136, BlendAlpha : 0.40
[2016.01.06-11.31.35:174][698]LogAnimation:Warning: DeltaTime : 0.04, Current Frame Count : 136, Frames To Record : 137, TimePassed : 4.59
[2016.01.06-11.31.35:174][698]LogAnimation:Warning: Current Frame Count : 137, BlendAlpha : 0.29
[2016.01.06-11.31.35:211][699]LogAnimation:Warning: DeltaTime : 0.04, Current Frame Count : 137, Frames To Record : 138, TimePassed : 4.63
[2016.01.06-11.31.35:211][699]LogAnimation:Warning: Current Frame Count : 138, BlendAlpha : 0.16
[2016.01.06-11.31.35:248][700]LogAnimation:Warning: DeltaTime : 0.04, Current Frame Count : 138, Frames To Record : 140, TimePassed : 4.67
[2016.01.06-11.31.35:248][700]LogAnimation:Warning: Current Frame Count : 139, BlendAlpha : 0.06
[2016.01.06-11.31.35:248][700]LogAnimation:Warning: Current Frame Count : 140, BlendAlpha : 0.96
[2016.01.06-11.31.35:285][701]LogAnimation:Warning: DeltaTime : 0.04, Current Frame Count : 140, Frames To Record : 141, TimePassed : 4.71
[2016.01.06-11.31.35:285][701]LogAnimation:Warning: Current Frame Count : 141, BlendAlpha : 0.86
[2016.01.06-11.31.35:321][702]LogAnimation:Warning: DeltaTime : 0.04, Current Frame Count : 141, Frames To Record : 142, TimePassed : 4.74
[2016.01.06-11.31.35:321][702]LogAnimation:Warning: Current Frame Count : 142, BlendAlpha : 0.77
[2016.01.06-11.31.35:360][703]LogAnimation:Warning: DeltaTime : 0.04, Current Frame Count : 142, Frames To Record : 143, TimePassed : 4.78
[2016.01.06-11.31.35:360][703]LogAnimation:Warning: Current Frame Count : 143, BlendAlpha : 0.65
[2016.01.06-11.31.35:397][704]LogAnimation:Warning: DeltaTime : 0.04, Current Frame Count : 143, Frames To Record : 144, TimePassed : 4.82
[2016.01.06-11.31.35:397][704]LogAnimation:Warning: Current Frame Count : 144, BlendAlpha : 0.53
[2016.01.06-11.31.35:434][705]LogAnimation:Warning: DeltaTime : 0.04, Current Frame Count : 144, Frames To Record : 145, TimePassed : 4.85
[2016.01.06-11.31.35:434][705]LogAnimation:Warning: Current Frame Count : 145, BlendAlpha : 0.43
[2016.01.06-11.31.35:471][706]LogAnimation:Warning: DeltaTime : 0.04, Current Frame Count : 145, Frames To Record : 146, TimePassed : 4.89
[2016.01.06-11.31.35:471][706]LogAnimation:Warning: Current Frame Count : 146, BlendAlpha : 0.33
[2016.01.06-11.31.35:510][707]LogAnimation:Warning: DeltaTime : 0.04, Current Frame Count : 146, Frames To Record : 147, TimePassed : 4.93
[2016.01.06-11.31.35:510][707]LogAnimation:Warning: Current Frame Count : 147, BlendAlpha : 0.22
[2016.01.06-11.31.35:546][708]LogAnimation:Warning: DeltaTime : 0.04, Current Frame Count : 147, Frames To Record : 149, TimePassed : 4.97
[2016.01.06-11.31.35:546][708]LogAnimation:Warning: Current Frame Count : 148, BlendAlpha : 0.09
[2016.01.06-11.31.35:546][708]LogAnimation:Warning: Current Frame Count : 149, BlendAlpha : 0.99
[2016.01.06-11.31.35:583][709]LogAnimation:Warning: DeltaTime : 0.04, Current Frame Count : 149, Frames To Record : 150, TimePassed : 5.00
[2016.01.06-11.31.35:583][709]LogAnimation:Warning: Current Frame Count : 150, BlendAlpha : 0.89
[2016.01.06-11.31.35:621][710]LogAnimation:Warning: DeltaTime : 0.04, Current Frame Count : 150, Frames To Record : 151, TimePassed : 5.04
[2016.01.06-11.31.35:621][710]LogAnimation:Warning: Current Frame Count : 151, BlendAlpha : 0.79
[2016.01.06-11.31.35:658][711]LogAnimation:Warning: DeltaTime : 0.04, Current Frame Count : 151, Frames To Record : 152, TimePassed : 5.08
[2016.01.06-11.31.35:658][711]LogAnimation:Warning: Current Frame Count : 152, BlendAlpha : 0.68
[2016.01.06-11.31.35:696][712]LogAnimation:Warning: DeltaTime : 0.04, Current Frame Count : 152, Frames To Record : 153, TimePassed : 5.12
[2016.01.06-11.31.35:696][712]LogAnimation:Warning: Current Frame Count : 153, BlendAlpha : 0.57
[2016.01.06-11.31.35:735][713]LogAnimation:Warning: DeltaTime : 0.04, Current Frame Count : 153, Frames To Record : 154, TimePassed : 5.16
[2016.01.06-11.31.35:735][713]LogAnimation:Warning: Current Frame Count : 154, BlendAlpha : 0.43
[2016.01.06-11.31.35:775][714]LogAnimation:Warning: DeltaTime : 0.04, Current Frame Count : 154, Frames To Record : 155, TimePassed : 5.20
[2016.01.06-11.31.35:775][714]LogAnimation:Warning: Current Frame Count : 155, BlendAlpha : 0.27
[2016.01.06-11.31.35:812][715]LogAnimation:Warning: DeltaTime : 0.04, Current Frame Count : 155, Frames To Record : 156, TimePassed : 5.23
[2016.01.06-11.31.35:812][715]LogAnimation:Warning: Current Frame Count : 156, BlendAlpha : 0.13
[2016.01.06-11.31.35:850][716]LogAnimation:Warning: DeltaTime : 0.04, Current Frame Count : 156, Frames To Record : 158, TimePassed : 5.27
[2016.01.06-11.31.35:850][716]LogAnimation:Warning: Current Frame Count : 157, BlendAlpha : 0.02
[2016.01.06-11.31.35:850][716]LogAnimation:Warning: Current Frame Count : 158, BlendAlpha : 0.89
[2016.01.06-11.31.35:887][717]LogAnimation:Warning: DeltaTime : 0.04, Current Frame Count : 158, Frames To Record : 159, TimePassed : 5.31
[2016.01.06-11.31.35:887][717]LogAnimation:Warning: Current Frame Count : 159, BlendAlpha : 0.79
[2016.01.06-11.31.35:924][718]LogAnimation:Warning: DeltaTime : 0.04, Current Frame Count : 159, Frames To Record : 160, TimePassed : 5.34
[2016.01.06-11.31.35:924][718]LogAnimation:Warning: Current Frame Count : 160, BlendAlpha : 0.69
[2016.01.06-11.31.35:962][719]LogAnimation:Warning: DeltaTime : 0.04, Current Frame Count : 160, Frames To Record : 161, TimePassed : 5.38
[2016.01.06-11.31.35:962][719]LogAnimation:Warning: Current Frame Count : 161, BlendAlpha : 0.58
[2016.01.06-11.31.35:999][720]LogAnimation:Warning: DeltaTime : 0.04, Current Frame Count : 161, Frames To Record : 162, TimePassed : 5.42
[2016.01.06-11.31.35:999][720]LogAnimation:Warning: Current Frame Count : 162, BlendAlpha : 0.47
[2016.01.06-11.31.36:036][721]LogAnimation:Warning: DeltaTime : 0.04, Current Frame Count : 162, Frames To Record : 163, TimePassed : 5.46
[2016.01.06-11.31.36:036][721]LogAnimation:Warning: Current Frame Count : 163, BlendAlpha : 0.37
[2016.01.06-11.31.36:074][722]LogAnimation:Warning: DeltaTime : 0.04, Current Frame Count : 163, Frames To Record : 164, TimePassed : 5.50
[2016.01.06-11.31.36:074][722]LogAnimation:Warning: Current Frame Count : 164, BlendAlpha : 0.26
[2016.01.06-11.31.36:112][723]LogAnimation:Warning: DeltaTime : 0.04, Current Frame Count : 164, Frames To Record : 165, TimePassed : 5.53
[2016.01.06-11.31.36:112][723]LogAnimation:Warning: Current Frame Count : 165, BlendAlpha : 0.13
[2016.01.06-11.31.36:149][724]LogAnimation:Warning: DeltaTime : 0.04, Current Frame Count : 165, Frames To Record : 167, TimePassed : 5.57
[2016.01.06-11.31.36:149][724]LogAnimation:Warning: Current Frame Count : 166, BlendAlpha : 0.01
[2016.01.06-11.31.36:149][724]LogAnimation:Warning: Current Frame Count : 167, BlendAlpha : 0.92
[2016.01.06-11.31.36:187][725]LogAnimation:Warning: DeltaTime : 0.04, Current Frame Count : 167, Frames To Record : 168, TimePassed : 5.61
[2016.01.06-11.31.36:187][725]LogAnimation:Warning: Current Frame Count : 168, BlendAlpha : 0.82
[2016.01.06-11.31.36:225][726]LogAnimation:Warning: DeltaTime : 0.04, Current Frame Count : 168, Frames To Record : 169, TimePassed : 5.64
[2016.01.06-11.31.36:225][726]LogAnimation:Warning: Current Frame Count : 169, BlendAlpha : 0.70
[2016.01.06-11.31.36:262][727]LogAnimation:Warning: DeltaTime : 0.04, Current Frame Count : 169, Frames To Record : 170, TimePassed : 5.68
[2016.01.06-11.31.36:262][727]LogAnimation:Warning: Current Frame Count : 170, BlendAlpha : 0.60
[2016.01.06-11.31.36:337][728]LogAnimation:Warning: DeltaTime : 0.04, Current Frame Count : 170, Frames To Record : 171, TimePassed : 5.72
[2016.01.06-11.31.36:337][728]LogAnimation:Warning: Current Frame Count : 171, BlendAlpha : 0.51
[2016.01.06-11.31.36:379][729]LogAnimation:Warning: DeltaTime : 0.05, Current Frame Count : 171, Frames To Record : 173, TimePassed : 5.77
[2016.01.06-11.31.36:379][729]LogAnimation:Warning: Current Frame Count : 172, BlendAlpha : 0.31
[2016.01.06-11.31.36:379][729]LogAnimation:Warning: Current Frame Count : 173, BlendAlpha : 0.98
[2016.01.06-11.31.36:425][730]LogAnimation:Warning: DeltaTime : 0.04, Current Frame Count : 173, Frames To Record : 174, TimePassed : 5.81
[2016.01.06-11.31.36:425][730]LogAnimation:Warning: Current Frame Count : 174, BlendAlpha : 0.76
[2016.01.06-11.31.36:465][731]LogAnimation:Warning: DeltaTime : 0.04, Current Frame Count : 174, Frames To Record : 175, TimePassed : 5.85
[2016.01.06-11.31.36:465][731]LogAnimation:Warning: Current Frame Count : 175, BlendAlpha : 0.52
[2016.01.06-11.31.36:507][732]LogAnimation:Warning: DeltaTime : 0.04, Current Frame Count : 175, Frames To Record : 176, TimePassed : 5.90
[2016.01.06-11.31.36:507][732]LogAnimation:Warning: Current Frame Count : 176, BlendAlpha : 0.28
[2016.01.06-11.31.36:549][733]LogAnimation:Warning: DeltaTime : 0.04, Current Frame Count : 176, Frames To Record : 178, TimePassed : 5.94
[2016.01.06-11.31.36:549][733]LogAnimation:Warning: Current Frame Count : 177, BlendAlpha : 0.08
[2016.01.06-11.31.36:549][733]LogAnimation:Warning: Current Frame Count : 178, BlendAlpha : 0.87
[2016.01.06-11.31.36:595][734]LogAnimation:Warning: DeltaTime : 0.04, Current Frame Count : 178, Frames To Record : 179, TimePassed : 5.98
[2016.01.06-11.31.36:595][734]LogAnimation:Warning: Current Frame Count : 179, BlendAlpha : 0.67
[2016.01.06-11.31.36:635][735]LogAnimation:Warning: DeltaTime : 0.04, Current Frame Count : 179, Frames To Record : 180, TimePassed : 6.03
[2016.01.06-11.31.36:635][735]LogAnimation:Warning: Current Frame Count : 180, BlendAlpha : 0.44
[2016.01.06-11.31.36:676][736]LogAnimation:Warning: DeltaTime : 0.04, Current Frame Count : 180, Frames To Record : 182, TimePassed : 6.07
[2016.01.06-11.31.36:676][736]LogAnimation:Warning: Current Frame Count : 181, BlendAlpha : 0.19
[2016.01.06-11.31.36:676][736]LogAnimation:Warning: Current Frame Count : 182, BlendAlpha : 1.00
[2016.01.06-11.31.36:717][737]LogAnimation:Warning: DeltaTime : 0.04, Current Frame Count : 182, Frames To Record : 183, TimePassed : 6.11
[2016.01.06-11.31.36:717][737]LogAnimation:Warning: Current Frame Count : 183, BlendAlpha : 0.84
[2016.01.06-11.31.36:761][738]LogAnimation:Warning: DeltaTime : 0.04, Current Frame Count : 183, Frames To Record : 184, TimePassed : 6.15
[2016.01.06-11.31.36:761][738]LogAnimation:Warning: Current Frame Count : 184, BlendAlpha : 0.64
[2016.01.06-11.31.36:800][739]LogAnimation:Warning: DeltaTime : 0.04, Current Frame Count : 184, Frames To Record : 185, TimePassed : 6.19
[2016.01.06-11.31.36:800][739]LogAnimation:Warning: Current Frame Count : 185, BlendAlpha : 0.42
[2016.01.06-11.31.36:843][740]LogAnimation:Warning: DeltaTime : 0.04, Current Frame Count : 185, Frames To Record : 186, TimePassed : 6.23
[2016.01.06-11.31.36:843][740]LogAnimation:Warning: Current Frame Count : 186, BlendAlpha : 0.20
[2016.01.06-11.31.36:886][741]LogAnimation:Warning: DeltaTime : 0.04, Current Frame Count : 186, Frames To Record : 188, TimePassed : 6.27
[2016.01.06-11.31.36:886][741]LogAnimation:Warning: Current Frame Count : 187, BlendAlpha : 0.04
[2016.01.06-11.31.36:886][741]LogAnimation:Warning: Current Frame Count : 188, BlendAlpha : 0.84
[2016.01.06-11.31.36:931][742]LogAnimation:Warning: DeltaTime : 0.04, Current Frame Count : 188, Frames To Record : 189, TimePassed : 6.32
[2016.01.06-11.31.36:931][742]LogAnimation:Warning: Current Frame Count : 189, BlendAlpha : 0.61
[2016.01.06-11.31.36:942][743]LogAnimation:Warning: DeltaTime : 0.05, Current Frame Count : 189, Frames To Record : 190, TimePassed : 6.36
[2016.01.06-11.31.36:942][743]LogAnimation:Warning: Current Frame Count : 190, BlendAlpha : 0.35
[2016.01.06-11.31.36:970][744]LogAnimation:Warning: DeltaTime : 0.03, Current Frame Count : 190, Frames To Record : 191, TimePassed : 6.39
[2016.01.06-11.31.36:970][744]LogAnimation:Warning: Current Frame Count : 191, BlendAlpha : 0.14
[2016.01.06-11.31.37:007][745]LogAnimation:Warning: DeltaTime : 0.04, Current Frame Count : 191, Frames To Record : 192, TimePassed : 6.43
[2016.01.06-11.31.37:007][745]LogAnimation:Warning: Current Frame Count : 192, BlendAlpha : 0.26
[2016.01.06-11.31.37:046][746]LogAnimation:Warning: DeltaTime : 0.04, Current Frame Count : 192, Frames To Record : 193, TimePassed : 6.47
[2016.01.06-11.31.37:046][746]LogAnimation:Warning: Current Frame Count : 193, BlendAlpha : 0.15
[2016.01.06-11.31.37:122][747]LogAnimation:Warning: DeltaTime : 0.04, Current Frame Count : 193, Frames To Record : 195, TimePassed : 6.50
[2016.01.06-11.31.37:122][747]LogAnimation:Warning: Current Frame Count : 194, BlendAlpha : 0.01
[2016.01.06-11.31.37:122][747]LogAnimation:Warning: Current Frame Count : 195, BlendAlpha : 0.92
[2016.01.06-11.31.37:168][748]LogAnimation:Warning: DeltaTime : 0.05, Current Frame Count : 195, Frames To Record : 196, TimePassed : 6.55
[2016.01.06-11.31.37:168][748]LogAnimation:Warning: Current Frame Count : 196, BlendAlpha : 0.59
[2016.01.06-11.31.37:210][749]LogAnimation:Warning: DeltaTime : 0.05, Current Frame Count : 196, Frames To Record : 197, TimePassed : 6.60
[2016.01.06-11.31.37:210][749]LogAnimation:Warning: Current Frame Count : 197, BlendAlpha : 0.27
[2016.01.06-11.31.37:221][750]LogAnimation:Warning: DeltaTime : 0.04, Current Frame Count : 197, Frames To Record : 199, TimePassed : 6.64
[2016.01.06-11.31.37:221][750]LogAnimation:Warning: Current Frame Count : 198, BlendAlpha : 0.01
[2016.01.06-11.31.37:221][750]LogAnimation:Warning: Current Frame Count : 199, BlendAlpha : 0.81
[2016.01.06-11.31.37:248][751]LogAnimation:Warning: DeltaTime : 0.03, Current Frame Count : 199, Frames To Record : 200, TimePassed : 6.67
[2016.01.06-11.31.37:248][751]LogAnimation:Warning: Current Frame Count : 200, BlendAlpha : 0.94
[2016.01.06-11.31.37:285][752]LogAnimation:Warning: DeltaTime : 0.04, Current Frame Count : 200, Frames To Record : 201, TimePassed : 6.70
[2016.01.06-11.31.37:285][752]LogAnimation:Warning: Current Frame Count : 201, BlendAlpha : 0.87
[2016.01.06-11.31.37:321][753]LogAnimation:Warning: DeltaTime : 0.04, Current Frame Count : 201, Frames To Record : 202, TimePassed : 6.74
[2016.01.06-11.31.37:321][753]LogAnimation:Warning: Current Frame Count : 202, BlendAlpha : 0.79
[2016.01.06-11.31.37:359][754]LogAnimation:Warning: DeltaTime : 0.04, Current Frame Count : 202, Frames To Record : 203, TimePassed : 6.78
[2016.01.06-11.31.37:359][754]LogAnimation:Warning: Current Frame Count : 203, BlendAlpha : 0.66
[2016.01.06-11.31.37:397][755]LogAnimation:Warning: DeltaTime : 0.04, Current Frame Count : 203, Frames To Record : 204, TimePassed : 6.82
[2016.01.06-11.31.37:397][755]LogAnimation:Warning: Current Frame Count : 204, BlendAlpha : 0.54
[2016.01.06-11.31.37:433][756]LogAnimation:Warning: DeltaTime : 0.04, Current Frame Count : 204, Frames To Record : 205, TimePassed : 6.85
[2016.01.06-11.31.37:434][756]LogAnimation:Warning: Current Frame Count : 205, BlendAlpha : 0.44
[2016.01.06-11.31.37:470][757]LogAnimation:Warning: DeltaTime : 0.04, Current Frame Count : 205, Frames To Record : 206, TimePassed : 6.89
[2016.01.06-11.31.37:470][757]LogAnimation:Warning: Current Frame Count : 206, BlendAlpha : 0.36
[2016.01.06-11.31.37:507][758]LogAnimation:Warning: DeltaTime : 0.04, Current Frame Count : 206, Frames To Record : 207, TimePassed : 6.93
[2016.01.06-11.31.37:507][758]LogAnimation:Warning: Current Frame Count : 207, BlendAlpha : 0.27
[2016.01.06-11.31.37:544][759]LogAnimation:Warning: DeltaTime : 0.04, Current Frame Count : 207, Frames To Record : 208, TimePassed : 6.96
[2016.01.06-11.31.37:544][759]LogAnimation:Warning: Current Frame Count : 208, BlendAlpha : 0.16
[2016.01.06-11.31.37:581][760]LogAnimation:Warning: DeltaTime : 0.04, Current Frame Count : 208, Frames To Record : 210, TimePassed : 7.00
[2016.01.06-11.31.37:581][760]LogAnimation:Warning: Current Frame Count : 209, BlendAlpha : 0.06
[2016.01.06-11.31.37:581][760]LogAnimation:Warning: Current Frame Count : 210, BlendAlpha : 0.97
[2016.01.06-11.31.37:618][761]LogAnimation:Warning: DeltaTime : 0.04, Current Frame Count : 210, Frames To Record : 211, TimePassed : 7.04
[2016.01.06-11.31.37:618][761]LogAnimation:Warning: Current Frame Count : 211, BlendAlpha : 0.88
[2016.01.06-11.31.37:654][762]LogAnimation:Warning: DeltaTime : 0.04, Current Frame Count : 211, Frames To Record : 212, TimePassed : 7.07
[2016.01.06-11.31.37:654][762]LogAnimation:Warning: Current Frame Count : 212, BlendAlpha : 0.80
[2016.01.06-11.31.37:692][763]LogAnimation:Warning: DeltaTime : 0.04, Current Frame Count : 212, Frames To Record : 213, TimePassed : 7.11
[2016.01.06-11.31.37:692][763]LogAnimation:Warning: Current Frame Count : 213, BlendAlpha : 0.69
[2016.01.06-11.31.37:729][764]LogAnimation:Warning: DeltaTime : 0.04, Current Frame Count : 213, Frames To Record : 214, TimePassed : 7.15
[2016.01.06-11.31.37:729][764]LogAnimation:Warning: Current Frame Count : 214, BlendAlpha : 0.59
[2016.01.06-11.31.37:765][765]LogAnimation:Warning: DeltaTime : 0.04, Current Frame Count : 214, Frames To Record : 215, TimePassed : 7.19
[2016.01.06-11.31.37:765][765]LogAnimation:Warning: Current Frame Count : 215, BlendAlpha : 0.49
[2016.01.06-11.31.37:802][766]LogAnimation:Warning: DeltaTime : 0.04, Current Frame Count : 215, Frames To Record : 216, TimePassed : 7.22
[2016.01.06-11.31.37:802][766]LogAnimation:Warning: Current Frame Count : 216, BlendAlpha : 0.40
[2016.01.06-11.31.37:838][767]LogAnimation:Warning: DeltaTime : 0.04, Current Frame Count : 216, Frames To Record : 217, TimePassed : 7.26
[2016.01.06-11.31.37:838][767]LogAnimation:Warning: Current Frame Count : 217, BlendAlpha : 0.32
[2016.01.06-11.31.37:875][768]LogAnimation:Warning: DeltaTime : 0.04, Current Frame Count : 217, Frames To Record : 218, TimePassed : 7.30
[2016.01.06-11.31.37:876][768]LogAnimation:Warning: Current Frame Count : 218, BlendAlpha : 0.23
[2016.01.06-11.31.37:915][769]LogAnimation:Warning: DeltaTime : 0.04, Current Frame Count : 218, Frames To Record : 219, TimePassed : 7.33
[2016.01.06-11.31.37:915][769]LogAnimation:Warning: Current Frame Count : 219, BlendAlpha : 0.12
[2016.01.06-11.31.37:949][770]LogAnimation:Warning: DeltaTime : 0.04, Current Frame Count : 219, Frames To Record : 221, TimePassed : 7.37
[2016.01.06-11.31.37:949][770]LogAnimation:Warning: Current Frame Count : 220, BlendAlpha : 0.03
[2016.01.06-11.31.37:949][770]LogAnimation:Warning: Current Frame Count : 221, BlendAlpha : 0.93
[2016.01.06-11.31.37:983][772]LogAnimation:Warning: DeltaTime : 0.02, Current Frame Count : 221, Frames To Record : 222, TimePassed : 7.40
[2016.01.06-11.31.37:983][772]LogAnimation:Warning: Current Frame Count : 222, BlendAlpha : 0.80
[2016.01.06-11.31.38:096][774]LogD3D11RHI: InitD3DDevice
[2016.01.06-11.31.38:100][774]LogD3D11RHI: InitD3DDevice
[2016.01.06-11.32.54:437][731]LogD3D11RHI: InitD3DDevice
[2016.01.06-11.32.54:538][731]Cmd: OBJ SAVEPACKAGE PACKAGE="/Game/Mannequin/sitting" FILE="../../../../../../Users/Matthew/Documents/Unreal Projects/Diner/Content/Mannequin/sitting.uasset" SILENT=true
[2016.01.06-11.32.54:552][731]LogSavePackage: Save=12.453295ms
[2016.01.06-11.32.54:552][731]LogSavePackage: Moving '../../../../../../Users/Matthew/Documents/Unreal Projects/Diner/Saved/sittingD936AB684526538755BD4D9E02B4E91F.tmp' to '../../../../../../Users/Matthew/Documents/Unreal Projects/Diner/Content/Mannequin/sitting.uasset'
[2016.01.06-11.33.10:404][318]LogD3D11RHI: InitD3DDevice
[2016.01.06-11.33.11:652][391]LogD3D11RHI: InitD3DDevice
[2016.01.06-11.33.13:771][515]LogD3D11RHI: InitD3DDevice
[2016.01.06-11.33.43:991][515]LogFbx:Warning: FBX version number for this version of the FBX SDK is 7.4.0


[2016.01.06-11.36.12:238][892]LogD3D11RHI: InitD3DDevice
[2016.01.06-11.36.21:238][919]LogD3D11RHI: InitD3DDevice
[2016.01.06-11.36.21:362][919]LogParticles: Destroying 0 GPU particle simulations for FXSystem 0x0000005040483D80
[2016.01.06-11.36.21:362][919]LogParticles: Destroying 0 GPU particle simulations for FXSystem 0x000000503C889300
[2016.01.06-11.36.21:363][919]LogParticles: Destroying 0 GPU particle simulations for FXSystem 0x000000503C7CAE80
[2016.01.06-11.36.21:363][919]LogParticles: Destroying 0 GPU particle simulations for FXSystem 0x000000503C7CACA0
[2016.01.06-11.36.21:713][919]LogSavePackage: Save=298.060120ms
[2016.01.06-11.36.21:713][919]LogSavePackage: Moving '../../../../../../Users/Matthew/Documents/Unreal Projects/Diner/Saved/dinerscene_Auto15DA60E6048A2A78063C41392B95B35E5.tmp' to '../../../../../../Users/Matthew/Documents/Unreal Projects/Diner/Saved/Autosaves/Game/dinerscene_Auto1.umap'
[2016.01.06-11.36.21:719][919]LogFileHelpers: Editor autosave (incl. sublevels) for '/Game/dinerscene' took 0.371
[2016.01.06-11.36.21:719][919]LogFileHelpers: Editor autosave (incl. sublevels) for all levels took 0.371
[2016.01.06-11.38.44:455][205]LogRenderer: Reallocating scene render targets to support 1056x616 (Frame:23461).
[2016.01.06-11.45.58:046][865]LogD3D11RHI: InitD3DDevice
[2016.01.06-11.45.59:077][925]LogD3D11RHI: InitD3DDevice
[2016.01.06-11.45.59:192][925]Cmd: OBJ SAVEPACKAGE PACKAGE="/Game/dinerscene" FILE="../../../../../../Users/Matthew/Documents/Unreal Projects/Diner/Content/dinerscene.umap" SILENT=true AUTOSAVING=false KEEPDIRTY=false
[2016.01.06-11.45.59:529][925]LogSavePackage: Save=292.370178ms
[2016.01.06-11.45.59:529][925]LogSavePackage: Moving '../../../../../../Users/Matthew/Documents/Unreal Projects/Diner/Saved/dinersceneAB7628CC405DD3A53D9D0CA11A86E5DD.tmp' to '../../../../../../Users/Matthew/Documents/Unreal Projects/Diner/Content/dinerscene.umap'
[2016.01.06-11.45.59:632][925]LogFileHelpers: Saving map 'dinerscene' took 0.534
[2016.01.06-11.46.01:716][  7]LogWindowsTextInputMethodSystem:Display: IME system now deactivated.
[2016.01.06-11.46.01:716][  7]LogWindowsTextInputMethodSystem:Display: IME system now deactivated.
[2016.01.06-11.46.01:962][  8]Cmd: QUIT_EDITOR
[2016.01.06-11.46.02:224][  8]LogExit: Preparing to exit.
[2016.01.06-11.46.02:832][  8]LogExit: Editor shut down
[2016.01.06-11.46.02:832][  8]LogExit: Transaction tracking system shut down
[2016.01.06-11.46.02:834][  8]LogParticles: Destroying 0 GPU particle simulations for FXSystem 0x000000503C984900
[2016.01.06-11.46.02:834][  8]LogParticles: Destroying 0 GPU particle simulations for FXSystem 0x000000503C5A6D40
[2016.01.06-11.46.02:834][  8]LogParticles: Destroying 0 GPU particle simulations for FXSystem 0x000000501CDFA480
[2016.01.06-11.46.02:834][  8]LogParticles: Destroying 0 GPU particle simulations for FXSystem 0x000000503C9EE160
[2016.01.06-11.46.02:834][  8]LogParticles: Destroying 0 GPU particle simulations for FXSystem 0x00000050404CD120
[2016.01.06-11.46.02:834][  8]LogParticles: Destroying 0 GPU particle simulations for FXSystem 0x000000503C5A7060
[2016.01.06-11.46.02:958][  8]LogExit: Object subsystem successfully closed.
[2016.01.06-11.46.02:979][  8]LogD3D11RHI: Shutdown
[2016.01.06-11.46.02:979][  8]LogD3D11RHI: CleanupD3DDevice
[2016.01.06-11.46.03:046][  8]LogD3D11RHI: ~FD3D11DynamicRHI
[2016.01.06-11.46.03:068][  8]LogModuleManager: Shutting down and abandoning module CrashTracker (190)
[2016.01.06-11.46.03:068][  8]LogModuleManager: Shutting down and abandoning module SceneOutliner (189)
[2016.01.06-11.46.03:068][  8]LogModuleManager: Shutting down and abandoning module SuperSearch (188)
[2016.01.06-11.46.03:068][  8]LogModuleManager: Shutting down and abandoning module WidgetCarousel (187)
[2016.01.06-11.46.03:068][  8]LogModuleManager: Shutting down and abandoning module AddContentDialog (186)
[2016.01.06-11.46.03:068][  8]LogModuleManager: Shutting down and abandoning module EditorWidgets (185)
[2016.01.06-11.46.03:068][  8]LogModuleManager: Shutting down and abandoning module CollectionManager (184)
[2016.01.06-11.46.03:068][  8]LogModuleManager: Shutting down and abandoning module StatsViewer (183)
[2016.01.06-11.46.03:068][  8]LogModuleManager: Shutting down and abandoning module FoliageEdit (182)
[2016.01.06-11.46.03:068][  8]LogModuleManager: Shutting down and abandoning module LandscapeEditor (181)
[2016.01.06-11.46.03:069][  8]LogModuleManager: Shutting down and abandoning module ActorPickerMode (180)
[2016.01.06-11.46.03:069][  8]LogModuleManager: Shutting down and abandoning module GeometryMode (179)
[2016.01.06-11.46.03:069][  8]LogModuleManager: Shutting down and abandoning module TextureAlignMode (178)
[2016.01.06-11.46.03:069][  8]LogModuleManager: Shutting down and abandoning module BspMode (177)
[2016.01.06-11.46.03:069][  8]LogModuleManager: Shutting down and abandoning module PlacementMode (176)
[2016.01.06-11.46.03:069][  8]LogModuleManager: Shutting down and abandoning module AutomationWorker (175)
[2016.01.06-11.46.03:069][  8]LogModuleManager: Shutting down and abandoning module CharacterAI (174)
[2016.01.06-11.46.03:069][  8]LogModuleManager: Shutting down and abandoning module SmartSnapping (173)
[2016.01.06-11.46.03:069][  8]LogModuleManager: Shutting down and abandoning module ViewportSnapping (172)
[2016.01.06-11.46.03:069][  8]LogModuleManager: Shutting down and abandoning module LogVisualizer (171)
[2016.01.06-11.46.03:069][  8]LogModuleManager: Shutting down and abandoning module GameProjectGeneration (170)
[2016.01.06-11.46.03:069][  8]LogModuleManager: Shutting down and abandoning module IntroTutorials (169)
[2016.01.06-11.46.03:069][  8]LogModuleManager: Shutting down and abandoning module EditorLiveStreaming (168)
[2016.01.06-11.46.03:069][  8]LogModuleManager: Shutting down and abandoning module IOSPlatformEditor (167)
[2016.01.06-11.46.03:069][  8]LogModuleManager: Shutting down and abandoning module HTML5PlatformEditor (166)
[2016.01.06-11.46.03:069][  8]LogModuleManager: Shutting down and abandoning module AndroidDeviceDetection (165)
[2016.01.06-11.46.03:467][  8]LogModuleManager: Shutting down and abandoning module AndroidPlatformEditor (164)
[2016.01.06-11.46.03:467][  8]LogModuleManager: Shutting down and abandoning module IOSRuntimeSettings (163)
[2016.01.06-11.46.03:467][  8]LogModuleManager: Shutting down and abandoning module AndroidRuntimeSettings (162)
[2016.01.06-11.46.03:467][  8]LogModuleManager: Shutting down and abandoning module MergeActors (161)
[2016.01.06-11.46.03:467][  8]LogModuleManager: Shutting down and abandoning module SizeMap (160)
[2016.01.06-11.46.03:467][  8]LogModuleManager: Shutting down and abandoning module TreeMap (159)
[2016.01.06-11.46.03:467][  8]LogModuleManager: Shutting down and abandoning module ReferenceViewer (158)
[2016.01.06-11.46.03:467][  8]LogModuleManager: Shutting down and abandoning module LocalizationDashboard (157)
[2016.01.06-11.46.03:467][  8]LogModuleManager: Shutting down and abandoning module HardwareTargeting (156)
[2016.01.06-11.46.03:467][  8]LogModuleManager: Shutting down and abandoning module DeviceProfileEditor (155)
[2016.01.06-11.46.03:467][  8]LogModuleManager: Shutting down and abandoning module UndoHistory (154)
[2016.01.06-11.46.03:467][  8]LogModuleManager: Shutting down and abandoning module GameplayTagsEditor (153)
[2016.01.06-11.46.03:467][  8]LogModuleManager: Shutting down and abandoning module UserFeedback (152)
[2016.01.06-11.46.03:467][  8]LogModuleManager: Shutting down and abandoning module XmlParser (151)
[2016.01.06-11.46.03:467][  8]LogModuleManager: Shutting down and abandoning module Blutility (150)
[2016.01.06-11.46.03:467][  8]LogModuleManager: Shutting down and abandoning module ProjectTargetPlatformEditor (149)
[2016.01.06-11.46.03:467][  8]LogModuleManager: Shutting down and abandoning module ProjectSettingsViewer (148)
[2016.01.06-11.46.03:467][  8]LogModuleManager: Shutting down and abandoning module InputBindingEditor (147)
[2016.01.06-11.46.03:467][  8]LogModuleManager: Shutting down and abandoning module EditorSettingsViewer (146)
[2016.01.06-11.46.03:467][  8]LogModuleManager: Shutting down and abandoning module SettingsEditor (145)
[2016.01.06-11.46.03:467][  8]LogModuleManager: Shutting down and abandoning module ProjectLauncher (144)
[2016.01.06-11.46.03:467][  8]LogModuleManager: Shutting down and abandoning module SessionFrontend (143)
[2016.01.06-11.46.03:467][  8]LogModuleManager: Shutting down and abandoning module ProfilerClient (142)
[2016.01.06-11.46.03:467][  8]LogModuleManager: Shutting down and abandoning module TargetDeviceServices (141)
[2016.01.06-11.46.03:467][  8]LogModuleManager: Shutting down and abandoning module DeviceManager (140)
[2016.01.06-11.46.03:467][  8]LogModuleManager: Shutting down and abandoning module AutomationController (139)
[2016.01.06-11.46.03:467][  8]LogModuleManager: Shutting down and abandoning module AutomationWindow (138)
[2016.01.06-11.46.03:467][  8]LogModuleManager: Shutting down and abandoning module Layers (137)
[2016.01.06-11.46.03:467][  8]LogModuleManager: Shutting down and abandoning module ComponentVisualizers (136)
[2016.01.06-11.46.03:467][  8]LogModuleManager: Shutting down and abandoning module DetailCustomizations (135)
[2016.01.06-11.46.03:468][  8]LogModuleManager: Shutting down and abandoning module PackagesDialog (134)
[2016.01.06-11.46.03:468][  8]LogModuleManager: Shutting down and abandoning module Persona (133)
[2016.01.06-11.46.03:468][  8]LogModuleManager: Shutting down and abandoning module Kismet (132)
[2016.01.06-11.46.03:468][  8]LogModuleManager: Shutting down and abandoning module GraphEditor (131)
[2016.01.06-11.46.03:468][  8]LogModuleManager: Shutting down and abandoning module ClassViewer (130)
[2016.01.06-11.46.03:468][  8]LogModuleManager: Shutting down and abandoning module Toolbox (129)
[2016.01.06-11.46.03:468][  8]LogModuleManager: Shutting down and abandoning module ModuleUI (128)
[2016.01.06-11.46.03:468][  8]LogModuleManager: Shutting down and abandoning module MovieSceneTools (127)
[2016.01.06-11.46.03:468][  8]LogModuleManager: Shutting down and abandoning module OutputLog (126)
[2016.01.06-11.46.03:468][  8]LogModuleManager: Shutting down and abandoning module GammaUI (125)
[2016.01.06-11.46.03:468][  8]LogModuleManager: Shutting down and abandoning module Documentation (124)
[2016.01.06-11.46.03:468][  8]LogModuleManager: Shutting down and abandoning module GameLiveStreaming (123)
[2016.01.06-11.46.03:468][  8]LogModuleManager: Shutting down and abandoning module StreamingPauseRendering (122)
[2016.01.06-11.46.03:468][  8]LogModuleManager: Shutting down and abandoning module AnalyticsET (121)
[2016.01.06-11.46.03:468][  8]LogModuleManager: Shutting down and abandoning module Analytics (120)
[2016.01.06-11.46.03:468][  8]LogModuleManager: Shutting down and abandoning module AITestSuite (119)
[2016.01.06-11.46.03:468][  8]LogModuleManager: Shutting down and abandoning module GameplayDebugger (118)
[2016.01.06-11.46.03:468][  8]LogModuleManager: Shutting down and abandoning module AIModule (117)
[2016.01.06-11.46.03:468][  8]LogModuleManager: Shutting down and abandoning module ProfilerService (116)
[2016.01.06-11.46.03:707][  8]LogModuleManager: Shutting down and abandoning module TaskGraph (115)
[2016.01.06-11.46.03:707][  8]LogModuleManager: Shutting down and abandoning module SubstanceEditor (114)
[2016.01.06-11.46.03:707][  8]LogModuleManager: Shutting down and abandoning module SlateRemote (113)
[2016.01.06-11.46.03:707][  8]LogModuleManager: Shutting down and abandoning module SteamVRController (112)
[2016.01.06-11.46.03:707][  8]LogModuleManager: Shutting down and abandoning module SteamVR (111)
[2016.01.06-11.46.03:707][  8]LogModuleManager: Shutting down and abandoning module ProceduralMeshComponent (110)
[2016.01.06-11.46.03:707][  8]LogModuleManager: Shutting down and abandoning module OculusRift (109)
[2016.01.06-11.46.03:707][  8]LogModuleManager: Shutting down and abandoning module LeapMotionController (108)
[2016.01.06-11.46.03:720][  8]LogModuleManager: Shutting down and abandoning module CustomMeshComponent (107)
[2016.01.06-11.46.03:720][  8]LogModuleManager: Shutting down and abandoning module CableComponent (106)
[2016.01.06-11.46.03:720][  8]LogModuleManager: Shutting down and abandoning module MessagingDebugger (105)
[2016.01.06-11.46.03:720][  8]LogModuleManager: Shutting down and abandoning module MediaPlayerEditor (104)
[2016.01.06-11.46.03:720][  8]LogModuleManager: Shutting down and abandoning module SpeedTreeImporter (103)
[2016.01.06-11.46.03:720][  8]LogModuleManager: Shutting down and abandoning module PluginBrowser (102)
[2016.01.06-11.46.03:720][  8]LogModuleManager: Shutting down and abandoning module EpicSurvey (101)
[2016.01.06-11.46.03:720][  8]LogModuleManager: Shutting down and abandoning module DesktopPlatform (100)
[2016.01.06-11.46.03:720][  8]LogModuleManager: Shutting down and abandoning module VisualStudioSourceCodeAccess (99)
[2016.01.06-11.46.03:720][  8]LogModuleManager: Shutting down and abandoning module UObjectPlugin (98)
[2016.01.06-11.46.03:720][  8]LogModuleManager: Shutting down and abandoning module SubversionSourceControl (97)
[2016.01.06-11.46.03:720][  8]LogModuleManager: Shutting down and abandoning module PerforceSourceControl (96)
[2016.01.06-11.46.03:720][  8]LogModuleManager: Shutting down and abandoning module SourceControl (95)
[2016.01.06-11.46.03:720][  8]LogModuleManager: Shutting down and abandoning module GitSourceControl (94)
[2016.01.06-11.46.03:720][  8]LogModuleManager: Shutting down and abandoning module BlankPlugin (93)
[2016.01.06-11.46.03:720][  8]LogModuleManager: Shutting down and abandoning module PaperTiledImporter (92)
[2016.01.06-11.46.03:720][  8]LogModuleManager: Shutting down and abandoning module PaperSpriteSheetImporter (91)
[2016.01.06-11.46.03:720][  8]LogModuleManager: Shutting down and abandoning module MeshPaint (90)
[2016.01.06-11.46.03:720][  8]LogModuleManager: Shutting down and abandoning module SlateReflector (89)
[2016.01.06-11.46.03:720][  8]LogModuleManager: Shutting down and abandoning module HotReload (88)
[2016.01.06-11.46.03:720][  8]LogModuleManager: Shutting down and abandoning module MainFrame (87)
[2016.01.06-11.46.03:720][  8]LogModuleManager: Shutting down and abandoning module LevelEditor (86)
[2016.01.06-11.46.03:721][  8]LogModuleManager: Shutting down and abandoning module ContentBrowser (85)
[2016.01.06-11.46.03:722][  8]LogModuleManager: Shutting down and abandoning module Paper2DEditor (84)
[2016.01.06-11.46.03:722][  8]LogModuleManager: Shutting down and abandoning module UdpMessaging (83)
[2016.01.06-11.46.03:823][  8]LogModuleManager: Shutting down and abandoning module DirectoryWatcher (82)
[2016.01.06-11.46.03:823][  8]LogModuleManager: Shutting down and abandoning module AssetRegistry (81)
[2016.01.06-11.46.03:890][  8]LogModuleManager: Shutting down and abandoning module SubstanceCore (80)
[2016.01.06-11.46.03:890][  8]LogModuleManager: Shutting down and abandoning module Paper2D (79)
[2016.01.06-11.46.03:890][  8]LogModuleManager: Shutting down and abandoning module WindowsMoviePlayer (78)
[2016.01.06-11.46.03:894][  8]LogModuleManager: Shutting down and abandoning module Media (77)
[2016.01.06-11.46.03:894][  8]LogModuleManager: Shutting down and abandoning module WmfMedia (76)
[2016.01.06-11.46.03:894][  8]LogModuleManager: Shutting down and abandoning module OnlineBlueprintSupport (75)
[2016.01.06-11.46.03:894][  8]LogModuleManager: Shutting down and abandoning module PropertyEditor (74)
[2016.01.06-11.46.03:894][  8]LogModuleManager: Shutting down and abandoning module BehaviorTreeEditor (73)
[2016.01.06-11.46.03:894][  8]LogModuleManager: Shutting down and abandoning module FunctionalTesting (72)
[2016.01.06-11.46.03:894][  8]LogModuleManager: Shutting down and abandoning module CollisionAnalyzer (71)
[2016.01.06-11.46.03:894][  8]LogModuleManager: Shutting down and abandoning module WorkspaceMenuStructure (70)
[2016.01.06-11.46.03:894][  8]LogModuleManager: Shutting down and abandoning module MessageLog (69)
[2016.01.06-11.46.03:894][  8]LogModuleManager: Shutting down and abandoning module Sequencer (68)
[2016.01.06-11.46.03:894][  8]LogModuleManager: Shutting down and abandoning module AssetTools (67)
[2016.01.06-11.46.03:894][  8]LogModuleManager: Shutting down and abandoning module UMGEditor (66)
[2016.01.06-11.46.03:894][  8]LogModuleManager: Shutting down and abandoning module UMG (65)
[2016.01.06-11.46.03:894][  8]LogModuleManager: Shutting down and abandoning module Slate (64)
[2016.01.06-11.46.03:894][  8]LogModuleManager: Shutting down and abandoning module EditorStyle (63)
[2016.01.06-11.46.03:897][  8]LogModuleManager: Shutting down and abandoning module SessionServices (62)
[2016.01.06-11.46.03:897][  8]LogModuleManager: Shutting down and abandoning module SourceCodeAccess (61)
[2016.01.06-11.46.03:897][  8]LogModuleManager: Shutting down and abandoning module HeadMountedDisplay (60)
[2016.01.06-11.46.03:897][  8]LogModuleManager: Shutting down and abandoning module XAudio2 (59)
[2016.01.06-11.46.03:897][  8]LogModuleManager: Shutting down and abandoning module Networking (57)
[2016.01.06-11.46.03:897][  8]LogModuleManager: Shutting down and abandoning module Core (56)
[2016.01.06-11.46.03:897][  8]LogModuleManager: Shutting down and abandoning module KismetCompiler (55)
[2016.01.06-11.46.03:897][  8]LogModuleManager: Shutting down and abandoning module PhysXFormats (54)
[2016.01.06-11.46.03:897][  8]LogModuleManager: Shutting down and abandoning module MeshUtilities (53)
[2016.01.06-11.46.03:897][  8]LogModuleManager: Shutting down and abandoning module DerivedDataCache (52)
[2016.01.06-11.46.03:944][  8]LogDerivedDataCache: Shutdown
[2016.01.06-11.46.03:944][  8]LogModuleManager: Shutting down and abandoning module ShaderFormatOpenGL (51)
[2016.01.06-11.46.03:944][  8]LogModuleManager: Shutting down and abandoning module ShaderFormatD3D (50)
[2016.01.06-11.46.03:944][  8]LogModuleManager: Shutting down and abandoning module MetalShaderFormat (49)
[2016.01.06-11.46.03:944][  8]LogModuleManager: Shutting down and abandoning module TextureFormatUncompressed (48)
[2016.01.06-11.46.03:944][  8]LogModuleManager: Shutting down and abandoning module TextureFormatPVR (47)
[2016.01.06-11.46.03:944][  8]LogModuleManager: Shutting down and abandoning module TextureFormatIntelISPCTexComp (46)
[2016.01.06-11.46.03:944][  8]LogModuleManager: Shutting down and abandoning module TextureFormatDXT (45)
[2016.01.06-11.46.03:944][  8]LogModuleManager: Shutting down and abandoning module ImageWrapper (44)
[2016.01.06-11.46.03:944][  8]LogModuleManager: Shutting down and abandoning module TextureFormatASTC (43)
[2016.01.06-11.46.03:944][  8]LogModuleManager: Shutting down and abandoning module TextureFormatAndroid (42)
[2016.01.06-11.46.03:944][  8]LogModuleManager: Shutting down and abandoning module AudioFormatOpus (41)
[2016.01.06-11.46.03:944][  8]LogModuleManager: Shutting down and abandoning module AudioFormatOgg (40)
[2016.01.06-11.46.03:944][  8]LogModuleManager: Shutting down and abandoning module AudioFormatADPCM (39)
[2016.01.06-11.46.03:944][  8]LogModuleManager: Shutting down and abandoning module LinuxTargetPlatform (38)
[2016.01.06-11.46.03:944][  8]LogModuleManager: Shutting down and abandoning module LinuxServerTargetPlatform (37)
[2016.01.06-11.46.03:944][  8]LogModuleManager: Shutting down and abandoning module LinuxNoEditorTargetPlatform (36)
[2016.01.06-11.46.03:944][  8]LogModuleManager: Shutting down and abandoning module Messaging (35)
[2016.01.06-11.46.03:944][  8]LogModuleManager: Shutting down and abandoning module IOSTargetPlatform (34)
[2016.01.06-11.46.03:944][  8]LogModuleManager: Shutting down and abandoning module HTML5TargetPlatform (33)
[2016.01.06-11.46.03:944][  8]LogModuleManager: Shutting down and abandoning module Android_PVRTCTargetPlatform (32)
[2016.01.06-11.46.03:944][  8]LogModuleManager: Shutting down and abandoning module Android_ETC2TargetPlatform (31)
[2016.01.06-11.46.03:944][  8]LogModuleManager: Shutting down and abandoning module Android_ETC1TargetPlatform (30)
[2016.01.06-11.46.03:944][  8]LogModuleManager: Shutting down and abandoning module Android_DXTTargetPlatform (29)
[2016.01.06-11.46.03:944][  8]LogModuleManager: Shutting down and abandoning module Android_ATCTargetPlatform (28)
[2016.01.06-11.46.03:944][  8]LogModuleManager: Shutting down and abandoning module Android_ASTCTargetPlatform (27)
[2016.01.06-11.46.03:944][  8]LogModuleManager: Shutting down and abandoning module AndroidTargetPlatform (26)
[2016.01.06-11.46.03:944][  8]LogModuleManager: Shutting down and abandoning module WindowsTargetPlatform (25)
[2016.01.06-11.46.03:944][  8]LogModuleManager: Shutting down and abandoning module WindowsServerTargetPlatform (24)
[2016.01.06-11.46.03:944][  8]LogModuleManager: Shutting down and abandoning module WindowsNoEditorTargetPlatform (23)
[2016.01.06-11.46.03:944][  8]LogModuleManager: Shutting down and abandoning module WindowsClientTargetPlatform (22)
[2016.01.06-11.46.03:944][  8]LogModuleManager: Shutting down and abandoning module DesktopTargetPlatform (21)
[2016.01.06-11.46.03:944][  8]LogModuleManager: Shutting down and abandoning module TargetPlatform (20)
[2016.01.06-11.46.03:944][  8]LogModuleManager: Shutting down and abandoning module InputCore (19)
[2016.01.06-11.46.03:944][  8]LogModuleManager: Shutting down and abandoning module Settings (18)
[2016.01.06-11.46.03:944][  8]LogModuleManager: Shutting down and abandoning module OnlineSubsystem (16)
[2016.01.06-11.46.03:944][  8]LogModuleManager: Shutting down and abandoning module HTTP (15)
[2016.01.06-11.46.03:944][  8]LogModuleManager: Shutting down and abandoning module ExampleDeviceProfileSelector (14)
[2016.01.06-11.46.03:944][  8]LogModuleManager: Shutting down and abandoning module TextureCompressor (13)
[2016.01.06-11.46.03:944][  8]LogModuleManager: Shutting down and abandoning module ShaderCore (12)
[2016.01.06-11.46.03:945][  8]LogModuleManager: Shutting down and abandoning module Landscape (11)
[2016.01.06-11.46.03:945][  8]LogModuleManager: Shutting down and abandoning module SlateRHIRenderer (10)
[2016.01.06-11.46.03:946][  8]LogModuleManager: Shutting down and abandoning module OpenGLDrv (9)
[2016.01.06-11.46.03:946][  8]LogModuleManager: Shutting down and abandoning module D3D11RHI (8)
[2016.01.06-11.46.03:946][  8]LogModuleManager: Shutting down and abandoning module Renderer (7)
[2016.01.06-11.46.03:946][  8]LogModuleManager: Shutting down and abandoning module Engine (6)
[2016.01.06-11.46.03:946][  8]LogModuleManager: Shutting down and abandoning module CoreUObject (5)
[2016.01.06-11.46.03:946][  8]LogModuleManager: Shutting down and abandoning module NetworkFile (4)
[2016.01.06-11.46.03:946][  8]LogModuleManager: Shutting down and abandoning module StreamingFile (3)
[2016.01.06-11.46.03:946][  8]LogModuleManager: Shutting down and abandoning module SandboxFile (2)
[2016.01.06-11.46.03:946][  8]LogModuleManager: Shutting down and abandoning module PakFile (1)
[2016.01.06-11.46.03:946][  8]LogExit: Exiting.
[2016.01.06-11.46.03:956][  8]Log file closed, 01/06/16 03:46:03
