[2016.01.07-07.21.41:559][  0]Log file open, 01/06/16 23:21:41
[2016.01.07-07.21.41:559][  0]LogInit:Display: Running engine for game: Diner2
[2016.01.07-07.21.41:559][  0]LogInit:Display: RandInit(1190011568) SRandInit(1190011569).
[2016.01.07-07.21.41:559][  0]LogTaskGraph: Started task graph with 4 named threads and 7 total threads.
[2016.01.07-07.21.41:559][  0]LogStats: Stats thread started
[2016.01.07-07.21.41:559][  0]LogInit: Version: 4.8.3-2634408+++depot+UE4-Releases+4.8
[2016.01.07-07.21.41:559][  0]LogInit: API Version: 2579680
[2016.01.07-07.21.41:559][  0]LogInit: Compiled (64-bit): Jul 27 2015 16:24:33
[2016.01.07-07.21.41:559][  0]LogInit: Compiled with Visual C++: 18.00.21005.01
[2016.01.07-07.21.41:559][  0]LogInit: Build Configuration: Development
[2016.01.07-07.21.41:559][  0]LogInit: Branch Name: ++depot+UE4-Releases+4.8
[2016.01.07-07.21.41:559][  0]LogInit: Command line:  
[2016.01.07-07.21.41:559][  0]LogInit: Base directory: C:/Program Files (x86)/Epic Games/4.8/Engine/Binaries/Win64/
[2016.01.07-07.21.41:559][  0]LogInit: Rocket: 1
[2016.01.07-07.21.41:618][  0]LogInit: Using libcurl 7.41.0
[2016.01.07-07.21.41:618][  0]LogInit:  - built for x86_64-pc-win32
[2016.01.07-07.21.41:618][  0]LogInit:  - supports SSL with WinSSL
[2016.01.07-07.21.41:618][  0]LogInit:  - other features:
[2016.01.07-07.21.41:618][  0]LogInit:      CURL_VERSION_SSL
[2016.01.07-07.21.41:618][  0]LogInit:      CURL_VERSION_IPV6
[2016.01.07-07.21.41:618][  0]LogInit:      CURL_VERSION_ASYNCHDNS
[2016.01.07-07.21.41:618][  0]LogInit:      CURL_VERSION_LARGEFILE
[2016.01.07-07.21.41:618][  0]LogInit:      CURL_VERSION_IDN
[2016.01.07-07.21.41:618][  0]LogInit:  CurlRequestOptions (configurable via config and command line):
[2016.01.07-07.21.41:618][  0]LogInit:  - bVerifyPeer = true  - Libcurl will verify peer certificate
[2016.01.07-07.21.41:618][  0]LogInit:  - bUseHttpProxy = false  - Libcurl will NOT use HTTP proxy
[2016.01.07-07.21.41:618][  0]LogInit:  - bDontReuseConnections = false  - Libcurl will reuse connections
[2016.01.07-07.21.41:618][  0]LogInit:  - CertBundlePath = nullptr  - Libcurl will use whatever was configured at build time.
[2016.01.07-07.21.41:670][  0]LogOnline:Warning: No default platform service specified for OnlineSubsystem
[2016.01.07-07.21.41:731][  0]LogInit: Presizing for 0 objects not considered by GC, pre-allocating 0 bytes.
[2016.01.07-07.21.41:755][  0]LogInit: Object subsystem initialized
[2016.01.07-07.21.41:759][  0]LogConsoleResponse:Warning: Skipping Unknown console variable: 'TranslucentSortAxis = (X=0.000000,Y=-1.000000,Z=0.000000)'
[2016.01.07-07.21.41:759][  0]LogConsoleResponse:Warning:   Found in ini file 'C:/Users/Matthew/Documents/Unreal Projects/Diner2/Saved/Config/Windows/Engine.ini', in section '[/Script/Engine.RendererSettings]'
[2016.01.07-07.21.41:759][  0]LogConsoleResponse:Warning: Skipping Unknown console variable: 'UIScaleRule = ShortestSide'
[2016.01.07-07.21.41:759][  0]LogConsoleResponse:Warning:   Found in ini file 'C:/Users/Matthew/Documents/Unreal Projects/Diner2/Saved/Config/Windows/Engine.ini', in section '[/Script/Engine.RendererSettings]'
[2016.01.07-07.21.41:759][  0]LogConsoleResponse:Warning: Skipping Unknown console variable: 'UIScaleCurve = (EditorCurveData=(Keys=),ExternalCurve=None)'
[2016.01.07-07.21.41:759][  0]LogConsoleResponse:Warning:   Found in ini file 'C:/Users/Matthew/Documents/Unreal Projects/Diner2/Saved/Config/Windows/Engine.ini', in section '[/Script/Engine.RendererSettings]'
[2016.01.07-07.21.41:760][  0]LogInit: Selected Device Profile: [Windows]
[2016.01.07-07.21.41:760][  0]LogInit: Applying CVar settings loaded from the selected device profile: [Windows]
[2016.01.07-07.21.41:787][  0]LogInit: Computer: BATTLESTAR
[2016.01.07-07.21.41:787][  0]LogInit: User: Matthew
[2016.01.07-07.21.41:787][  0]LogInit: CPU Page size=4096, Cores=4
[2016.01.07-07.21.41:787][  0]LogInit: High frequency timer resolution =2.338337 MHz
[2016.01.07-07.21.41:788][  0]LogMemory: Memory total: Physical=7.9GB (8GB approx)
[2016.01.07-07.21.41:788][  0]LogMemory: Platform Memory Stats for Windows
[2016.01.07-07.21.41:788][  0]LogMemory: Process Physical Memory: 47.91 MB used, 47.91 MB peak
[2016.01.07-07.21.41:788][  0]LogMemory: Process Virtual Memory: 22.44 MB used, 22.44 MB peak
[2016.01.07-07.21.41:788][  0]LogMemory: Physical Memory: 3167.84 MB used, 8075.18 MB total
[2016.01.07-07.21.41:788][  0]LogMemory: Virtual Memory: 292.02 MB used, 134217728.00 MB total
[2016.01.07-07.21.41:954][  0]LogTextLocalizationManager: The requested culture ('en_US') has no localization data; parent culture's ('en') localization data will be used.
[2016.01.07-07.21.42:769][  0]LogTextLocalizationManager:Warning: Loaded localization resources contain conflicting entries for (Namespace:ContentBrowser, Key:ImportAssetToolTip):
Localization Resource: (C:/Program Files (x86)/Epic Games/4.8/Engine/Content/Localization/Editor/en/Editor.locres) Source String Hash: (-630476809) Localized String: (Import to {0}...)
Localization Resource: (C:/Program Files (x86)/Epic Games/4.8/Engine/Content/Localization/Editor/en/Editor.locres) Source String Hash: (1271782899) Localized String: (Imports an asset from file to this folder.)
[2016.01.07-07.21.44:469][  0]LogD3D11RHI: Found D3D11 adapter 0: Intel(R) HD Graphics 4600 (Feature Level 11_0)
[2016.01.07-07.21.44:469][  0]LogD3D11RHI: Adapter has 32MB of dedicated video memory, 0MB of dedicated system memory, and 1760MB of shared system memory, 1 output[s]
[2016.01.07-07.21.44:532][  0]LogD3D11RHI: Found D3D11 adapter 1: NVIDIA GeForce GT 750M (Feature Level 11_0)
[2016.01.07-07.21.44:532][  0]LogD3D11RHI: Adapter has 1988MB of dedicated video memory, 0MB of dedicated system memory, and 2048MB of shared system memory, 0 output[s]
[2016.01.07-07.21.44:537][  0]LogD3D11RHI: Found D3D11 adapter 2: Microsoft Basic Render Driver (Feature Level 11_0)
[2016.01.07-07.21.44:537][  0]LogD3D11RHI: Adapter has 0MB of dedicated video memory, 0MB of dedicated system memory, and 256MB of shared system memory, 0 output[s]
[2016.01.07-07.21.44:537][  0]LogD3D11RHI: Chosen D3D11 Adapter Id = 0
[2016.01.07-07.21.44:568][  0]LogD3D11RHI: InitD3DDevice
[2016.01.07-07.21.44:568][  0]LogD3D11RHI: !Direct3DDevice
[2016.01.07-07.21.44:568][  0]LogRHI: Texture pool is 1361 MB (70% of 1945 MB)
[2016.01.07-07.21.44:629][  0]LogD3D11RHI: Async texture creation enabled
[2016.01.07-07.21.44:661][  0]LogShaderCompilers:Display: Using Local Shader Compiler.
[2016.01.07-07.21.47:541][  0]LogTemp:Display: Loaded TP DesktopTargetPlatform
[2016.01.07-07.21.47:604][  0]LogTemp:Display: Loaded TP WindowsClientTargetPlatform
[2016.01.07-07.21.47:669][  0]LogTemp:Display: Loaded TP WindowsNoEditorTargetPlatform
[2016.01.07-07.21.47:732][  0]LogTemp:Display: Loaded TP WindowsServerTargetPlatform
[2016.01.07-07.21.47:800][  0]LogTemp:Display: Loaded TP WindowsTargetPlatform
[2016.01.07-07.21.47:856][  0]LogTemp:Display: Loaded TP AndroidTargetPlatform
[2016.01.07-07.21.47:913][  0]LogTemp:Display: Loaded TP Android_ASTCTargetPlatform
[2016.01.07-07.21.47:971][  0]LogTemp:Display: Loaded TP Android_ATCTargetPlatform
[2016.01.07-07.21.48:029][  0]LogTemp:Display: Loaded TP Android_DXTTargetPlatform
[2016.01.07-07.21.48:087][  0]LogTemp:Display: Loaded TP Android_ETC1TargetPlatform
[2016.01.07-07.21.48:145][  0]LogTemp:Display: Loaded TP Android_ETC2TargetPlatform
[2016.01.07-07.21.48:203][  0]LogTemp:Display: Loaded TP Android_PVRTCTargetPlatform
[2016.01.07-07.21.48:351][  0]LogTemp:Display: Loaded TP IOSTargetPlatform
[2016.01.07-07.21.48:396][  0]LogTemp:Display: Loaded TP LinuxNoEditorTargetPlatform
[2016.01.07-07.21.48:441][  0]LogTemp:Display: Loaded TP LinuxServerTargetPlatform
[2016.01.07-07.21.48:492][  0]LogTemp:Display: Loaded TP LinuxTargetPlatform
[2016.01.07-07.21.48:492][  0]LogTargetPlatformManager:Display: Building Assets For Windows
[2016.01.07-07.21.49:381][  0]LogDerivedDataCache:Display: Max Cache Size: 512 MB
[2016.01.07-07.21.49:529][  0]LogDerivedDataCache: Loaded boot cache 0.15s 53MB C:/Users/Matthew/AppData/Local/UnrealEngine/4.8/DerivedDataCache/Boot.ddc.
[2016.01.07-07.21.49:529][  0]LogDerivedDataCache:Display: Loaded Boot cache: C:/Users/Matthew/AppData/Local/UnrealEngine/4.8/DerivedDataCache/Boot.ddc
[2016.01.07-07.21.49:529][  0]LogDerivedDataCache: FDerivedDataBackendGraph:  Pak pak cache file ../../../../../../Users/Matthew/Documents/Unreal Projects/Diner2/DerivedDataCache/DDC.ddp not found, will not use a pak cache.
[2016.01.07-07.21.49:529][  0]LogDerivedDataCache: Unable to find inner node Pak for hierarchical cache Hierarchy.
[2016.01.07-07.21.49:529][  0]LogDerivedDataCache: FDerivedDataBackendGraph:  CompressedPak pak cache file ../../../../../../Users/Matthew/Documents/Unreal Projects/Diner2/DerivedDataCache/Compressed.ddp not found, will not use a pak cache.
[2016.01.07-07.21.49:529][  0]LogDerivedDataCache: Unable to find inner node CompressedPak for hierarchical cache Hierarchy.
[2016.01.07-07.21.50:060][  0]LogDerivedDataCache:Display: Pak cache opened for reading ../../../Engine/DerivedDataCache/Compressed.ddp.
[2016.01.07-07.21.50:077][  0]LogDerivedDataCache: Using Local data cache path C:/Users/Matthew/AppData/Local/UnrealEngine/Common/DerivedDataCache: Writable
[2016.01.07-07.21.50:872][  0]LogInit: Selected Device Profile: [Windows]
[2016.01.07-07.21.51:231][  0]ImportText (ComponentSweepMultiTests): Missing closing parenthesis: (RootShapeAsset="/Engine/BasicShapes/Cube.Cube",ShapeType="TriggerCapsule",HitResult=(Time=0.50,Location=(X=-100.000015,Y=0.0,Z=100.000015),ImpactPoint=(X=-50.0,Y=0.0,Z=50.0),Normal=(X=-1.0,Y=-0.0,Z=0.0),ImpactNormal=(X=0.0,Y=0.0,Z=1.0),TraceStart=(X=-200.0,Y=0.0,Z=200.0),TraceEnd=(X=0.0,Y=0.0,Z=0.0))
[2016.01.07-07.21.51:233][  0]ImportText (LineTraceSingleByChannelTests): Missing closing parenthesis: (RootShapeAsset="/Engine/BasicShapes/Cube.Cube",HitResult=(Time=0.50,Location=(X=-100.000015,Y=0.0,Z=100.000015),ImpactPoint=(X=-50.0,Y=0.0,Z=50.0),Normal=(X=-1.0,Y=-0.0,Z=0.0),ImpactNormal=(X=0.0,Y=0.0,Z=1.0),TraceStart=(X=-200.0,Y=0.0,Z=200.0),TraceEnd=(X=0.0,Y=0.0,Z=0.0))
[2016.01.07-07.21.51:350][  0]LogMeshUtilities: No automatic mesh reduction module available
[2016.01.07-07.21.51:350][  0]LogMeshUtilities: No automatic mesh merging module available
[2016.01.07-07.21.52:493][  0]LogInit: WinSock: version 1.1 (2.2), MaxSocks=32767, MaxUdp=65467
[2016.01.07-07.21.56:653][  0]LogAssetRegistry: FAssetRegistry took 0.0118 seconds to start up
[2016.01.07-07.21.56:698][  0]LogDirectoryWatcher:Warning: Failed to begin reading directory changes for ../../../Engine/Plugins/Experimental/CharacterAI/Content/. Error: 0
[2016.01.07-07.21.56:746][  0]UdpMessaging: Initializing bridge on interface 0.0.0.0:0 to multicast group 230.0.0.1:6666.
[2016.01.07-07.21.58:022][  0]SourceControl: Info Source control is disabled
[2016.01.07-07.21.58:027][  0]SourceControl: Info Source control is disabled
[2016.01.07-07.21.58:074][  0]SourceControl: Info Source control is disabled
[2016.01.07-07.21.58:124][  0]SourceControl: Info Source control is disabled
[2016.01.07-07.21.59:179][  0]LogObj: 26440 objects as part of root set at end of initial load.
[2016.01.07-07.21.59:179][  0]LogUObjectAllocator: 5438856 out of 0 bytes used by permanent object pool.
[2016.01.07-07.21.59:428][  0]LogEngine: Initializing Engine...
[2016.01.07-07.21.59:435][  0]LogHMD: Can't find Oculus library dev build: is proper Runtime installed? Version: 0.6.0.0
[2016.01.07-07.21.59:440][  0]LogHMD:Warning: SteamVR failed to initialize.  Error: 110
[2016.01.07-07.22.00:016][  0]LogAIModule: Creating AISystem for world NewWorld
[2016.01.07-07.22.00:028][  0]LogInit: XAudio2 using 'Speakers (Realtek High Definition Audio)' : 2 channels at 48 kHz using 32 bits per sample (channel mask 0x3)
[2016.01.07-07.22.00:214][  0]LogInit: FAudioDevice initialized.
[2016.01.07-07.22.00:286][  0]LogDerivedDataCache: Saved boot cache 0.07s 53MB C:/Users/Matthew/AppData/Local/UnrealEngine/4.8/DerivedDataCache/Boot.ddc.
[2016.01.07-07.22.00:297][  0]LogInit: Texture streaming: Disabled
[2016.01.07-07.22.00:406][  0]LogAnalytics: Creating configured Analytics provider AnalyticsET
[2016.01.07-07.22.00:406][  0]LogAnalytics: [UEEditor.Rocket.Release] APIServer = http://et2.epicgames.com/ET2/. AppVersion = 4.8.3-2634408+++depot+UE4-Releases+4.8
[2016.01.07-07.22.00:407][  0]LogAnalytics: [UEEditor.Rocket.Release] SetUserId 6c72a4f34c262198a7708db9b68f0fac|62291b1299124bb987eb3840dc21af0e|10dca3ff-59a3-463a-a188-a74ae374cfa5
[2016.01.07-07.22.00:407][  0]LogAnalytics: [UEEditor.Rocket.Release] AnalyticsET::StartSession
[2016.01.07-07.22.00:573][  0]LogInit: Transaction tracking system initialized
[2016.01.07-07.22.01:192][  0]BlueprintLog: New page: Editor Load
[2016.01.07-07.22.04:153][  0]LogConsoleManager:Warning: Console variable 'r.VSync' wasn't set ('GameSetting' has a lower priority than 'SystemSettingsIni')
[2016.01.07-07.22.04:153][  0]LogConsoleResponse:Display: 
[2016.01.07-07.22.04:640][  0]LogCook:Display: Done creating registry. It took  0.00s.
[2016.01.07-07.22.05:456][  0]SourceControl: Info Source control is disabled
[2016.01.07-07.22.05:457][  0]Cmd: MAP LOAD FILE="../../../../../../Users/Matthew/Documents/Unreal Projects/Diner2/Content/dinerscene.umap" TEMPLATE=0 SHOWPROGRESS=1 FEATURELEVEL=3
[2016.01.07-07.22.05:458][  0]LightingResults: New page: Lighting Build
[2016.01.07-07.22.05:532][  0]MapCheck: New page: Map Check
[2016.01.07-07.22.05:532][  0]LightingResults: New page: Lighting Build
[2016.01.07-07.22.05:569][  0]LogParticles: Destroying 0 GPU particle simulations for FXSystem 0x000000D2E77449A0
[2016.01.07-07.22.08:237][  0]LogAIModule: Creating AISystem for world dinerscene
[2016.01.07-07.22.08:317][  0]LogEditorServer: Finished looking for orphan Actors (0.000 secs)
[2016.01.07-07.22.08:693][  0]Cmd: MAP CHECKDEP NOCLEARLOG
[2016.01.07-07.22.09:021][  0]MapCheck: Info Map check complete: 0 Error(s), 0 Warning(s), took 327.06ms to complete.
[2016.01.07-07.22.09:021][  0]LogFileHelpers: Loading map 'dinerscene' took 3.565
[2016.01.07-07.22.09:369][  0]LogCollectionManager: Loaded 0 collections in 0.011923 seconds
[2016.01.07-07.22.09:402][  0]LogContentBrowser: Native class hierarchy populated in 0.0333 seconds. Added 1807 classes and 307 folders.
[2016.01.07-07.22.09:627][  0]LogContentBrowser: Native class hierarchy updated for 'WidgetCarousel' in 0.0016 seconds. Added 0 classes and 0 folders.
[2016.01.07-07.22.09:780][  0]LogContentBrowser: Native class hierarchy updated for 'AddContentDialog' in 0.0013 seconds. Added 0 classes and 0 folders.
[2016.01.07-07.22.09:873][  0]LogContentBrowser: Native class hierarchy updated for 'SceneOutliner' in 0.0023 seconds. Added 1 classes and 2 folders.
[2016.01.07-07.22.10:045][  0]LogCrashTracker: Crashtracker disabled due to settings.
[2016.01.07-07.22.10:049][  0]LogD3D11RHI: InitD3DDevice
[2016.01.07-07.22.10:056][  0]LogUObjectGlobals:Warning: Failed to find object 'Class None.'
[2016.01.07-07.22.10:084][  0]LogLoad: Full Startup: 33.55 seconds (BP compile: 0.45 seconds)
[2016.01.07-07.22.10:666][  0]LogContentStreaming: Texture pool size is 0.000000MB
[2016.01.07-07.22.10:756][  0]LogContentStreaming: Texture pool size now 1000 MB
[2016.01.07-07.22.11:408][  1]LogLinker:Warning: Can't find file '/Game/UE4_Mannequin/Mesh/UE4_Mannequin'
[2016.01.07-07.22.11:409][  1]LogLinker:Warning: Can't find file '/Game/UE4_Mannequin/Mesh/UE4_Mannequin'
[2016.01.07-07.22.11:410][  1]LogLinker:Warning: Can't find file '/Game/UE4_Mannequin/Mesh/UE4_Mannequin'
[2016.01.07-07.22.11:410][  1]LogUObjectGlobals:Warning: Failed to find object 'SkeletalMesh /Game/UE4_Mannequin/Mesh/UE4_Mannequin.UE4_Mannequin'
[2016.01.07-07.22.11:534][  1]LogRenderer: Reallocating scene render targets to support 1056x456 (Frame:2).
[2016.01.07-07.22.12:482][  3]LogLinker:Warning: Can't find file '/Game/UE4_Mannequin/Mesh/UE4_Mannequin'
[2016.01.07-07.22.12:483][  3]LogLinker:Warning: Can't find file '/Game/UE4_Mannequin/Mesh/UE4_Mannequin'
[2016.01.07-07.22.12:484][  3]LogLinker:Warning: Can't find file '/Game/UE4_Mannequin/Mesh/UE4_Mannequin'
[2016.01.07-07.22.12:485][  3]LogUObjectGlobals:Warning: Failed to find object 'SkeletalMesh /Game/UE4_Mannequin/Mesh/UE4_Mannequin.UE4_Mannequin'
[2016.01.07-07.22.14:815][ 10]LogD3D11RHI: InitD3DDevice
[2016.01.07-07.22.17:166][ 17]LogAssetRegistry: Asset discovery search completed in 20.5252 seconds
[2016.01.07-07.39.14:125][ 71]LogLinker:Warning: Can't find file '/Game/UE4_Mannequin/Mesh/UE4_Mannequin'
[2016.01.07-07.39.14:126][ 71]LogLinker:Warning: Can't find file '/Game/UE4_Mannequin/Mesh/UE4_Mannequin'
[2016.01.07-07.39.14:126][ 71]LogLinker:Warning: Can't find file '/Game/UE4_Mannequin/Mesh/UE4_Mannequin'
[2016.01.07-07.39.14:127][ 71]LogUObjectGlobals:Warning: Failed to find object 'SkeletalMesh /Game/UE4_Mannequin/Mesh/UE4_Mannequin.UE4_Mannequin'
[2016.01.07-07.39.16:133][104]LogLinker:Warning: Can't find file '/Game/UE4_Mannequin/Mesh/UE4_Mannequin'
[2016.01.07-07.39.16:133][104]LogLinker:Warning: Can't find file '/Game/UE4_Mannequin/Mesh/UE4_Mannequin'
[2016.01.07-07.39.16:134][104]LogLinker:Warning: Can't find file '/Game/UE4_Mannequin/Mesh/UE4_Mannequin'
[2016.01.07-07.39.16:134][104]LogUObjectGlobals:Warning: Failed to find object 'SkeletalMesh /Game/UE4_Mannequin/Mesh/UE4_Mannequin.UE4_Mannequin'
[2016.01.07-07.39.16:203][105]LogLinker:Warning: Can't find file '/Game/UE4_Mannequin/Mesh/UE4_Mannequin'
[2016.01.07-07.39.16:204][105]LogLinker:Warning: Can't find file '/Game/UE4_Mannequin/Mesh/UE4_Mannequin'
[2016.01.07-07.39.16:205][105]LogLinker:Warning: Can't find file '/Game/UE4_Mannequin/Mesh/UE4_Mannequin'
[2016.01.07-07.39.16:205][105]LogUObjectGlobals:Warning: Failed to find object 'SkeletalMesh /Game/UE4_Mannequin/Mesh/UE4_Mannequin.UE4_Mannequin'
[2016.01.07-07.39.16:222][106]LogLinker:Warning: Can't find file '/Game/UE4_Mannequin/Mesh/UE4_Mannequin'
[2016.01.07-07.39.16:223][106]LogLinker:Warning: Can't find file '/Game/UE4_Mannequin/Mesh/UE4_Mannequin'
[2016.01.07-07.39.16:224][106]LogLinker:Warning: Can't find file '/Game/UE4_Mannequin/Mesh/UE4_Mannequin'
[2016.01.07-07.39.16:224][106]LogUObjectGlobals:Warning: Failed to find object 'SkeletalMesh /Game/UE4_Mannequin/Mesh/UE4_Mannequin.UE4_Mannequin'
[2016.01.07-07.39.16:271][107]LogLinker:Warning: Can't find file '/Game/UE4_Mannequin/Mesh/UE4_Mannequin'
[2016.01.07-07.39.16:272][107]LogLinker:Warning: Can't find file '/Game/UE4_Mannequin/Mesh/UE4_Mannequin'
[2016.01.07-07.39.16:273][107]LogLinker:Warning: Can't find file '/Game/UE4_Mannequin/Mesh/UE4_Mannequin'
[2016.01.07-07.39.16:273][107]LogUObjectGlobals:Warning: Failed to find object 'SkeletalMesh /Game/UE4_Mannequin/Mesh/UE4_Mannequin.UE4_Mannequin'
[2016.01.07-07.39.16:338][108]LogLinker:Warning: Can't find file '/Game/UE4_Mannequin/Mesh/UE4_Mannequin'
[2016.01.07-07.39.16:339][108]LogLinker:Warning: Can't find file '/Game/UE4_Mannequin/Mesh/UE4_Mannequin'
[2016.01.07-07.39.16:340][108]LogLinker:Warning: Can't find file '/Game/UE4_Mannequin/Mesh/UE4_Mannequin'
[2016.01.07-07.39.16:340][108]LogUObjectGlobals:Warning: Failed to find object 'SkeletalMesh /Game/UE4_Mannequin/Mesh/UE4_Mannequin.UE4_Mannequin'
[2016.01.07-07.39.16:459][110]LogLinker:Warning: Can't find file '/Game/UE4_Mannequin/Mesh/UE4_Mannequin'
[2016.01.07-07.39.16:460][110]LogLinker:Warning: Can't find file '/Game/UE4_Mannequin/Mesh/UE4_Mannequin'
[2016.01.07-07.39.16:461][110]LogLinker:Warning: Can't find file '/Game/UE4_Mannequin/Mesh/UE4_Mannequin'
[2016.01.07-07.39.16:461][110]LogUObjectGlobals:Warning: Failed to find object 'SkeletalMesh /Game/UE4_Mannequin/Mesh/UE4_Mannequin.UE4_Mannequin'
[2016.01.07-07.39.16:522][111]LogLinker:Warning: Can't find file '/Game/UE4_Mannequin/Mesh/UE4_Mannequin'
[2016.01.07-07.39.16:523][111]LogLinker:Warning: Can't find file '/Game/UE4_Mannequin/Mesh/UE4_Mannequin'
[2016.01.07-07.39.16:524][111]LogLinker:Warning: Can't find file '/Game/UE4_Mannequin/Mesh/UE4_Mannequin'
[2016.01.07-07.39.16:524][111]LogUObjectGlobals:Warning: Failed to find object 'SkeletalMesh /Game/UE4_Mannequin/Mesh/UE4_Mannequin.UE4_Mannequin'
[2016.01.07-07.39.16:581][112]LogLinker:Warning: Can't find file '/Game/UE4_Mannequin/Mesh/UE4_Mannequin'
[2016.01.07-07.39.16:582][112]LogLinker:Warning: Can't find file '/Game/UE4_Mannequin/Mesh/UE4_Mannequin'
[2016.01.07-07.39.16:583][112]LogLinker:Warning: Can't find file '/Game/UE4_Mannequin/Mesh/UE4_Mannequin'
[2016.01.07-07.39.16:583][112]LogUObjectGlobals:Warning: Failed to find object 'SkeletalMesh /Game/UE4_Mannequin/Mesh/UE4_Mannequin.UE4_Mannequin'
[2016.01.07-07.39.16:640][113]LogLinker:Warning: Can't find file '/Game/UE4_Mannequin/Mesh/UE4_Mannequin'
[2016.01.07-07.39.16:640][113]LogLinker:Warning: Can't find file '/Game/UE4_Mannequin/Mesh/UE4_Mannequin'
[2016.01.07-07.39.16:641][113]LogLinker:Warning: Can't find file '/Game/UE4_Mannequin/Mesh/UE4_Mannequin'
[2016.01.07-07.39.16:641][113]LogUObjectGlobals:Warning: Failed to find object 'SkeletalMesh /Game/UE4_Mannequin/Mesh/UE4_Mannequin.UE4_Mannequin'
[2016.01.07-07.39.16:702][114]LogLinker:Warning: Can't find file '/Game/UE4_Mannequin/Mesh/UE4_Mannequin'
[2016.01.07-07.39.16:703][114]LogLinker:Warning: Can't find file '/Game/UE4_Mannequin/Mesh/UE4_Mannequin'
[2016.01.07-07.39.16:703][114]LogLinker:Warning: Can't find file '/Game/UE4_Mannequin/Mesh/UE4_Mannequin'
[2016.01.07-07.39.16:704][114]LogUObjectGlobals:Warning: Failed to find object 'SkeletalMesh /Game/UE4_Mannequin/Mesh/UE4_Mannequin.UE4_Mannequin'
[2016.01.07-07.39.16:763][115]LogLinker:Warning: Can't find file '/Game/UE4_Mannequin/Mesh/UE4_Mannequin'
[2016.01.07-07.39.16:763][115]LogLinker:Warning: Can't find file '/Game/UE4_Mannequin/Mesh/UE4_Mannequin'
[2016.01.07-07.39.16:764][115]LogLinker:Warning: Can't find file '/Game/UE4_Mannequin/Mesh/UE4_Mannequin'
[2016.01.07-07.39.16:764][115]LogUObjectGlobals:Warning: Failed to find object 'SkeletalMesh /Game/UE4_Mannequin/Mesh/UE4_Mannequin.UE4_Mannequin'
[2016.01.07-07.39.16:824][116]LogLinker:Warning: Can't find file '/Game/UE4_Mannequin/Mesh/UE4_Mannequin'
[2016.01.07-07.39.16:825][116]LogLinker:Warning: Can't find file '/Game/UE4_Mannequin/Mesh/UE4_Mannequin'
[2016.01.07-07.39.16:825][116]LogLinker:Warning: Can't find file '/Game/UE4_Mannequin/Mesh/UE4_Mannequin'
[2016.01.07-07.39.16:826][116]LogUObjectGlobals:Warning: Failed to find object 'SkeletalMesh /Game/UE4_Mannequin/Mesh/UE4_Mannequin.UE4_Mannequin'
[2016.01.07-07.39.16:887][117]LogLinker:Warning: Can't find file '/Game/UE4_Mannequin/Mesh/UE4_Mannequin'
[2016.01.07-07.39.16:888][117]LogLinker:Warning: Can't find file '/Game/UE4_Mannequin/Mesh/UE4_Mannequin'
[2016.01.07-07.39.16:889][117]LogLinker:Warning: Can't find file '/Game/UE4_Mannequin/Mesh/UE4_Mannequin'
[2016.01.07-07.39.16:889][117]LogUObjectGlobals:Warning: Failed to find object 'SkeletalMesh /Game/UE4_Mannequin/Mesh/UE4_Mannequin.UE4_Mannequin'
[2016.01.07-07.39.17:070][122]LogLinker:Warning: Can't find file '/Game/UE4_Mannequin/Mesh/UE4_Mannequin'
[2016.01.07-07.39.17:071][122]LogLinker:Warning: Can't find file '/Game/UE4_Mannequin/Mesh/UE4_Mannequin'
[2016.01.07-07.39.17:072][122]LogLinker:Warning: Can't find file '/Game/UE4_Mannequin/Mesh/UE4_Mannequin'
[2016.01.07-07.39.17:072][122]LogUObjectGlobals:Warning: Failed to find object 'SkeletalMesh /Game/UE4_Mannequin/Mesh/UE4_Mannequin.UE4_Mannequin'
[2016.01.07-07.39.46:727][501]LogD3D11RHI: InitD3DDevice
[2016.01.07-07.39.48:006][569]LogD3D11RHI: InitD3DDevice
[2016.01.07-07.39.49:761][665]LogD3D11RHI: InitD3DDevice
[2016.01.07-07.39.49:867][665]LogD3D11RHI: InitD3DDevice
[2016.01.07-07.39.50:128][665]LogD3D11RHI: InitD3DDevice
[2016.01.07-07.39.50:282][665]Cmd: OBJ SAVEPACKAGE PACKAGE="/Game/Models/shaker" FILE="../../../../../../Users/Matthew/Documents/Unreal Projects/Diner2/Content/Models/shaker.uasset" SILENT=true
[2016.01.07-07.39.50:343][665]LogSavePackage: Save=53.261784ms
[2016.01.07-07.39.50:343][665]LogSavePackage: Moving '../../../../../../Users/Matthew/Documents/Unreal Projects/Diner2/Saved/shaker2327377843FDDE8EE8F3BEBAD8D8FE23.tmp' to '../../../../../../Users/Matthew/Documents/Unreal Projects/Diner2/Content/Models/shaker.uasset'
[2016.01.07-07.39.50:379][665]Cmd: OBJ SAVEPACKAGE PACKAGE="/Game/Models/dinnerware/shaker" FILE="../../../../../../Users/Matthew/Documents/Unreal Projects/Diner2/Content/Models/dinnerware/shaker.uasset" SILENT=true
[2016.01.07-07.39.50:503][665]LogSavePackage: Save=16.605818ms
[2016.01.07-07.39.50:503][665]LogSavePackage: Moving '../../../../../../Users/Matthew/Documents/Unreal Projects/Diner2/Saved/shakerC68E9D3742F5A63BA14A3EBA378E8932.tmp' to '../../../../../../Users/Matthew/Documents/Unreal Projects/Diner2/Content/Models/dinnerware/shaker.uasset'
[2016.01.07-07.39.50:644][665]LogLinker:Warning: Can't find file '/Game/UE4_Mannequin/Mesh/UE4_Mannequin'
[2016.01.07-07.39.50:645][665]LogLinker:Warning: Can't find file '/Game/UE4_Mannequin/Mesh/UE4_Mannequin'
[2016.01.07-07.39.50:646][665]LogLinker:Warning: Can't find file '/Game/UE4_Mannequin/Mesh/UE4_Mannequin'
[2016.01.07-07.39.50:646][665]LogUObjectGlobals:Warning: Failed to find object 'SkeletalMesh /Game/UE4_Mannequin/Mesh/UE4_Mannequin.UE4_Mannequin'
[2016.01.07-07.40.06:736][853]LogD3D11RHI: InitD3DDevice
[2016.01.07-07.40.07:520][897]LogD3D11RHI: InitD3DDevice
[2016.01.07-07.40.08:729][959]LogD3D11RHI: InitD3DDevice
[2016.01.07-07.40.08:788][959]LogD3D11RHI: InitD3DDevice
[2016.01.07-07.40.08:909][959]LogD3D11RHI: InitD3DDevice
[2016.01.07-07.40.09:035][959]Cmd: OBJ SAVEPACKAGE PACKAGE="/Game/Models/interior/emptyGlass" FILE="../../../../../../Users/Matthew/Documents/Unreal Projects/Diner2/Content/Models/interior/emptyGlass.uasset" SILENT=true
[2016.01.07-07.40.09:080][959]LogSavePackage: Save=37.307709ms
[2016.01.07-07.40.09:080][959]LogSavePackage: Moving '../../../../../../Users/Matthew/Documents/Unreal Projects/Diner2/Saved/emptyGlassE32026B44741414415ABAA88E9C0A648.tmp' to '../../../../../../Users/Matthew/Documents/Unreal Projects/Diner2/Content/Models/interior/emptyGlass.uasset'
[2016.01.07-07.40.09:111][959]Cmd: OBJ SAVEPACKAGE PACKAGE="/Game/Models/emptyGlass" FILE="../../../../../../Users/Matthew/Documents/Unreal Projects/Diner2/Content/Models/emptyGlass.uasset" SILENT=true
[2016.01.07-07.40.09:189][959]LogSavePackage: Save=6.646604ms
[2016.01.07-07.40.09:189][959]LogSavePackage: Moving '../../../../../../Users/Matthew/Documents/Unreal Projects/Diner2/Saved/emptyGlass6B617BAB40FD5D8B844C65AEBF4F0B8B.tmp' to '../../../../../../Users/Matthew/Documents/Unreal Projects/Diner2/Content/Models/emptyGlass.uasset'
[2016.01.07-07.40.09:268][959]LogLinker:Warning: Can't find file '/Game/UE4_Mannequin/Mesh/UE4_Mannequin'
[2016.01.07-07.40.09:269][959]LogLinker:Warning: Can't find file '/Game/UE4_Mannequin/Mesh/UE4_Mannequin'
[2016.01.07-07.40.09:271][959]LogLinker:Warning: Can't find file '/Game/UE4_Mannequin/Mesh/UE4_Mannequin'
[2016.01.07-07.40.09:271][959]LogUObjectGlobals:Warning: Failed to find object 'SkeletalMesh /Game/UE4_Mannequin/Mesh/UE4_Mannequin.UE4_Mannequin'
[2016.01.07-07.40.10:750][976]LogD3D11RHI: InitD3DDevice
[2016.01.07-07.40.11:536][ 20]LogD3D11RHI: InitD3DDevice
[2016.01.07-07.40.12:782][ 90]LogD3D11RHI: InitD3DDevice
[2016.01.07-07.40.12:852][ 90]LogD3D11RHI: InitD3DDevice
[2016.01.07-07.40.12:920][ 90]LogD3D11RHI: InitD3DDevice
[2016.01.07-07.40.13:022][ 90]Cmd: OBJ SAVEPACKAGE PACKAGE="/Game/Models/interior/shaker" FILE="../../../../../../Users/Matthew/Documents/Unreal Projects/Diner2/Content/Models/interior/shaker.uasset" SILENT=true
[2016.01.07-07.40.13:068][ 90]LogSavePackage: Save=38.015480ms
[2016.01.07-07.40.13:068][ 90]LogSavePackage: Moving '../../../../../../Users/Matthew/Documents/Unreal Projects/Diner2/Saved/shakerC1DD95894EB7C7BEE07FEA95A1473AF3.tmp' to '../../../../../../Users/Matthew/Documents/Unreal Projects/Diner2/Content/Models/interior/shaker.uasset'
[2016.01.07-07.40.13:104][ 90]LogD3D11RHI: InitD3DDevice
[2016.01.07-07.40.13:265][ 90]LogD3D11RHI: InitD3DDevice
[2016.01.07-07.40.13:535][ 90]LogD3D11RHI: InitD3DDevice
[2016.01.07-07.40.13:572][ 90]Cmd: OBJ SAVEPACKAGE PACKAGE="/Game/Models/dinnerware/shaker" FILE="../../../../../../Users/Matthew/Documents/Unreal Projects/Diner2/Content/Models/dinnerware/shaker.uasset" SILENT=true
[2016.01.07-07.40.13:632][ 90]LogSavePackage: Save=5.817382ms
[2016.01.07-07.40.13:632][ 90]LogSavePackage: Moving '../../../../../../Users/Matthew/Documents/Unreal Projects/Diner2/Saved/shakerB29817F54A494E693302D29B2CA1E837.tmp' to '../../../../../../Users/Matthew/Documents/Unreal Projects/Diner2/Content/Models/dinnerware/shaker.uasset'
[2016.01.07-07.40.13:734][ 90]LogLinker:Warning: Can't find file '/Game/UE4_Mannequin/Mesh/UE4_Mannequin'
[2016.01.07-07.40.13:736][ 90]LogLinker:Warning: Can't find file '/Game/UE4_Mannequin/Mesh/UE4_Mannequin'
[2016.01.07-07.40.13:736][ 90]LogLinker:Warning: Can't find file '/Game/UE4_Mannequin/Mesh/UE4_Mannequin'
[2016.01.07-07.40.13:737][ 90]LogUObjectGlobals:Warning: Failed to find object 'SkeletalMesh /Game/UE4_Mannequin/Mesh/UE4_Mannequin.UE4_Mannequin'
[2016.01.07-07.40.13:815][ 91]LogLinker:Warning: Can't find file '/Game/UE4_Mannequin/Mesh/UE4_Mannequin'
[2016.01.07-07.40.13:817][ 91]LogLinker:Warning: Can't find file '/Game/UE4_Mannequin/Mesh/UE4_Mannequin'
[2016.01.07-07.40.14:177][ 91]LogLinker:Warning: Can't find file '/Game/UE4_Mannequin/Mesh/UE4_Mannequin'
[2016.01.07-07.40.14:177][ 91]LogUObjectGlobals:Warning: Failed to find object 'SkeletalMesh /Game/UE4_Mannequin/Mesh/UE4_Mannequin.UE4_Mannequin'
[2016.01.07-07.40.44:887][417]LogD3D11RHI: InitD3DDevice
[2016.01.07-07.40.44:941][417]LogFactory: FactoryCreateBinary: SubstanceInstanceFactory with SubstanceFactory (0 0 C:\Users\Matthew\Documents\Unreal Projects\Diner2\Content\tiles.sbsar)
[2016.01.07-07.40.45:131][417]LogD3D11RHI: InitD3DDevice
[2016.01.07-07.40.57:027][417]LogMaterial: Missing cached shader map for material tiles_MAT, compiling. 
[2016.01.07-07.40.57:362][417]LogD3D11RHI: InitD3DDevice
[2016.01.07-07.40.57:383][417]LogAssetTools:Warning: Failed to import 'C:\Users\Matthew\Documents\Unreal Projects\Diner2\Content\tiles.sbs'. Unknown extension 'sbs'.
[2016.01.07-07.41.04:252][530]LogD3D11RHI: InitD3DDevice
[2016.01.07-07.41.04:361][530]LogMaterial: Missing cached shader map for material tiles_MAT, compiling. 
[2016.01.07-07.41.04:890][530]LogD3D11RHI: InitD3DDevice
[2016.01.07-07.41.05:014][530]LogMaterial: Missing cached shader map for material tiles_MAT, compiling. 
[2016.01.07-07.41.05:042][530]LogMaterial: 0.000500 seconds spent updating 1 materials, 1 interfaces, 0 instances, 0 with static permutations.
[2016.01.07-07.41.05:078][530]LogMaterial: Missing cached shader map for material FMatExpressionPreview MaterialExpressionTextureSampleParameter2D_0, compiling. 
[2016.01.07-07.41.05:106][530]LogMaterial: Missing cached shader map for material FMatExpressionPreview MaterialExpressionTextureSampleParameter2D_1, compiling. 
[2016.01.07-07.41.05:114][530]LogMaterial: Missing cached shader map for material FMatExpressionPreview MaterialExpressionTextureSampleParameter2D_2, compiling. 
[2016.01.07-07.41.07:275][545]MaterialEditorStats: Info Base pass shader with only dynamic lighting: 52 instructions
[2016.01.07-07.41.07:275][545]MaterialEditorStats: Info Vertex shader: 33 instructions
[2016.01.07-07.41.07:275][545]MaterialEditorStats: Info Texture samplers: 3/16
[2016.01.07-07.41.33:754][  3]LogD3D11RHI: InitD3DDevice
[2016.01.07-07.41.36:790][ 18]LogMaterialEditor: Saving and Compiling material tiles_MAT
[2016.01.07-07.41.39:104][ 18]LogMaterial: Missing cached shader map for material tiles_MAT, compiling. 
[2016.01.07-07.41.39:178][ 18]LogMaterial: 0.000213 seconds spent updating 1 materials, 1 interfaces, 0 instances, 0 with static permutations.
[2016.01.07-07.41.39:186][ 18]LogD3D11RHI: InitD3DDevice
[2016.01.07-07.41.39:321][ 18]LogMaterial: Missing cached shader map for material tiles_MAT, compiling. 
[2016.01.07-07.41.39:437][ 18]LogMaterial: Missing cached shader map for material tiles_MAT, compiling. 
[2016.01.07-07.41.39:478][ 18]LogMaterial: 0.009534 seconds spent updating 1 materials, 1 interfaces, 0 instances, 0 with static permutations.
[2016.01.07-07.41.39:540][ 18]LogD3D11RHI: InitD3DDevice
[2016.01.07-07.41.45:453][ 18]Cmd: OBJ SAVEPACKAGE PACKAGE="/Game/tiles_MAT" FILE="../../../../../../Users/Matthew/Documents/Unreal Projects/Diner2/Content/tiles_MAT.uasset" SILENT=true
[2016.01.07-07.41.45:499][ 18]LogSavePackage: Save=40.729801ms
[2016.01.07-07.41.45:499][ 18]LogSavePackage: Moving '../../../../../../Users/Matthew/Documents/Unreal Projects/Diner2/Saved/tiles_MAT4FEE22A14CD796E61F12ECBCAEFD3D7D.tmp' to '../../../../../../Users/Matthew/Documents/Unreal Projects/Diner2/Content/tiles_MAT.uasset'
[2016.01.07-07.41.45:526][ 18]MaterialEditorStats: Info Base pass shader with only dynamic lighting: 71 instructions
[2016.01.07-07.41.45:526][ 18]MaterialEditorStats: Info Vertex shader: 33 instructions
[2016.01.07-07.41.45:526][ 18]MaterialEditorStats: Info Texture samplers: 6/16
[2016.01.07-07.41.49:856][ 76]LogD3D11RHI: InitD3DDevice
[2016.01.07-07.41.51:152][128]LogLinker:Warning: Can't find file '/Game/UE4_Mannequin/Mesh/UE4_Mannequin'
[2016.01.07-07.41.51:153][128]LogLinker:Warning: Can't find file '/Game/UE4_Mannequin/Mesh/UE4_Mannequin'
[2016.01.07-07.41.51:154][128]LogLinker:Warning: Can't find file '/Game/UE4_Mannequin/Mesh/UE4_Mannequin'
[2016.01.07-07.41.51:154][128]LogUObjectGlobals:Warning: Failed to find object 'SkeletalMesh /Game/UE4_Mannequin/Mesh/UE4_Mannequin.UE4_Mannequin'
[2016.01.07-07.41.51:156][128]LogMaterial:Warning: Material /Game/tiles_MAT.tiles_MAT needed to have new flag set bUsedWithStaticLighting !
[2016.01.07-07.41.51:175][128]LogMaterial: Missing cached shader map for material tiles_MAT, compiling. 
[2016.01.07-07.41.51:252][128]LogMaterial: 0.000303 seconds spent updating 1 materials, 1 interfaces, 0 instances, 0 with static permutations.
[2016.01.07-07.42.17:614][510]LogEditorViewport: Clicking on Actor (LMB): StaticMeshActor (floor)
[2016.01.07-07.42.22:044][568]LogD3D11RHI: InitD3DDevice
[2016.01.07-07.42.22:069][568]LogMaterial: Missing cached shader map for material PreviewMaterial_0, compiling. 
[2016.01.07-07.42.22:195][568]LogD3D11RHI: InitD3DDevice
[2016.01.07-07.42.22:361][568]LogMaterial: Missing cached shader map for material PreviewMaterial_0, compiling. 
[2016.01.07-07.42.22:386][568]LogMaterial: 0.000199 seconds spent updating 1 materials, 1 interfaces, 0 instances, 0 with static permutations.
[2016.01.07-07.42.22:430][568]LogMaterial: Missing cached shader map for material FMatExpressionPreview MaterialExpressionTextureSampleParameter2D_0, compiling. 
[2016.01.07-07.42.22:464][568]LogMaterial: Missing cached shader map for material FMatExpressionPreview MaterialExpressionTextureSampleParameter2D_1, compiling. 
[2016.01.07-07.42.22:488][568]LogMaterial: Missing cached shader map for material FMatExpressionPreview MaterialExpressionTextureSampleParameter2D_2, compiling. 
[2016.01.07-07.42.26:038][623]MaterialEditorStats: Info Base pass shader with static lighting: 84 instructions
[2016.01.07-07.42.26:038][623]MaterialEditorStats: Info Base pass shader with only dynamic lighting: 52 instructions
[2016.01.07-07.42.26:038][623]MaterialEditorStats: Info Vertex shader: 33 instructions
[2016.01.07-07.42.26:038][623]MaterialEditorStats: Info Texture samplers: 5/16
[2016.01.07-07.42.39:220][820]LogD3D11RHI: InitD3DDevice
[2016.01.07-07.42.43:047][919]LogMaterial: Missing cached shader map for material PreviewMaterial_0, compiling. 
[2016.01.07-07.42.43:069][919]LogMaterial: 0.000262 seconds spent updating 1 materials, 1 interfaces, 0 instances, 0 with static permutations.
[2016.01.07-07.42.45:391][956]MaterialEditorStats: Info Base pass shader with static lighting: 84 instructions
[2016.01.07-07.42.45:391][956]MaterialEditorStats: Info Base pass shader with only dynamic lighting: 52 instructions
[2016.01.07-07.42.45:391][956]MaterialEditorStats: Info Vertex shader: 33 instructions
[2016.01.07-07.42.45:391][956]MaterialEditorStats: Info Texture samplers: 5/16
[2016.01.07-07.42.45:635][958]LogD3D11RHI: InitD3DDevice
[2016.01.07-07.42.46:552][982]LogMaterial: Missing cached shader map for material PreviewMaterial_0, compiling. 
[2016.01.07-07.42.46:575][982]LogMaterial: 0.000291 seconds spent updating 1 materials, 1 interfaces, 0 instances, 0 with static permutations.
[2016.01.07-07.42.46:601][982]LogMaterial: Missing cached shader map for material FMatExpressionPreview MaterialExpressionTextureSampleParameter2D_0, compiling. 
[2016.01.07-07.42.47:799][995]LogD3D11RHI: InitD3DDevice
[2016.01.07-07.42.48:940][ 29]LogMaterial: Missing cached shader map for material PreviewMaterial_0, compiling. 
[2016.01.07-07.42.48:959][ 29]LogMaterial: 0.000062 seconds spent updating 1 materials, 1 interfaces, 0 instances, 0 with static permutations.
[2016.01.07-07.42.48:994][ 29]LogMaterial: Missing cached shader map for material FMatExpressionPreview MaterialExpressionTextureSampleParameter2D_0, compiling. 
[2016.01.07-07.42.49:039][ 30]MaterialEditorStats: Info Base pass shader with static lighting: 84 instructions
[2016.01.07-07.42.49:039][ 30]MaterialEditorStats: Info Base pass shader with only dynamic lighting: 52 instructions
[2016.01.07-07.42.49:039][ 30]MaterialEditorStats: Info Vertex shader: 33 instructions
[2016.01.07-07.42.49:039][ 30]MaterialEditorStats: Info Texture samplers: 5/16
[2016.01.07-07.42.51:052][ 54]LogD3D11RHI: InitD3DDevice
[2016.01.07-07.42.52:104][ 81]LogMaterial: Missing cached shader map for material PreviewMaterial_0, compiling. 
[2016.01.07-07.42.52:126][ 81]LogMaterial: 0.000268 seconds spent updating 1 materials, 1 interfaces, 0 instances, 0 with static permutations.
[2016.01.07-07.42.54:493][110]MaterialEditorStats: Info Base pass shader with static lighting: 85 instructions
[2016.01.07-07.42.54:493][110]MaterialEditorStats: Info Base pass shader with only dynamic lighting: 53 instructions
[2016.01.07-07.42.54:493][110]MaterialEditorStats: Info Vertex shader: 33 instructions
[2016.01.07-07.42.54:493][110]MaterialEditorStats: Info Texture samplers: 5/16
[2016.01.07-07.43.15:022][358]LogD3D11RHI: InitD3DDevice
[2016.01.07-07.43.19:015][388]LogD3D11RHI: InitD3DDevice
[2016.01.07-07.43.19:391][388]LogD3D11RHI: InitD3DDevice
[2016.01.07-07.43.27:073][556]LogD3D11RHI: InitD3DDevice
[2016.01.07-07.43.27:109][556]Cmd: OBJ SAVEPACKAGE PACKAGE="/Game/tiles_INST" FILE="../../../../../../Users/Matthew/Documents/Unreal Projects/Diner2/Content/tiles_INST.uasset" SILENT=true
[2016.01.07-07.43.27:122][556]LogSavePackage: Save=6.598279ms
[2016.01.07-07.43.27:122][556]LogSavePackage: Moving '../../../../../../Users/Matthew/Documents/Unreal Projects/Diner2/Saved/tiles_INST612C4EBE4BC3B07452EB6BA58A69CFF7.tmp' to '../../../../../../Users/Matthew/Documents/Unreal Projects/Diner2/Content/tiles_INST.uasset'
[2016.01.07-07.43.48:088][833]LogD3D11RHI: InitD3DDevice
[2016.01.07-07.43.48:166][833]LogMaterial: Missing cached shader map for material LightGlass, compiling. 
[2016.01.07-07.43.48:282][833]LogD3D11RHI: InitD3DDevice
[2016.01.07-07.43.48:516][833]LogMaterial: Missing cached shader map for material LightGlass, compiling. 
[2016.01.07-07.43.48:538][833]LogMaterial: 0.000206 seconds spent updating 1 materials, 1 interfaces, 0 instances, 0 with static permutations.
[2016.01.07-07.43.48:592][833]LogMaterial: Missing cached shader map for material FMatExpressionPreview MaterialExpressionConstant3Vector_1, compiling. 
[2016.01.07-07.43.51:909][884]MaterialEditorStats: Info Base pass shader with static lighting: 58 instructions
[2016.01.07-07.43.51:909][884]MaterialEditorStats: Info Base pass shader with only dynamic lighting: 30 instructions
[2016.01.07-07.43.51:909][884]MaterialEditorStats: Info Vertex shader: 31 instructions
[2016.01.07-07.43.51:909][884]MaterialEditorStats: Info Texture samplers: 2/16
[2016.01.07-07.43.53:579][907]LogD3D11RHI: InitD3DDevice
[2016.01.07-07.43.58:312][  0]LogMaterial: Missing cached shader map for material LightGlass, compiling. 
[2016.01.07-07.43.58:333][  0]LogMaterial: 0.000185 seconds spent updating 1 materials, 1 interfaces, 0 instances, 0 with static permutations.
[2016.01.07-07.43.58:374][  0]LogMaterial: Missing cached shader map for material FMatExpressionPreview MaterialExpressionConstant3Vector_1, compiling. 
[2016.01.07-07.44.00:900][ 27]MaterialEditorStats: Info Base pass shader with static lighting: 58 instructions
[2016.01.07-07.44.00:900][ 27]MaterialEditorStats: Info Base pass shader with only dynamic lighting: 30 instructions
[2016.01.07-07.44.00:900][ 27]MaterialEditorStats: Info Vertex shader: 31 instructions
[2016.01.07-07.44.00:900][ 27]MaterialEditorStats: Info Texture samplers: 2/16
[2016.01.07-07.44.03:080][ 51]LogMaterialEditor: Saving and Compiling material LightGlass
[2016.01.07-07.44.04:596][ 51]LogMaterial: Missing cached shader map for material LightGlass, compiling. 
[2016.01.07-07.44.04:680][ 51]LogMaterial: 0.000122 seconds spent updating 1 materials, 1 interfaces, 0 instances, 0 with static permutations.
[2016.01.07-07.44.04:690][ 51]LogD3D11RHI: InitD3DDevice
[2016.01.07-07.44.04:826][ 51]LogMaterial: Missing cached shader map for material LightGlass, compiling. 
[2016.01.07-07.44.05:063][ 51]LogMaterial: Missing cached shader map for material LightGlass, compiling. 
[2016.01.07-07.44.05:110][ 51]LogMaterial: 0.007832 seconds spent updating 1 materials, 1 interfaces, 0 instances, 0 with static permutations.
[2016.01.07-07.44.05:163][ 51]LogD3D11RHI: InitD3DDevice
[2016.01.07-07.44.10:232][ 51]Cmd: OBJ SAVEPACKAGE PACKAGE="/Game/Models/Text/LightGlass" FILE="../../../../../../Users/Matthew/Documents/Unreal Projects/Diner2/Content/Models/Text/LightGlass.uasset" SILENT=true
[2016.01.07-07.44.10:295][ 51]LogSavePackage: Save=24.064966ms
[2016.01.07-07.44.10:295][ 51]LogSavePackage: Moving '../../../../../../Users/Matthew/Documents/Unreal Projects/Diner2/Saved/LightGlass6FDF220F4D68128E3A9933A070B214F0.tmp' to '../../../../../../Users/Matthew/Documents/Unreal Projects/Diner2/Content/Models/Text/LightGlass.uasset'
[2016.01.07-07.44.10:317][ 51]MaterialEditorStats: Info Base pass shader with static lighting: 93 instructions
[2016.01.07-07.44.10:317][ 51]MaterialEditorStats: Info Base pass shader with only dynamic lighting: 61 instructions
[2016.01.07-07.44.10:317][ 51]MaterialEditorStats: Info Vertex shader: 31 instructions
[2016.01.07-07.44.10:317][ 51]MaterialEditorStats: Info Texture samplers: 3/16
[2016.01.07-07.44.18:644][158]LogEditorViewport: Clicking on Actor (LMB): StaticMeshActor (BarLight4)
[2016.01.07-07.44.18:809][158]LogEditorViewport: Clicking on Component (LMB): StaticMeshComponent (StaticMeshComponent0)
[2016.01.07-07.44.25:277][227]LogMaterial: Missing cached shader map for material LightGlass, compiling. 
[2016.01.07-07.44.25:299][227]LogMaterial: 0.000256 seconds spent updating 1 materials, 1 interfaces, 0 instances, 0 with static permutations.
[2016.01.07-07.44.27:755][254]MaterialEditorStats: Info Base pass shader with static lighting: 58 instructions
[2016.01.07-07.44.27:755][254]MaterialEditorStats: Info Base pass shader with only dynamic lighting: 30 instructions
[2016.01.07-07.44.27:755][254]MaterialEditorStats: Info Vertex shader: 31 instructions
[2016.01.07-07.44.27:755][254]MaterialEditorStats: Info Texture samplers: 2/16
[2016.01.07-07.44.31:388][302]LogMaterial: Missing cached shader map for material LightGlass, compiling. 
[2016.01.07-07.44.31:409][302]LogMaterial: 0.000272 seconds spent updating 1 materials, 1 interfaces, 0 instances, 0 with static permutations.
[2016.01.07-07.44.33:652][328]MaterialEditorStats: Info Base pass shader with static lighting: 58 instructions
[2016.01.07-07.44.33:652][328]MaterialEditorStats: Info Base pass shader with only dynamic lighting: 30 instructions
[2016.01.07-07.44.33:652][328]MaterialEditorStats: Info Vertex shader: 31 instructions
[2016.01.07-07.44.33:652][328]MaterialEditorStats: Info Texture samplers: 2/16
[2016.01.07-07.44.37:018][373]LogMaterial: Missing cached shader map for material LightGlass, compiling. 
[2016.01.07-07.44.37:040][373]LogMaterial: 0.000333 seconds spent updating 1 materials, 1 interfaces, 0 instances, 0 with static permutations.
[2016.01.07-07.44.39:240][398]MaterialEditorStats: Info Base pass shader with static lighting: 58 instructions
[2016.01.07-07.44.39:240][398]MaterialEditorStats: Info Base pass shader with only dynamic lighting: 30 instructions
[2016.01.07-07.44.39:240][398]MaterialEditorStats: Info Vertex shader: 31 instructions
[2016.01.07-07.44.39:240][398]MaterialEditorStats: Info Texture samplers: 2/16
[2016.01.07-07.44.42:764][437]LogMaterialEditor: Saving and Compiling material LightGlass
[2016.01.07-07.44.44:274][437]LogMaterial: Missing cached shader map for material LightGlass, compiling. 
[2016.01.07-07.44.44:361][437]LogMaterial: 0.000140 seconds spent updating 1 materials, 1 interfaces, 0 instances, 0 with static permutations.
[2016.01.07-07.44.44:370][437]LogD3D11RHI: InitD3DDevice
[2016.01.07-07.44.44:543][437]LogMaterial: Missing cached shader map for material LightGlass, compiling. 
[2016.01.07-07.44.44:699][437]LogMaterial: Missing cached shader map for material LightGlass, compiling. 
[2016.01.07-07.44.44:743][437]LogMaterial: 0.006971 seconds spent updating 1 materials, 1 interfaces, 0 instances, 0 with static permutations.
[2016.01.07-07.44.44:798][437]LogD3D11RHI: InitD3DDevice
[2016.01.07-07.44.50:320][437]Cmd: OBJ SAVEPACKAGE PACKAGE="/Game/Models/Text/LightGlass" FILE="../../../../../../Users/Matthew/Documents/Unreal Projects/Diner2/Content/Models/Text/LightGlass.uasset" SILENT=true
[2016.01.07-07.44.50:421][437]LogSavePackage: Save=45.593086ms
[2016.01.07-07.44.50:421][437]LogSavePackage: Moving '../../../../../../Users/Matthew/Documents/Unreal Projects/Diner2/Saved/LightGlass5C5A809743F741890C81AD80F219AB10.tmp' to '../../../../../../Users/Matthew/Documents/Unreal Projects/Diner2/Content/Models/Text/LightGlass.uasset'
[2016.01.07-07.44.50:462][437]MaterialEditorStats: Info Base pass shader with static lighting: 93 instructions
[2016.01.07-07.44.50:462][437]MaterialEditorStats: Info Base pass shader with only dynamic lighting: 61 instructions
[2016.01.07-07.44.50:462][437]MaterialEditorStats: Info Vertex shader: 31 instructions
[2016.01.07-07.44.50:463][437]MaterialEditorStats: Info Texture samplers: 3/16
[2016.01.07-07.45.23:015][880]LogD3D11RHI: InitD3DDevice
[2016.01.07-07.45.23:040][880]LogMaterial: Missing cached shader map for material PreviewMaterial_1, compiling. 
[2016.01.07-07.45.23:159][880]LogD3D11RHI: InitD3DDevice
[2016.01.07-07.45.23:345][880]LogMaterial: Missing cached shader map for material PreviewMaterial_1, compiling. 
[2016.01.07-07.45.23:368][880]LogMaterial: 0.000202 seconds spent updating 1 materials, 1 interfaces, 0 instances, 0 with static permutations.
[2016.01.07-07.45.23:406][880]LogMaterial: Missing cached shader map for material FMatExpressionPreview MaterialExpressionConstant3Vector_1, compiling. 
[2016.01.07-07.45.27:448][909]MaterialEditorStats: Info Base pass shader with static lighting: 58 instructions
[2016.01.07-07.45.27:448][909]MaterialEditorStats: Info Base pass shader with only dynamic lighting: 30 instructions
[2016.01.07-07.45.27:448][909]MaterialEditorStats: Info Vertex shader: 31 instructions
[2016.01.07-07.45.27:448][909]MaterialEditorStats: Info Texture samplers: 2/16
[2016.01.07-07.45.32:041][952]LogD3D11RHI: InitD3DDevice
[2016.01.07-07.45.32:115][952]LogMaterial: Missing cached shader map for material Fire, compiling. 
[2016.01.07-07.45.32:355][952]LogMaterial: Missing cached shader map for material Fire, compiling. 
[2016.01.07-07.45.32:377][952]LogMaterial: 0.000238 seconds spent updating 1 materials, 1 interfaces, 0 instances, 0 with static permutations.
[2016.01.07-07.45.32:456][952]LogMaterial: Missing cached shader map for material FMatExpressionPreview MaterialExpressionConstant3Vector_3, compiling. 
[2016.01.07-07.45.34:425][974]MaterialEditorStats: Info Base pass shader with only dynamic lighting: 32 instructions
[2016.01.07-07.45.34:425][974]MaterialEditorStats: Info Vertex shader: 31 instructions
[2016.01.07-07.45.34:425][974]MaterialEditorStats: Info Texture samplers: 0/16
[2016.01.07-07.45.55:695][289]LogMaterial: Missing cached shader map for material Fire, compiling. 
[2016.01.07-07.45.55:714][289]LogMaterial: 0.000247 seconds spent updating 1 materials, 1 interfaces, 0 instances, 0 with static permutations.
[2016.01.07-07.45.58:163][319]LogD3D11RHI: InitD3DDevice
[2016.01.07-07.45.59:026][342]MaterialEditorStats: Info Base pass shader with only dynamic lighting: 31 instructions
[2016.01.07-07.45.59:026][342]MaterialEditorStats: Info Vertex shader: 31 instructions
[2016.01.07-07.45.59:026][342]MaterialEditorStats: Info Texture samplers: 0/16
[2016.01.07-07.45.59:478][353]LogMaterial: Missing cached shader map for material Fire, compiling. 
[2016.01.07-07.45.59:498][353]LogMaterial: 0.000238 seconds spent updating 1 materials, 1 interfaces, 0 instances, 0 with static permutations.
[2016.01.07-07.45.59:538][353]LogMaterial: Missing cached shader map for material FMatExpressionPreview MaterialExpressionConstant3Vector_3, compiling. 
[2016.01.07-07.46.00:494][364]LogD3D11RHI: InitD3DDevice
[2016.01.07-07.46.01:560][395]MaterialEditorStats: Info Base pass shader with only dynamic lighting: 31 instructions
[2016.01.07-07.46.01:560][395]MaterialEditorStats: Info Vertex shader: 31 instructions
[2016.01.07-07.46.01:560][395]MaterialEditorStats: Info Texture samplers: 0/16
[2016.01.07-07.46.02:758][435]LogMaterial: Missing cached shader map for material Fire, compiling. 
[2016.01.07-07.46.02:773][435]LogMaterial: 0.000226 seconds spent updating 1 materials, 1 interfaces, 0 instances, 0 with static permutations.
[2016.01.07-07.46.04:841][461]MaterialEditorStats: Info Base pass shader with only dynamic lighting: 31 instructions
[2016.01.07-07.46.04:841][461]MaterialEditorStats: Info Vertex shader: 31 instructions
[2016.01.07-07.46.04:841][461]MaterialEditorStats: Info Texture samplers: 0/16
[2016.01.07-07.46.15:351][600]LogMaterial: Missing cached shader map for material Fire, compiling. 
[2016.01.07-07.46.15:370][600]LogMaterial: 0.000258 seconds spent updating 1 materials, 1 interfaces, 0 instances, 0 with static permutations.
[2016.01.07-07.46.16:693][616]LogD3D11RHI: InitD3DDevice
[2016.01.07-07.46.17:235][635]MaterialEditorStats: Info Base pass shader with only dynamic lighting: 31 instructions
[2016.01.07-07.46.17:235][635]MaterialEditorStats: Info Vertex shader: 31 instructions
[2016.01.07-07.46.17:235][635]MaterialEditorStats: Info Texture samplers: 0/16
[2016.01.07-07.46.17:960][658]LogMaterial: Missing cached shader map for material Fire, compiling. 
[2016.01.07-07.46.17:980][658]LogMaterial: 0.000250 seconds spent updating 1 materials, 1 interfaces, 0 instances, 0 with static permutations.
[2016.01.07-07.46.20:180][686]MaterialEditorStats: Info Base pass shader with only dynamic lighting: 31 instructions
[2016.01.07-07.46.20:180][686]MaterialEditorStats: Info Vertex shader: 31 instructions
[2016.01.07-07.46.20:180][686]MaterialEditorStats: Info Texture samplers: 0/16
[2016.01.07-07.46.24:079][736]LogMaterial: Missing cached shader map for material Fire, compiling. 
[2016.01.07-07.46.24:098][736]LogMaterial: 0.000252 seconds spent updating 1 materials, 1 interfaces, 0 instances, 0 with static permutations.
[2016.01.07-07.46.26:097][762]MaterialEditorStats: Info Base pass shader with only dynamic lighting: 30 instructions
[2016.01.07-07.46.26:097][762]MaterialEditorStats: Info Vertex shader: 31 instructions
[2016.01.07-07.46.26:097][762]MaterialEditorStats: Info Texture samplers: 0/16
[2016.01.07-07.46.30:053][814]LogMaterial: Missing cached shader map for material Fire, compiling. 
[2016.01.07-07.46.30:072][814]LogMaterial: 0.000212 seconds spent updating 1 materials, 1 interfaces, 0 instances, 0 with static permutations.
[2016.01.07-07.46.32:096][840]MaterialEditorStats: Info Base pass shader with only dynamic lighting: 30 instructions
[2016.01.07-07.46.32:096][840]MaterialEditorStats: Info Vertex shader: 31 instructions
[2016.01.07-07.46.32:096][840]MaterialEditorStats: Info Texture samplers: 0/16
[2016.01.07-07.46.34:747][874]LogMaterialEditor: Saving and Compiling material Fire
[2016.01.07-07.46.36:265][874]LogMaterial: Missing cached shader map for material Fire, compiling. 
[2016.01.07-07.46.36:325][874]LogMaterial: 0.000241 seconds spent updating 1 materials, 1 interfaces, 0 instances, 0 with static permutations.
[2016.01.07-07.46.36:331][874]LogD3D11RHI: InitD3DDevice
[2016.01.07-07.46.36:494][874]LogMaterial: Missing cached shader map for material Fire, compiling. 
[2016.01.07-07.46.36:636][874]LogMaterial: Missing cached shader map for material Fire, compiling. 
[2016.01.07-07.46.36:685][874]LogMaterial: 0.009312 seconds spent updating 1 materials, 1 interfaces, 0 instances, 0 with static permutations.
[2016.01.07-07.46.36:748][874]LogD3D11RHI: InitD3DDevice
[2016.01.07-07.46.42:220][874]Cmd: OBJ SAVEPACKAGE PACKAGE="/Game/Models/Text/cigerette/Fire" FILE="../../../../../../Users/Matthew/Documents/Unreal Projects/Diner2/Content/Models/Text/cigerette/Fire.uasset" SILENT=true
[2016.01.07-07.46.42:339][874]LogSavePackage: Save=49.955589ms
[2016.01.07-07.46.42:339][874]LogSavePackage: Moving '../../../../../../Users/Matthew/Documents/Unreal Projects/Diner2/Saved/Fire9E2D21824C00F1AA326EEDA33038CA5D.tmp' to '../../../../../../Users/Matthew/Documents/Unreal Projects/Diner2/Content/Models/Text/cigerette/Fire.uasset'
[2016.01.07-07.46.42:380][874]MaterialEditorStats: Info Base pass shader with only dynamic lighting: 61 instructions
[2016.01.07-07.46.42:380][874]MaterialEditorStats: Info Vertex shader: 31 instructions
[2016.01.07-07.46.42:380][874]MaterialEditorStats: Info Texture samplers: 3/16
[2016.01.07-07.47.51:030][871]LogD3D11RHI: InitD3DDevice
[2016.01.07-07.47.51:103][871]LogMaterial: Missing cached shader map for material table, compiling. 
[2016.01.07-07.47.51:421][871]LogMaterial: Missing cached shader map for material table, compiling. 
[2016.01.07-07.47.51:443][871]LogMaterial: 0.000162 seconds spent updating 1 materials, 1 interfaces, 0 instances, 0 with static permutations.
[2016.01.07-07.47.51:474][871]LogMaterial: Missing cached shader map for material FMatExpressionPreview MaterialExpressionConstant3Vector_4, compiling. 
[2016.01.07-07.47.54:806][916]MaterialEditorStats: Info Base pass shader with static lighting: 63 instructions
[2016.01.07-07.47.54:806][916]MaterialEditorStats: Info Base pass shader with only dynamic lighting: 31 instructions
[2016.01.07-07.47.54:806][916]MaterialEditorStats: Info Vertex shader: 31 instructions
[2016.01.07-07.47.54:806][916]MaterialEditorStats: Info Texture samplers: 2/16
[2016.01.07-07.48.01:934][991]LogD3D11RHI: InitD3DDevice
[2016.01.07-07.48.08:166][110]LogMaterial: Missing cached shader map for material table, compiling. 
[2016.01.07-07.48.08:187][110]LogMaterial: 0.000229 seconds spent updating 1 materials, 1 interfaces, 0 instances, 0 with static permutations.
[2016.01.07-07.48.08:247][110]LogMaterial: Missing cached shader map for material FMatExpressionPreview MaterialExpressionConstant3Vector_4, compiling. 
[2016.01.07-07.48.10:009][133]LogMaterialEditor: Saving and Compiling material table
[2016.01.07-07.48.11:098][133]LogMaterial: Missing cached shader map for material table, compiling. 
[2016.01.07-07.48.11:166][133]LogMaterial: 0.000186 seconds spent updating 1 materials, 1 interfaces, 0 instances, 0 with static permutations.
[2016.01.07-07.48.11:174][133]LogD3D11RHI: InitD3DDevice
[2016.01.07-07.48.11:359][133]LogMaterial: Missing cached shader map for material table, compiling. 
[2016.01.07-07.48.11:589][133]LogMaterial: Missing cached shader map for material table, compiling. 
[2016.01.07-07.48.11:653][133]LogMaterial: 0.009878 seconds spent updating 1 materials, 1 interfaces, 0 instances, 0 with static permutations.
[2016.01.07-07.48.11:726][133]LogD3D11RHI: InitD3DDevice
[2016.01.07-07.48.16:460][133]Cmd: OBJ SAVEPACKAGE PACKAGE="/Game/Models/Text/table" FILE="../../../../../../Users/Matthew/Documents/Unreal Projects/Diner2/Content/Models/Text/table.uasset" SILENT=true
[2016.01.07-07.48.16:522][133]LogSavePackage: Save=25.034031ms
[2016.01.07-07.48.16:522][133]LogSavePackage: Moving '../../../../../../Users/Matthew/Documents/Unreal Projects/Diner2/Saved/table93BA406945B922A60468CAB06C3C1ED4.tmp' to '../../../../../../Users/Matthew/Documents/Unreal Projects/Diner2/Content/Models/Text/table.uasset'
[2016.01.07-07.48.16:548][133]MaterialEditorStats: Info Base pass shader with static lighting: 94 instructions
[2016.01.07-07.48.16:548][133]MaterialEditorStats: Info Base pass shader with only dynamic lighting: 62 instructions
[2016.01.07-07.48.16:548][133]MaterialEditorStats: Info Vertex shader: 31 instructions
[2016.01.07-07.48.16:548][133]MaterialEditorStats: Info Texture samplers: 3/16
[2016.01.07-07.48.38:605][389]LogD3D11RHI: InitD3DDevice
[2016.01.07-07.48.38:630][389]LogMaterial: Missing cached shader map for material barstool, compiling. 
[2016.01.07-07.48.38:743][389]LogD3D11RHI: InitD3DDevice
[2016.01.07-07.48.38:888][389]LogMaterial: Missing cached shader map for material barstool, compiling. 
[2016.01.07-07.48.38:912][389]LogMaterial: 0.000176 seconds spent updating 1 materials, 1 interfaces, 0 instances, 0 with static permutations.
[2016.01.07-07.48.38:961][389]LogMaterial: Missing cached shader map for material FMatExpressionPreview MaterialExpressionConstant3Vector_2, compiling. 
[2016.01.07-07.48.41:675][421]LogD3D11RHI: InitD3DDevice
[2016.01.07-07.48.42:399][430]MaterialEditorStats: Info Base pass shader with static lighting: 63 instructions
[2016.01.07-07.48.42:399][430]MaterialEditorStats: Info Base pass shader with only dynamic lighting: 31 instructions
[2016.01.07-07.48.42:399][430]MaterialEditorStats: Info Vertex shader: 31 instructions
[2016.01.07-07.48.42:399][430]MaterialEditorStats: Info Texture samplers: 2/16
[2016.01.07-07.48.45:849][491]LogMaterial: Missing cached shader map for material barstool, compiling. 
[2016.01.07-07.48.45:870][491]LogMaterial: 0.000233 seconds spent updating 1 materials, 1 interfaces, 0 instances, 0 with static permutations.
[2016.01.07-07.48.45:911][491]LogMaterial: Missing cached shader map for material FMatExpressionPreview MaterialExpressionConstant3Vector_2, compiling. 
[2016.01.07-07.48.47:210][506]LogMaterialEditor: Saving and Compiling material barstool
[2016.01.07-07.48.48:392][506]LogMaterial: Missing cached shader map for material barstool, compiling. 
[2016.01.07-07.48.48:461][506]LogMaterial: 0.000206 seconds spent updating 1 materials, 1 interfaces, 0 instances, 0 with static permutations.
[2016.01.07-07.48.48:470][506]LogD3D11RHI: InitD3DDevice
[2016.01.07-07.48.48:634][506]LogMaterial: Missing cached shader map for material barstool, compiling. 
[2016.01.07-07.48.48:844][506]LogMaterial: Missing cached shader map for material barstool, compiling. 
[2016.01.07-07.48.48:901][506]LogMaterial: 0.010241 seconds spent updating 1 materials, 1 interfaces, 0 instances, 0 with static permutations.
[2016.01.07-07.48.48:968][506]LogD3D11RHI: InitD3DDevice
[2016.01.07-07.48.54:051][506]Cmd: OBJ SAVEPACKAGE PACKAGE="/Game/Models/Text/barstool" FILE="../../../../../../Users/Matthew/Documents/Unreal Projects/Diner2/Content/Models/Text/barstool.uasset" SILENT=true
[2016.01.07-07.48.54:161][506]LogSavePackage: Save=49.219166ms
[2016.01.07-07.48.54:161][506]LogSavePackage: Moving '../../../../../../Users/Matthew/Documents/Unreal Projects/Diner2/Saved/barstool31536C0C4A2046B67075DABAA39E0F8F.tmp' to '../../../../../../Users/Matthew/Documents/Unreal Projects/Diner2/Content/Models/Text/barstool.uasset'
[2016.01.07-07.48.54:198][506]MaterialEditorStats: Info Base pass shader with static lighting: 94 instructions
[2016.01.07-07.48.54:199][506]MaterialEditorStats: Info Base pass shader with only dynamic lighting: 62 instructions
[2016.01.07-07.48.54:199][506]MaterialEditorStats: Info Vertex shader: 31 instructions
[2016.01.07-07.48.54:199][506]MaterialEditorStats: Info Texture samplers: 3/16
[2016.01.07-07.48.55:850][521]LogD3D11RHI: InitD3DDevice
[2016.01.07-07.48.55:878][521]LogMaterial: Missing cached shader map for material barstool2, compiling. 
[2016.01.07-07.48.56:125][521]LogMaterial: Missing cached shader map for material barstool2, compiling. 
[2016.01.07-07.48.56:147][521]LogMaterial: 0.000212 seconds spent updating 1 materials, 1 interfaces, 0 instances, 0 with static permutations.
[2016.01.07-07.48.56:175][521]LogMaterial: Missing cached shader map for material FMatExpressionPreview MaterialExpressionConstant3Vector_3, compiling. 
[2016.01.07-07.48.58:544][553]MaterialEditorStats: Info Base pass shader with static lighting: 63 instructions
[2016.01.07-07.48.58:544][553]MaterialEditorStats: Info Base pass shader with only dynamic lighting: 31 instructions
[2016.01.07-07.48.58:545][553]MaterialEditorStats: Info Vertex shader: 31 instructions
[2016.01.07-07.48.58:545][553]MaterialEditorStats: Info Texture samplers: 2/16
[2016.01.07-07.48.59:220][561]LogD3D11RHI: InitD3DDevice
[2016.01.07-07.49.05:154][656]LogMaterial: Missing cached shader map for material barstool2, compiling. 
[2016.01.07-07.49.05:175][656]LogMaterial: 0.000263 seconds spent updating 1 materials, 1 interfaces, 0 instances, 0 with static permutations.
[2016.01.07-07.49.05:205][656]LogMaterial: Missing cached shader map for material FMatExpressionPreview MaterialExpressionConstant3Vector_3, compiling. 
[2016.01.07-07.49.06:672][673]LogMaterialEditor: Saving and Compiling material barstool2
[2016.01.07-07.49.07:898][673]LogMaterial: Missing cached shader map for material barstool2, compiling. 
[2016.01.07-07.49.07:942][673]LogMaterial: 0.000119 seconds spent updating 1 materials, 1 interfaces, 0 instances, 0 with static permutations.
[2016.01.07-07.49.07:946][673]LogD3D11RHI: InitD3DDevice
[2016.01.07-07.49.08:071][673]LogMaterial: Missing cached shader map for material barstool2, compiling. 
[2016.01.07-07.49.08:261][673]LogMaterial: Missing cached shader map for material barstool2, compiling. 
[2016.01.07-07.49.08:325][673]LogMaterial: 0.009439 seconds spent updating 1 materials, 1 interfaces, 0 instances, 0 with static permutations.
[2016.01.07-07.49.08:395][673]LogD3D11RHI: InitD3DDevice
[2016.01.07-07.49.13:280][673]Cmd: OBJ SAVEPACKAGE PACKAGE="/Game/Models/Text/barstool2" FILE="../../../../../../Users/Matthew/Documents/Unreal Projects/Diner2/Content/Models/Text/barstool2.uasset" SILENT=true
[2016.01.07-07.49.13:342][673]LogSavePackage: Save=25.386417ms
[2016.01.07-07.49.13:342][673]LogSavePackage: Moving '../../../../../../Users/Matthew/Documents/Unreal Projects/Diner2/Saved/barstool2C3C8EC2148FF2F0473F6D29D94CD2379.tmp' to '../../../../../../Users/Matthew/Documents/Unreal Projects/Diner2/Content/Models/Text/barstool2.uasset'
[2016.01.07-07.49.13:364][673]MaterialEditorStats: Info Base pass shader with static lighting: 94 instructions
[2016.01.07-07.49.13:364][673]MaterialEditorStats: Info Base pass shader with only dynamic lighting: 62 instructions
[2016.01.07-07.49.13:364][673]MaterialEditorStats: Info Vertex shader: 31 instructions
[2016.01.07-07.49.13:364][673]MaterialEditorStats: Info Texture samplers: 3/16
[2016.01.07-07.49.15:201][695]LogMaterialEditor: Saving and Compiling material barstool2
[2016.01.07-07.49.15:222][695]LogD3D11RHI: InitD3DDevice
[2016.01.07-07.49.15:255][695]Cmd: OBJ SAVEPACKAGE PACKAGE="/Game/Models/Text/barstool2" FILE="../../../../../../Users/Matthew/Documents/Unreal Projects/Diner2/Content/Models/Text/barstool2.uasset" SILENT=true
[2016.01.07-07.49.15:321][695]LogSavePackage: Save=7.184165ms
[2016.01.07-07.49.15:321][695]LogSavePackage: Moving '../../../../../../Users/Matthew/Documents/Unreal Projects/Diner2/Saved/barstool20866D2CD40E376750243389A6448EA15.tmp' to '../../../../../../Users/Matthew/Documents/Unreal Projects/Diner2/Content/Models/Text/barstool2.uasset'
[2016.01.07-07.49.57:817][341]LogD3D11RHI: InitD3DDevice
[2016.01.07-07.50.00:255][435]LogD3D11RHI: InitD3DDevice
[2016.01.07-07.50.05:320][453]LogD3D11RHI: InitD3DDevice
[2016.01.07-07.50.06:369][487]LogD3D11RHI: InitD3DDevice
[2016.01.07-07.50.07:148][514]LogD3D11RHI: InitD3DDevice
[2016.01.07-07.50.08:523][559]LogD3D11RHI: InitD3DDevice
[2016.01.07-07.50.12:317][571]LogD3D11RHI: InitD3DDevice
[2016.01.07-07.50.12:976][594]LogD3D11RHI: InitD3DDevice
[2016.01.07-07.50.13:391][611]LogD3D11RHI: InitD3DDevice
[2016.01.07-07.50.14:740][675]LogParticles: Destroying 0 GPU particle simulations for FXSystem 0x000000D29E783EC0
[2016.01.07-07.50.14:740][675]LogParticles: Destroying 0 GPU particle simulations for FXSystem 0x000000D2DC4C0F40
[2016.01.07-07.50.14:741][675]LogParticles: Destroying 0 GPU particle simulations for FXSystem 0x000000D29E782A20
[2016.01.07-07.50.14:741][675]LogParticles: Destroying 0 GPU particle simulations for FXSystem 0x000000D2D7095440
[2016.01.07-07.50.14:742][675]LogParticles: Destroying 0 GPU particle simulations for FXSystem 0x000000D2B591E200
[2016.01.07-07.50.14:743][675]LogParticles: Destroying 0 GPU particle simulations for FXSystem 0x000000D2D4E35E40
[2016.01.07-07.50.14:744][675]LogParticles: Destroying 0 GPU particle simulations for FXSystem 0x000000D2DC4C0A40
[2016.01.07-07.50.14:789][675]LogParticles: Destroying 0 GPU particle simulations for FXSystem 0x000000D2E7E05620
[2016.01.07-07.50.14:794][675]LogD3D11RHI: InitD3DDevice
[2016.01.07-07.50.15:225][675]Cmd: OBJ SAVEPACKAGE PACKAGE="/Game/dinerscene" FILE="../../../../../../Users/Matthew/Documents/Unreal Projects/Diner2/Content/dinerscene.umap" SILENT=true AUTOSAVING=false KEEPDIRTY=false
[2016.01.07-07.50.16:593][675]LogSavePackage: Save=1115.207520ms
[2016.01.07-07.50.16:593][675]LogSavePackage: Moving '../../../../../../Users/Matthew/Documents/Unreal Projects/Diner2/Saved/dinerscene0F8900D84D8747E86C793B8148AD0806.tmp' to '../../../../../../Users/Matthew/Documents/Unreal Projects/Diner2/Content/dinerscene.umap'
[2016.01.07-07.50.16:674][675]LogFileHelpers: Saving map 'dinerscene' took 1.782
[2016.01.07-07.50.16:687][675]Cmd: OBJ SAVEPACKAGE PACKAGE="/Game/tiles" FILE="../../../../../../Users/Matthew/Documents/Unreal Projects/Diner2/Content/tiles.uasset" SILENT=true
[2016.01.07-07.50.16:699][675]LogSavePackage: Save=4.669558ms
[2016.01.07-07.50.16:699][675]LogSavePackage: Moving '../../../../../../Users/Matthew/Documents/Unreal Projects/Diner2/Saved/tiles501DFA1148F23207776A399B305323A4.tmp' to '../../../../../../Users/Matthew/Documents/Unreal Projects/Diner2/Content/tiles.uasset'
[2016.01.07-07.50.16:823][675]Cmd: OBJ SAVEPACKAGE PACKAGE="/Game/tiles_INST_normal" FILE="../../../../../../Users/Matthew/Documents/Unreal Projects/Diner2/Content/tiles_INST_normal.uasset" SILENT=true
[2016.01.07-07.50.16:862][675]LogSavePackage: Save=23.396969ms
[2016.01.07-07.50.16:862][675]LogSavePackage: Moving '../../../../../../Users/Matthew/Documents/Unreal Projects/Diner2/Saved/tiles_INST_normalD0B1E90142F87ED079F14CAC8A7340DB.tmp' to '../../../../../../Users/Matthew/Documents/Unreal Projects/Diner2/Content/tiles_INST_normal.uasset'
[2016.01.07-07.50.16:932][675]Cmd: OBJ SAVEPACKAGE PACKAGE="/Game/tiles_INST_specular" FILE="../../../../../../Users/Matthew/Documents/Unreal Projects/Diner2/Content/tiles_INST_specular.uasset" SILENT=true
[2016.01.07-07.50.16:981][675]LogSavePackage: Save=41.891312ms
[2016.01.07-07.50.16:981][675]LogSavePackage: Moving '../../../../../../Users/Matthew/Documents/Unreal Projects/Diner2/Saved/tiles_INST_specularC2BF81FA4B3883E464D40488386F4DFB.tmp' to '../../../../../../Users/Matthew/Documents/Unreal Projects/Diner2/Content/tiles_INST_specular.uasset'
[2016.01.07-07.50.17:052][675]Cmd: OBJ SAVEPACKAGE PACKAGE="/Game/tiles_INST_glossiness" FILE="../../../../../../Users/Matthew/Documents/Unreal Projects/Diner2/Content/tiles_INST_glossiness.uasset" SILENT=true
[2016.01.07-07.50.17:105][675]LogSavePackage: Save=40.363300ms
[2016.01.07-07.50.17:105][675]LogSavePackage: Moving '../../../../../../Users/Matthew/Documents/Unreal Projects/Diner2/Saved/tiles_INST_glossiness7E981E9342E63C043973B5ABF924CD18.tmp' to '../../../../../../Users/Matthew/Documents/Unreal Projects/Diner2/Content/tiles_INST_glossiness.uasset'
[2016.01.07-07.50.17:165][675]Cmd: OBJ SAVEPACKAGE PACKAGE="/Game/tiles_INST_diffuse" FILE="../../../../../../Users/Matthew/Documents/Unreal Projects/Diner2/Content/tiles_INST_diffuse.uasset" SILENT=true
[2016.01.07-07.50.17:203][675]LogSavePackage: Save=30.939510ms
[2016.01.07-07.50.17:203][675]LogSavePackage: Moving '../../../../../../Users/Matthew/Documents/Unreal Projects/Diner2/Saved/tiles_INST_diffuse9640C014427819B2AFF43B82C297052A.tmp' to '../../../../../../Users/Matthew/Documents/Unreal Projects/Diner2/Content/tiles_INST_diffuse.uasset'
[2016.01.07-07.50.17:231][675]Cmd: OBJ SAVEPACKAGE PACKAGE="/Game/tiles_MAT" FILE="../../../../../../Users/Matthew/Documents/Unreal Projects/Diner2/Content/tiles_MAT.uasset" SILENT=true
[2016.01.07-07.50.17:318][675]LogSavePackage: Save=17.274242ms
[2016.01.07-07.50.17:318][675]LogSavePackage: Moving '../../../../../../Users/Matthew/Documents/Unreal Projects/Diner2/Saved/tiles_MAT1DEFEB684FEBD48064F8499C825F8299.tmp' to '../../../../../../Users/Matthew/Documents/Unreal Projects/Diner2/Content/tiles_MAT.uasset'
[2016.01.07-07.54.32:086][853]LogD3D11RHI: InitD3DDevice
[2016.01.07-07.54.35:194][928]LogWindowsTextInputMethodSystem:Display: IME system now deactivated.
[2016.01.07-07.54.35:195][928]LogWindowsTextInputMethodSystem:Display: IME system now deactivated.
[2016.01.07-07.54.35:945][929]Cmd: QUIT_EDITOR
[2016.01.07-07.54.36:888][929]LogExit: Preparing to exit.
[2016.01.07-07.54.37:241][929]LogExit: Editor shut down
[2016.01.07-07.54.37:242][929]LogExit: Transaction tracking system shut down
[2016.01.07-07.54.37:245][929]LogParticles: Destroying 0 GPU particle simulations for FXSystem 0x000000D2D6BA6700
[2016.01.07-07.54.37:246][929]LogParticles: Destroying 0 GPU particle simulations for FXSystem 0x000000D2F933ECA0
[2016.01.07-07.54.37:247][929]LogParticles: Destroying 0 GPU particle simulations for FXSystem 0x000000D2E7F285E0
[2016.01.07-07.54.37:247][929]LogParticles: Destroying 0 GPU particle simulations for FXSystem 0x000000D2D716ECA0
[2016.01.07-07.54.37:247][929]LogParticles: Destroying 0 GPU particle simulations for FXSystem 0x000000D2D716EAC0
[2016.01.07-07.54.37:700][929]LogParticles: Destroying 0 GPU particle simulations for FXSystem 0x000000D2D716E0C0
[2016.01.07-07.54.37:700][929]LogExit: Object subsystem successfully closed.
[2016.01.07-07.54.37:733][929]LogD3D11RHI: Shutdown
[2016.01.07-07.54.37:733][929]LogD3D11RHI: CleanupD3DDevice
[2016.01.07-07.54.37:937][929]LogD3D11RHI: ~FD3D11DynamicRHI
[2016.01.07-07.54.38:033][929]LogModuleManager: Shutting down and abandoning module MaterialEditor (191)
[2016.01.07-07.54.38:033][929]LogModuleManager: Shutting down and abandoning module CrashTracker (190)
[2016.01.07-07.54.38:033][929]LogModuleManager: Shutting down and abandoning module SceneOutliner (189)
[2016.01.07-07.54.38:033][929]LogModuleManager: Shutting down and abandoning module SuperSearch (188)
[2016.01.07-07.54.38:033][929]LogModuleManager: Shutting down and abandoning module WidgetCarousel (187)
[2016.01.07-07.54.38:033][929]LogModuleManager: Shutting down and abandoning module AddContentDialog (186)
[2016.01.07-07.54.38:036][929]LogModuleManager: Shutting down and abandoning module EditorWidgets (185)
[2016.01.07-07.54.38:036][929]LogModuleManager: Shutting down and abandoning module CollectionManager (184)
[2016.01.07-07.54.38:036][929]LogModuleManager: Shutting down and abandoning module StatsViewer (183)
[2016.01.07-07.54.38:036][929]LogModuleManager: Shutting down and abandoning module FoliageEdit (182)
[2016.01.07-07.54.38:036][929]LogModuleManager: Shutting down and abandoning module LandscapeEditor (181)
[2016.01.07-07.54.38:036][929]LogModuleManager: Shutting down and abandoning module ActorPickerMode (180)
[2016.01.07-07.54.38:036][929]LogModuleManager: Shutting down and abandoning module GeometryMode (179)
[2016.01.07-07.54.38:036][929]LogModuleManager: Shutting down and abandoning module TextureAlignMode (178)
[2016.01.07-07.54.38:036][929]LogModuleManager: Shutting down and abandoning module BspMode (177)
[2016.01.07-07.54.38:036][929]LogModuleManager: Shutting down and abandoning module PlacementMode (176)
[2016.01.07-07.54.38:037][929]LogModuleManager: Shutting down and abandoning module AutomationWorker (175)
[2016.01.07-07.54.38:037][929]LogModuleManager: Shutting down and abandoning module CharacterAI (174)
[2016.01.07-07.54.38:037][929]LogModuleManager: Shutting down and abandoning module SmartSnapping (173)
[2016.01.07-07.54.38:037][929]LogModuleManager: Shutting down and abandoning module ViewportSnapping (172)
[2016.01.07-07.54.38:037][929]LogModuleManager: Shutting down and abandoning module LogVisualizer (171)
[2016.01.07-07.54.38:037][929]LogModuleManager: Shutting down and abandoning module GameProjectGeneration (170)
[2016.01.07-07.54.38:037][929]LogModuleManager: Shutting down and abandoning module IntroTutorials (169)
[2016.01.07-07.54.38:037][929]LogModuleManager: Shutting down and abandoning module EditorLiveStreaming (168)
[2016.01.07-07.54.38:037][929]LogModuleManager: Shutting down and abandoning module IOSPlatformEditor (167)
[2016.01.07-07.54.38:037][929]LogModuleManager: Shutting down and abandoning module HTML5PlatformEditor (166)
[2016.01.07-07.54.38:038][929]LogModuleManager: Shutting down and abandoning module AndroidDeviceDetection (165)
[2016.01.07-07.54.38:784][929]LogModuleManager: Shutting down and abandoning module AndroidPlatformEditor (164)
[2016.01.07-07.54.38:784][929]LogModuleManager: Shutting down and abandoning module IOSRuntimeSettings (163)
[2016.01.07-07.54.38:784][929]LogModuleManager: Shutting down and abandoning module AndroidRuntimeSettings (162)
[2016.01.07-07.54.38:784][929]LogModuleManager: Shutting down and abandoning module MergeActors (161)
[2016.01.07-07.54.38:784][929]LogModuleManager: Shutting down and abandoning module SizeMap (160)
[2016.01.07-07.54.38:784][929]LogModuleManager: Shutting down and abandoning module TreeMap (159)
[2016.01.07-07.54.38:784][929]LogModuleManager: Shutting down and abandoning module ReferenceViewer (158)
[2016.01.07-07.54.38:784][929]LogModuleManager: Shutting down and abandoning module LocalizationDashboard (157)
[2016.01.07-07.54.38:784][929]LogModuleManager: Shutting down and abandoning module HardwareTargeting (156)
[2016.01.07-07.54.38:784][929]LogModuleManager: Shutting down and abandoning module DeviceProfileEditor (155)
[2016.01.07-07.54.38:785][929]LogModuleManager: Shutting down and abandoning module UndoHistory (154)
[2016.01.07-07.54.38:785][929]LogModuleManager: Shutting down and abandoning module GameplayTagsEditor (153)
[2016.01.07-07.54.38:785][929]LogModuleManager: Shutting down and abandoning module UserFeedback (152)
[2016.01.07-07.54.38:785][929]LogModuleManager: Shutting down and abandoning module XmlParser (151)
[2016.01.07-07.54.38:785][929]LogModuleManager: Shutting down and abandoning module Blutility (150)
[2016.01.07-07.54.38:785][929]LogModuleManager: Shutting down and abandoning module ProjectTargetPlatformEditor (149)
[2016.01.07-07.54.38:785][929]LogModuleManager: Shutting down and abandoning module ProjectSettingsViewer (148)
[2016.01.07-07.54.38:785][929]LogModuleManager: Shutting down and abandoning module InputBindingEditor (147)
[2016.01.07-07.54.38:785][929]LogModuleManager: Shutting down and abandoning module EditorSettingsViewer (146)
[2016.01.07-07.54.38:786][929]LogModuleManager: Shutting down and abandoning module SettingsEditor (145)
[2016.01.07-07.54.38:786][929]LogModuleManager: Shutting down and abandoning module ProjectLauncher (144)
[2016.01.07-07.54.38:786][929]LogModuleManager: Shutting down and abandoning module SessionFrontend (143)
[2016.01.07-07.54.38:786][929]LogModuleManager: Shutting down and abandoning module ProfilerClient (142)
[2016.01.07-07.54.38:786][929]LogModuleManager: Shutting down and abandoning module TargetDeviceServices (141)
[2016.01.07-07.54.38:786][929]LogModuleManager: Shutting down and abandoning module DeviceManager (140)
[2016.01.07-07.54.38:786][929]LogModuleManager: Shutting down and abandoning module AutomationController (139)
[2016.01.07-07.54.38:786][929]LogModuleManager: Shutting down and abandoning module AutomationWindow (138)
[2016.01.07-07.54.38:786][929]LogModuleManager: Shutting down and abandoning module Layers (137)
[2016.01.07-07.54.38:786][929]LogModuleManager: Shutting down and abandoning module ComponentVisualizers (136)
[2016.01.07-07.54.38:786][929]LogModuleManager: Shutting down and abandoning module DetailCustomizations (135)
[2016.01.07-07.54.38:787][929]LogModuleManager: Shutting down and abandoning module PackagesDialog (134)
[2016.01.07-07.54.38:787][929]LogModuleManager: Shutting down and abandoning module Persona (133)
[2016.01.07-07.54.38:787][929]LogModuleManager: Shutting down and abandoning module Kismet (132)
[2016.01.07-07.54.38:787][929]LogModuleManager: Shutting down and abandoning module GraphEditor (131)
[2016.01.07-07.54.38:787][929]LogModuleManager: Shutting down and abandoning module ClassViewer (130)
[2016.01.07-07.54.38:787][929]LogModuleManager: Shutting down and abandoning module Toolbox (129)
[2016.01.07-07.54.38:787][929]LogModuleManager: Shutting down and abandoning module ModuleUI (128)
[2016.01.07-07.54.38:787][929]LogModuleManager: Shutting down and abandoning module MovieSceneTools (127)
[2016.01.07-07.54.38:787][929]LogModuleManager: Shutting down and abandoning module OutputLog (126)
[2016.01.07-07.54.38:788][929]LogModuleManager: Shutting down and abandoning module GammaUI (125)
[2016.01.07-07.54.38:788][929]LogModuleManager: Shutting down and abandoning module Documentation (124)
[2016.01.07-07.54.38:788][929]LogModuleManager: Shutting down and abandoning module GameLiveStreaming (123)
[2016.01.07-07.54.38:788][929]LogModuleManager: Shutting down and abandoning module StreamingPauseRendering (122)
[2016.01.07-07.54.38:788][929]LogModuleManager: Shutting down and abandoning module AnalyticsET (121)
[2016.01.07-07.54.38:788][929]LogModuleManager: Shutting down and abandoning module Analytics (120)
[2016.01.07-07.54.38:788][929]LogModuleManager: Shutting down and abandoning module AITestSuite (119)
[2016.01.07-07.54.38:788][929]LogModuleManager: Shutting down and abandoning module GameplayDebugger (118)
[2016.01.07-07.54.38:788][929]LogModuleManager: Shutting down and abandoning module AIModule (117)
[2016.01.07-07.54.38:788][929]LogModuleManager: Shutting down and abandoning module ProfilerService (116)
[2016.01.07-07.54.38:979][929]LogModuleManager: Shutting down and abandoning module TaskGraph (115)
[2016.01.07-07.54.38:979][929]LogModuleManager: Shutting down and abandoning module SubstanceEditor (114)
[2016.01.07-07.54.38:979][929]LogModuleManager: Shutting down and abandoning module SlateRemote (113)
[2016.01.07-07.54.38:979][929]LogModuleManager: Shutting down and abandoning module SteamVRController (112)
[2016.01.07-07.54.38:979][929]LogModuleManager: Shutting down and abandoning module SteamVR (111)
[2016.01.07-07.54.38:979][929]LogModuleManager: Shutting down and abandoning module ProceduralMeshComponent (110)
[2016.01.07-07.54.38:979][929]LogModuleManager: Shutting down and abandoning module OculusRift (109)
[2016.01.07-07.54.38:980][929]LogModuleManager: Shutting down and abandoning module LeapMotionController (108)
[2016.01.07-07.54.39:032][929]LogModuleManager: Shutting down and abandoning module CustomMeshComponent (107)
[2016.01.07-07.54.39:032][929]LogModuleManager: Shutting down and abandoning module CableComponent (106)
[2016.01.07-07.54.39:032][929]LogModuleManager: Shutting down and abandoning module MessagingDebugger (105)
[2016.01.07-07.54.39:032][929]LogModuleManager: Shutting down and abandoning module MediaPlayerEditor (104)
[2016.01.07-07.54.39:032][929]LogModuleManager: Shutting down and abandoning module SpeedTreeImporter (103)
[2016.01.07-07.54.39:032][929]LogModuleManager: Shutting down and abandoning module PluginBrowser (102)
[2016.01.07-07.54.39:032][929]LogModuleManager: Shutting down and abandoning module EpicSurvey (101)
[2016.01.07-07.54.39:033][929]LogModuleManager: Shutting down and abandoning module DesktopPlatform (100)
[2016.01.07-07.54.39:033][929]LogModuleManager: Shutting down and abandoning module VisualStudioSourceCodeAccess (99)
[2016.01.07-07.54.39:033][929]LogModuleManager: Shutting down and abandoning module UObjectPlugin (98)
[2016.01.07-07.54.39:033][929]LogModuleManager: Shutting down and abandoning module SubversionSourceControl (97)
[2016.01.07-07.54.39:033][929]LogModuleManager: Shutting down and abandoning module PerforceSourceControl (96)
[2016.01.07-07.54.39:033][929]LogModuleManager: Shutting down and abandoning module SourceControl (95)
[2016.01.07-07.54.39:033][929]LogModuleManager: Shutting down and abandoning module GitSourceControl (94)
[2016.01.07-07.54.39:033][929]LogModuleManager: Shutting down and abandoning module BlankPlugin (93)
[2016.01.07-07.54.39:033][929]LogModuleManager: Shutting down and abandoning module PaperTiledImporter (92)
[2016.01.07-07.54.39:033][929]LogModuleManager: Shutting down and abandoning module PaperSpriteSheetImporter (91)
[2016.01.07-07.54.39:033][929]LogModuleManager: Shutting down and abandoning module MeshPaint (90)
[2016.01.07-07.54.39:033][929]LogModuleManager: Shutting down and abandoning module SlateReflector (89)
[2016.01.07-07.54.39:033][929]LogModuleManager: Shutting down and abandoning module HotReload (88)
[2016.01.07-07.54.39:033][929]LogModuleManager: Shutting down and abandoning module MainFrame (87)
[2016.01.07-07.54.39:034][929]LogModuleManager: Shutting down and abandoning module LevelEditor (86)
[2016.01.07-07.54.39:036][929]LogModuleManager: Shutting down and abandoning module ContentBrowser (85)
[2016.01.07-07.54.39:038][929]LogModuleManager: Shutting down and abandoning module Paper2DEditor (84)
[2016.01.07-07.54.39:038][929]LogModuleManager: Shutting down and abandoning module UdpMessaging (83)
[2016.01.07-07.54.39:139][929]LogModuleManager: Shutting down and abandoning module DirectoryWatcher (82)
[2016.01.07-07.54.39:140][929]LogModuleManager: Shutting down and abandoning module AssetRegistry (81)
[2016.01.07-07.54.39:269][929]LogModuleManager: Shutting down and abandoning module SubstanceCore (80)
[2016.01.07-07.54.39:297][929]LogModuleManager: Shutting down and abandoning module Paper2D (79)
[2016.01.07-07.54.39:297][929]LogModuleManager: Shutting down and abandoning module WindowsMoviePlayer (78)
[2016.01.07-07.54.39:305][929]LogModuleManager: Shutting down and abandoning module Media (77)
[2016.01.07-07.54.39:305][929]LogModuleManager: Shutting down and abandoning module WmfMedia (76)
[2016.01.07-07.54.39:306][929]LogModuleManager: Shutting down and abandoning module OnlineBlueprintSupport (75)
[2016.01.07-07.54.39:306][929]LogModuleManager: Shutting down and abandoning module PropertyEditor (74)
[2016.01.07-07.54.39:306][929]LogModuleManager: Shutting down and abandoning module BehaviorTreeEditor (73)
[2016.01.07-07.54.39:306][929]LogModuleManager: Shutting down and abandoning module FunctionalTesting (72)
[2016.01.07-07.54.39:306][929]LogModuleManager: Shutting down and abandoning module CollisionAnalyzer (71)
[2016.01.07-07.54.39:306][929]LogModuleManager: Shutting down and abandoning module WorkspaceMenuStructure (70)
[2016.01.07-07.54.39:306][929]LogModuleManager: Shutting down and abandoning module MessageLog (69)
[2016.01.07-07.54.39:306][929]LogModuleManager: Shutting down and abandoning module Sequencer (68)
[2016.01.07-07.54.39:306][929]LogModuleManager: Shutting down and abandoning module AssetTools (67)
[2016.01.07-07.54.39:307][929]LogModuleManager: Shutting down and abandoning module UMGEditor (66)
[2016.01.07-07.54.39:307][929]LogModuleManager: Shutting down and abandoning module UMG (65)
[2016.01.07-07.54.39:307][929]LogModuleManager: Shutting down and abandoning module Slate (64)
[2016.01.07-07.54.39:307][929]LogModuleManager: Shutting down and abandoning module EditorStyle (63)
[2016.01.07-07.54.39:317][929]LogModuleManager: Shutting down and abandoning module SessionServices (62)
[2016.01.07-07.54.39:317][929]LogModuleManager: Shutting down and abandoning module SourceCodeAccess (61)
[2016.01.07-07.54.39:317][929]LogModuleManager: Shutting down and abandoning module HeadMountedDisplay (60)
[2016.01.07-07.54.39:317][929]LogModuleManager: Shutting down and abandoning module XAudio2 (59)
[2016.01.07-07.54.39:317][929]LogModuleManager: Shutting down and abandoning module Networking (57)
[2016.01.07-07.54.39:317][929]LogModuleManager: Shutting down and abandoning module Core (56)
[2016.01.07-07.54.39:317][929]LogModuleManager: Shutting down and abandoning module KismetCompiler (55)
[2016.01.07-07.54.39:317][929]LogModuleManager: Shutting down and abandoning module PhysXFormats (54)
[2016.01.07-07.54.39:317][929]LogModuleManager: Shutting down and abandoning module MeshUtilities (53)
[2016.01.07-07.54.39:317][929]LogModuleManager: Shutting down and abandoning module DerivedDataCache (52)
[2016.01.07-07.54.39:416][929]LogDerivedDataCache: Shutdown
[2016.01.07-07.54.39:416][929]LogModuleManager: Shutting down and abandoning module ShaderFormatOpenGL (51)
[2016.01.07-07.54.39:416][929]LogModuleManager: Shutting down and abandoning module ShaderFormatD3D (50)
[2016.01.07-07.54.39:416][929]LogModuleManager: Shutting down and abandoning module MetalShaderFormat (49)
[2016.01.07-07.54.39:416][929]LogModuleManager: Shutting down and abandoning module TextureFormatUncompressed (48)
[2016.01.07-07.54.39:416][929]LogModuleManager: Shutting down and abandoning module TextureFormatPVR (47)
[2016.01.07-07.54.39:416][929]LogModuleManager: Shutting down and abandoning module TextureFormatIntelISPCTexComp (46)
[2016.01.07-07.54.39:416][929]LogModuleManager: Shutting down and abandoning module TextureFormatDXT (45)
[2016.01.07-07.54.39:416][929]LogModuleManager: Shutting down and abandoning module ImageWrapper (44)
[2016.01.07-07.54.39:417][929]LogModuleManager: Shutting down and abandoning module TextureFormatASTC (43)
[2016.01.07-07.54.39:417][929]LogModuleManager: Shutting down and abandoning module TextureFormatAndroid (42)
[2016.01.07-07.54.39:417][929]LogModuleManager: Shutting down and abandoning module AudioFormatOpus (41)
[2016.01.07-07.54.39:417][929]LogModuleManager: Shutting down and abandoning module AudioFormatOgg (40)
[2016.01.07-07.54.39:417][929]LogModuleManager: Shutting down and abandoning module AudioFormatADPCM (39)
[2016.01.07-07.54.39:417][929]LogModuleManager: Shutting down and abandoning module LinuxTargetPlatform (38)
[2016.01.07-07.54.39:417][929]LogModuleManager: Shutting down and abandoning module LinuxServerTargetPlatform (37)
[2016.01.07-07.54.39:417][929]LogModuleManager: Shutting down and abandoning module LinuxNoEditorTargetPlatform (36)
[2016.01.07-07.54.39:417][929]LogModuleManager: Shutting down and abandoning module Messaging (35)
[2016.01.07-07.54.39:417][929]LogModuleManager: Shutting down and abandoning module IOSTargetPlatform (34)
[2016.01.07-07.54.39:417][929]LogModuleManager: Shutting down and abandoning module HTML5TargetPlatform (33)
[2016.01.07-07.54.39:417][929]LogModuleManager: Shutting down and abandoning module Android_PVRTCTargetPlatform (32)
[2016.01.07-07.54.39:417][929]LogModuleManager: Shutting down and abandoning module Android_ETC2TargetPlatform (31)
[2016.01.07-07.54.39:417][929]LogModuleManager: Shutting down and abandoning module Android_ETC1TargetPlatform (30)
[2016.01.07-07.54.39:417][929]LogModuleManager: Shutting down and abandoning module Android_DXTTargetPlatform (29)
[2016.01.07-07.54.39:417][929]LogModuleManager: Shutting down and abandoning module Android_ATCTargetPlatform (28)
[2016.01.07-07.54.39:417][929]LogModuleManager: Shutting down and abandoning module Android_ASTCTargetPlatform (27)
[2016.01.07-07.54.39:417][929]LogModuleManager: Shutting down and abandoning module AndroidTargetPlatform (26)
[2016.01.07-07.54.39:417][929]LogModuleManager: Shutting down and abandoning module WindowsTargetPlatform (25)
[2016.01.07-07.54.39:417][929]LogModuleManager: Shutting down and abandoning module WindowsServerTargetPlatform (24)
[2016.01.07-07.54.39:417][929]LogModuleManager: Shutting down and abandoning module WindowsNoEditorTargetPlatform (23)
[2016.01.07-07.54.39:417][929]LogModuleManager: Shutting down and abandoning module WindowsClientTargetPlatform (22)
[2016.01.07-07.54.39:417][929]LogModuleManager: Shutting down and abandoning module DesktopTargetPlatform (21)
[2016.01.07-07.54.39:417][929]LogModuleManager: Shutting down and abandoning module TargetPlatform (20)
[2016.01.07-07.54.39:417][929]LogModuleManager: Shutting down and abandoning module InputCore (19)
[2016.01.07-07.54.39:418][929]LogModuleManager: Shutting down and abandoning module Settings (18)
[2016.01.07-07.54.39:418][929]LogModuleManager: Shutting down and abandoning module OnlineSubsystem (16)
[2016.01.07-07.54.39:418][929]LogModuleManager: Shutting down and abandoning module HTTP (15)
[2016.01.07-07.54.39:418][929]LogModuleManager: Shutting down and abandoning module ExampleDeviceProfileSelector (14)
[2016.01.07-07.54.39:418][929]LogModuleManager: Shutting down and abandoning module TextureCompressor (13)
[2016.01.07-07.54.39:418][929]LogModuleManager: Shutting down and abandoning module ShaderCore (12)
[2016.01.07-07.54.39:419][929]LogModuleManager: Shutting down and abandoning module Landscape (11)
[2016.01.07-07.54.39:419][929]LogModuleManager: Shutting down and abandoning module SlateRHIRenderer (10)
[2016.01.07-07.54.39:424][929]LogModuleManager: Shutting down and abandoning module OpenGLDrv (9)
[2016.01.07-07.54.39:425][929]LogModuleManager: Shutting down and abandoning module D3D11RHI (8)
[2016.01.07-07.54.39:425][929]LogModuleManager: Shutting down and abandoning module Renderer (7)
[2016.01.07-07.54.39:425][929]LogModuleManager: Shutting down and abandoning module Engine (6)
[2016.01.07-07.54.39:425][929]LogModuleManager: Shutting down and abandoning module CoreUObject (5)
[2016.01.07-07.54.39:425][929]LogModuleManager: Shutting down and abandoning module NetworkFile (4)
[2016.01.07-07.54.39:425][929]LogModuleManager: Shutting down and abandoning module StreamingFile (3)
[2016.01.07-07.54.39:425][929]LogModuleManager: Shutting down and abandoning module SandboxFile (2)
[2016.01.07-07.54.39:425][929]LogModuleManager: Shutting down and abandoning module PakFile (1)
[2016.01.07-07.54.39:426][929]LogExit: Exiting.
[2016.01.07-07.54.39:430][929]Log file closed, 01/06/16 23:54:39
