[2016.01.07-05.19.57:841][  0]Log file open, 01/06/16 21:19:57
[2016.01.07-05.19.57:841][  0]LogInit:Display: Running engine for game: Diner2
[2016.01.07-05.19.57:841][  0]LogInit:Display: RandInit(1291412529) SRandInit(1291412531).
[2016.01.07-05.19.57:841][  0]LogTaskGraph: Started task graph with 4 named threads and 7 total threads.
[2016.01.07-05.19.57:841][  0]LogStats: Stats thread started
[2016.01.07-05.19.57:841][  0]LogInit: Version: 4.8.3-2634408+++depot+UE4-Releases+4.8
[2016.01.07-05.19.57:841][  0]LogInit: API Version: 2579680
[2016.01.07-05.19.57:841][  0]LogInit: Compiled (64-bit): Jul 27 2015 16:24:33
[2016.01.07-05.19.57:841][  0]LogInit: Compiled with Visual C++: 18.00.21005.01
[2016.01.07-05.19.57:841][  0]LogInit: Build Configuration: Development
[2016.01.07-05.19.57:841][  0]LogInit: Branch Name: ++depot+UE4-Releases+4.8
[2016.01.07-05.19.57:841][  0]LogInit: Command line:  
[2016.01.07-05.19.57:841][  0]LogInit: Base directory: C:/Program Files (x86)/Epic Games/4.8/Engine/Binaries/Win64/
[2016.01.07-05.19.57:841][  0]LogInit: Rocket: 1
[2016.01.07-05.19.57:913][  0]LogInit: Using libcurl 7.41.0
[2016.01.07-05.19.57:913][  0]LogInit:  - built for x86_64-pc-win32
[2016.01.07-05.19.57:913][  0]LogInit:  - supports SSL with WinSSL
[2016.01.07-05.19.57:913][  0]LogInit:  - other features:
[2016.01.07-05.19.57:913][  0]LogInit:      CURL_VERSION_SSL
[2016.01.07-05.19.57:913][  0]LogInit:      CURL_VERSION_IPV6
[2016.01.07-05.19.57:913][  0]LogInit:      CURL_VERSION_ASYNCHDNS
[2016.01.07-05.19.57:913][  0]LogInit:      CURL_VERSION_LARGEFILE
[2016.01.07-05.19.57:913][  0]LogInit:      CURL_VERSION_IDN
[2016.01.07-05.19.57:914][  0]LogInit:  CurlRequestOptions (configurable via config and command line):
[2016.01.07-05.19.57:914][  0]LogInit:  - bVerifyPeer = true  - Libcurl will verify peer certificate
[2016.01.07-05.19.57:914][  0]LogInit:  - bUseHttpProxy = false  - Libcurl will NOT use HTTP proxy
[2016.01.07-05.19.57:914][  0]LogInit:  - bDontReuseConnections = false  - Libcurl will reuse connections
[2016.01.07-05.19.57:914][  0]LogInit:  - CertBundlePath = nullptr  - Libcurl will use whatever was configured at build time.
[2016.01.07-05.19.57:969][  0]LogOnline:Warning: No default platform service specified for OnlineSubsystem
[2016.01.07-05.19.58:416][  0]LogInit: Presizing for 0 objects not considered by GC, pre-allocating 0 bytes.
[2016.01.07-05.19.58:444][  0]LogInit: Object subsystem initialized
[2016.01.07-05.19.58:447][  0]LogConsoleResponse:Warning: Skipping Unknown console variable: 'TranslucentSortAxis = (X=0.000000,Y=-1.000000,Z=0.000000)'
[2016.01.07-05.19.58:447][  0]LogConsoleResponse:Warning:   Found in ini file 'C:/Users/Matthew/Documents/Unreal Projects/Diner2/Saved/Config/Windows/Engine.ini', in section '[/Script/Engine.RendererSettings]'
[2016.01.07-05.19.58:447][  0]LogConsoleResponse:Warning: Skipping Unknown console variable: 'UIScaleRule = ShortestSide'
[2016.01.07-05.19.58:447][  0]LogConsoleResponse:Warning:   Found in ini file 'C:/Users/Matthew/Documents/Unreal Projects/Diner2/Saved/Config/Windows/Engine.ini', in section '[/Script/Engine.RendererSettings]'
[2016.01.07-05.19.58:447][  0]LogConsoleResponse:Warning: Skipping Unknown console variable: 'UIScaleCurve = (EditorCurveData=(Keys=),ExternalCurve=None)'
[2016.01.07-05.19.58:447][  0]LogConsoleResponse:Warning:   Found in ini file 'C:/Users/Matthew/Documents/Unreal Projects/Diner2/Saved/Config/Windows/Engine.ini', in section '[/Script/Engine.RendererSettings]'
[2016.01.07-05.19.58:449][  0]LogInit: Selected Device Profile: [Windows]
[2016.01.07-05.19.58:449][  0]LogInit: Applying CVar settings loaded from the selected device profile: [Windows]
[2016.01.07-05.19.58:482][  0]LogInit: Computer: BATTLESTAR
[2016.01.07-05.19.58:482][  0]LogInit: User: Matthew
[2016.01.07-05.19.58:482][  0]LogInit: CPU Page size=4096, Cores=4
[2016.01.07-05.19.58:482][  0]LogInit: High frequency timer resolution =2.338337 MHz
[2016.01.07-05.19.58:482][  0]LogMemory: Memory total: Physical=7.9GB (8GB approx)
[2016.01.07-05.19.58:483][  0]LogMemory: Platform Memory Stats for Windows
[2016.01.07-05.19.58:483][  0]LogMemory: Process Physical Memory: 47.95 MB used, 47.95 MB peak
[2016.01.07-05.19.58:483][  0]LogMemory: Process Virtual Memory: 21.29 MB used, 22.11 MB peak
[2016.01.07-05.19.58:483][  0]LogMemory: Physical Memory: 3249.11 MB used, 8075.18 MB total
[2016.01.07-05.19.58:483][  0]LogMemory: Virtual Memory: 290.89 MB used, 134217728.00 MB total
[2016.01.07-05.19.58:641][  0]LogTextLocalizationManager: The requested culture ('en_US') has no localization data; parent culture's ('en') localization data will be used.
[2016.01.07-05.19.59:473][  0]LogTextLocalizationManager:Warning: Loaded localization resources contain conflicting entries for (Namespace:ContentBrowser, Key:ImportAssetToolTip):
Localization Resource: (C:/Program Files (x86)/Epic Games/4.8/Engine/Content/Localization/Editor/en/Editor.locres) Source String Hash: (-630476809) Localized String: (Import to {0}...)
Localization Resource: (C:/Program Files (x86)/Epic Games/4.8/Engine/Content/Localization/Editor/en/Editor.locres) Source String Hash: (1271782899) Localized String: (Imports an asset from file to this folder.)
[2016.01.07-05.20.01:237][  0]LogD3D11RHI: Found D3D11 adapter 0: Intel(R) HD Graphics 4600 (Feature Level 11_0)
[2016.01.07-05.20.01:237][  0]LogD3D11RHI: Adapter has 32MB of dedicated video memory, 0MB of dedicated system memory, and 1760MB of shared system memory, 1 output[s]
[2016.01.07-05.20.01:298][  0]LogD3D11RHI: Found D3D11 adapter 1: NVIDIA GeForce GT 750M (Feature Level 11_0)
[2016.01.07-05.20.01:298][  0]LogD3D11RHI: Adapter has 1988MB of dedicated video memory, 0MB of dedicated system memory, and 2048MB of shared system memory, 0 output[s]
[2016.01.07-05.20.01:302][  0]LogD3D11RHI: Found D3D11 adapter 2: Microsoft Basic Render Driver (Feature Level 11_0)
[2016.01.07-05.20.01:302][  0]LogD3D11RHI: Adapter has 0MB of dedicated video memory, 0MB of dedicated system memory, and 256MB of shared system memory, 0 output[s]
[2016.01.07-05.20.01:303][  0]LogD3D11RHI: Chosen D3D11 Adapter Id = 0
[2016.01.07-05.20.01:334][  0]LogD3D11RHI: InitD3DDevice
[2016.01.07-05.20.01:334][  0]LogD3D11RHI: !Direct3DDevice
[2016.01.07-05.20.01:334][  0]LogRHI: Texture pool is 1361 MB (70% of 1945 MB)
[2016.01.07-05.20.01:396][  0]LogD3D11RHI: Async texture creation enabled
[2016.01.07-05.20.01:428][  0]LogShaderCompilers:Display: Using Local Shader Compiler.
[2016.01.07-05.20.04:974][  0]LogTemp:Display: Loaded TP DesktopTargetPlatform
[2016.01.07-05.20.05:043][  0]LogTemp:Display: Loaded TP WindowsClientTargetPlatform
[2016.01.07-05.20.05:111][  0]LogTemp:Display: Loaded TP WindowsNoEditorTargetPlatform
[2016.01.07-05.20.05:291][  0]LogTemp:Display: Loaded TP WindowsServerTargetPlatform
[2016.01.07-05.20.05:372][  0]LogTemp:Display: Loaded TP WindowsTargetPlatform
[2016.01.07-05.20.05:440][  0]LogTemp:Display: Loaded TP AndroidTargetPlatform
[2016.01.07-05.20.05:508][  0]LogTemp:Display: Loaded TP Android_ASTCTargetPlatform
[2016.01.07-05.20.05:569][  0]LogTemp:Display: Loaded TP Android_ATCTargetPlatform
[2016.01.07-05.20.05:630][  0]LogTemp:Display: Loaded TP Android_DXTTargetPlatform
[2016.01.07-05.20.05:692][  0]LogTemp:Display: Loaded TP Android_ETC1TargetPlatform
[2016.01.07-05.20.05:754][  0]LogTemp:Display: Loaded TP Android_ETC2TargetPlatform
[2016.01.07-05.20.05:817][  0]LogTemp:Display: Loaded TP Android_PVRTCTargetPlatform
[2016.01.07-05.20.06:018][  0]LogTemp:Display: Loaded TP IOSTargetPlatform
[2016.01.07-05.20.06:079][  0]LogTemp:Display: Loaded TP LinuxNoEditorTargetPlatform
[2016.01.07-05.20.06:140][  0]LogTemp:Display: Loaded TP LinuxServerTargetPlatform
[2016.01.07-05.20.06:209][  0]LogTemp:Display: Loaded TP LinuxTargetPlatform
[2016.01.07-05.20.06:209][  0]LogTargetPlatformManager:Display: Building Assets For Windows
[2016.01.07-05.20.07:618][  0]LogDerivedDataCache:Display: Max Cache Size: 512 MB
[2016.01.07-05.20.08:367][  0]LogDerivedDataCache: Loaded boot cache 0.75s 53MB C:/Users/Matthew/AppData/Local/UnrealEngine/4.8/DerivedDataCache/Boot.ddc.
[2016.01.07-05.20.08:367][  0]LogDerivedDataCache:Display: Loaded Boot cache: C:/Users/Matthew/AppData/Local/UnrealEngine/4.8/DerivedDataCache/Boot.ddc
[2016.01.07-05.20.08:367][  0]LogDerivedDataCache: FDerivedDataBackendGraph:  Pak pak cache file ../../../../../../Users/Matthew/Documents/Unreal Projects/Diner2/DerivedDataCache/DDC.ddp not found, will not use a pak cache.
[2016.01.07-05.20.08:367][  0]LogDerivedDataCache: Unable to find inner node Pak for hierarchical cache Hierarchy.
[2016.01.07-05.20.08:367][  0]LogDerivedDataCache: FDerivedDataBackendGraph:  CompressedPak pak cache file ../../../../../../Users/Matthew/Documents/Unreal Projects/Diner2/DerivedDataCache/Compressed.ddp not found, will not use a pak cache.
[2016.01.07-05.20.08:367][  0]LogDerivedDataCache: Unable to find inner node CompressedPak for hierarchical cache Hierarchy.
[2016.01.07-05.20.09:022][  0]LogDerivedDataCache:Display: Pak cache opened for reading ../../../Engine/DerivedDataCache/Compressed.ddp.
[2016.01.07-05.20.09:124][  0]LogDerivedDataCache: Using Local data cache path C:/Users/Matthew/AppData/Local/UnrealEngine/Common/DerivedDataCache: Writable
[2016.01.07-05.20.10:062][  0]LogInit: Selected Device Profile: [Windows]
[2016.01.07-05.20.10:385][  0]ImportText (ComponentSweepMultiTests): Missing closing parenthesis: (RootShapeAsset="/Engine/BasicShapes/Cube.Cube",ShapeType="TriggerCapsule",HitResult=(Time=0.50,Location=(X=-100.000015,Y=0.0,Z=100.000015),ImpactPoint=(X=-50.0,Y=0.0,Z=50.0),Normal=(X=-1.0,Y=-0.0,Z=0.0),ImpactNormal=(X=0.0,Y=0.0,Z=1.0),TraceStart=(X=-200.0,Y=0.0,Z=200.0),TraceEnd=(X=0.0,Y=0.0,Z=0.0))
[2016.01.07-05.20.10:386][  0]ImportText (LineTraceSingleByChannelTests): Missing closing parenthesis: (RootShapeAsset="/Engine/BasicShapes/Cube.Cube",HitResult=(Time=0.50,Location=(X=-100.000015,Y=0.0,Z=100.000015),ImpactPoint=(X=-50.0,Y=0.0,Z=50.0),Normal=(X=-1.0,Y=-0.0,Z=0.0),ImpactNormal=(X=0.0,Y=0.0,Z=1.0),TraceStart=(X=-200.0,Y=0.0,Z=200.0),TraceEnd=(X=0.0,Y=0.0,Z=0.0))
[2016.01.07-05.20.10:513][  0]LogMeshUtilities: No automatic mesh reduction module available
[2016.01.07-05.20.10:513][  0]LogMeshUtilities: No automatic mesh merging module available
[2016.01.07-05.20.11:924][  0]LogInit: WinSock: version 1.1 (2.2), MaxSocks=32767, MaxUdp=65467
[2016.01.07-05.20.34:777][  0]LogAssetRegistry: FAssetRegistry took 0.0119 seconds to start up
[2016.01.07-05.20.34:847][  0]LogDirectoryWatcher:Warning: Failed to begin reading directory changes for ../../../Engine/Plugins/Experimental/CharacterAI/Content/. Error: 0
[2016.01.07-05.20.34:919][  0]UdpMessaging: Initializing bridge on interface 0.0.0.0:0 to multicast group 230.0.0.1:6666.
[2016.01.07-05.20.36:899][  0]SourceControl: Info Source control is disabled
[2016.01.07-05.20.36:906][  0]SourceControl: Info Source control is disabled
[2016.01.07-05.20.36:968][  0]SourceControl: Info Source control is disabled
[2016.01.07-05.20.37:219][  0]SourceControl: Info Source control is disabled
[2016.01.07-05.20.39:007][  0]LogObj: 26440 objects as part of root set at end of initial load.
[2016.01.07-05.20.39:007][  0]LogUObjectAllocator: 5438856 out of 0 bytes used by permanent object pool.
[2016.01.07-05.20.39:308][  0]LogEngine: Initializing Engine...
[2016.01.07-05.20.39:316][  0]LogHMD: Can't find Oculus library dev build: is proper Runtime installed? Version: 0.6.0.0
[2016.01.07-05.20.39:324][  0]LogHMD:Warning: SteamVR failed to initialize.  Error: 110
[2016.01.07-05.20.39:958][  0]LogAIModule: Creating AISystem for world NewWorld
[2016.01.07-05.20.39:971][  0]LogInit: XAudio2 using 'Speakers (Realtek High Definition Audio)' : 2 channels at 48 kHz using 32 bits per sample (channel mask 0x3)
[2016.01.07-05.20.40:308][  0]LogInit: FAudioDevice initialized.
[2016.01.07-05.20.40:398][  0]LogDerivedDataCache: Saved boot cache 0.09s 53MB C:/Users/Matthew/AppData/Local/UnrealEngine/4.8/DerivedDataCache/Boot.ddc.
[2016.01.07-05.20.40:410][  0]LogInit: Texture streaming: Disabled
[2016.01.07-05.20.40:540][  0]LogAnalytics: Creating configured Analytics provider AnalyticsET
[2016.01.07-05.20.40:540][  0]LogAnalytics: [UEEditor.Rocket.Release] APIServer = http://et2.epicgames.com/ET2/. AppVersion = 4.8.3-2634408+++depot+UE4-Releases+4.8
[2016.01.07-05.20.40:540][  0]LogAnalytics: [UEEditor.Rocket.Release] SetUserId 6c72a4f34c262198a7708db9b68f0fac|62291b1299124bb987eb3840dc21af0e|10dca3ff-59a3-463a-a188-a74ae374cfa5
[2016.01.07-05.20.40:541][  0]LogAnalytics: [UEEditor.Rocket.Release] AnalyticsET::StartSession
[2016.01.07-05.20.40:737][  0]LogInit: Transaction tracking system initialized
[2016.01.07-05.20.41:586][  0]BlueprintLog: New page: Editor Load
[2016.01.07-05.20.44:446][  0]LogConsoleManager:Warning: Console variable 'r.VSync' wasn't set ('GameSetting' has a lower priority than 'SystemSettingsIni')
[2016.01.07-05.20.44:447][  0]LogConsoleResponse:Display: 
[2016.01.07-05.20.45:543][  0]LogCook:Display: Done creating registry. It took  0.00s.
[2016.01.07-05.20.47:619][  0]SourceControl: Info Source control is disabled
[2016.01.07-05.20.47:619][  0]Cmd: MAP LOAD FILE="../../../../../../Users/Matthew/Documents/Unreal Projects/Diner2/Content/FirstPersonBP/Maps/FirstPersonExampleMap.umap" TEMPLATE=0 SHOWPROGRESS=1 FEATURELEVEL=3
[2016.01.07-05.20.47:622][  0]LightingResults: New page: Lighting Build
[2016.01.07-05.20.47:696][  0]MapCheck: New page: Map Check
[2016.01.07-05.20.47:696][  0]LightingResults: New page: Lighting Build
[2016.01.07-05.20.47:729][  0]LogParticles: Destroying 0 GPU particle simulations for FXSystem 0x000000DC574509A0
[2016.01.07-05.20.57:145][  0]LogAIModule: Creating AISystem for world FirstPersonExampleMap
[2016.01.07-05.20.57:193][  0]LogEditorServer: Finished looking for orphan Actors (0.000 secs)
[2016.01.07-05.21.01:891][  0]Cmd: MAP CHECKDEP NOCLEARLOG
[2016.01.07-05.21.02:152][  0]MapCheck: Info Map check complete: 0 Error(s), 0 Warning(s), took 260.414ms to complete.
[2016.01.07-05.21.02:152][  0]LogFileHelpers: Loading map 'FirstPersonExampleMap' took 14.534
[2016.01.07-05.21.02:525][  0]LogCollectionManager: Loaded 0 collections in 0.006141 seconds
[2016.01.07-05.21.02:545][  0]LogContentBrowser: Native class hierarchy populated in 0.0199 seconds. Added 1807 classes and 307 folders.
[2016.01.07-05.21.02:849][  0]LogContentBrowser: Native class hierarchy updated for 'WidgetCarousel' in 0.0011 seconds. Added 0 classes and 0 folders.
[2016.01.07-05.21.03:171][  0]LogContentBrowser: Native class hierarchy updated for 'AddContentDialog' in 0.0014 seconds. Added 0 classes and 0 folders.
[2016.01.07-05.21.03:254][  0]LogContentBrowser: Native class hierarchy updated for 'SceneOutliner' in 0.0014 seconds. Added 1 classes and 2 folders.
[2016.01.07-05.21.03:491][  0]LogCrashTracker: Crashtracker disabled due to settings.
[2016.01.07-05.21.03:495][  0]LogD3D11RHI: InitD3DDevice
[2016.01.07-05.21.03:511][  0]LogUObjectGlobals:Warning: Failed to find object 'Class None.'
[2016.01.07-05.21.03:546][  0]LogLoad: Full Startup: 70.68 seconds (BP compile: 1.68 seconds)
[2016.01.07-05.21.03:568][  0]LogWindowsTextInputMethodSystem:Display: IME system now deactivated.
[2016.01.07-05.21.03:568][  0]LogWindowsTextInputMethodSystem:Display: IME system now deactivated.
[2016.01.07-05.21.03:804][  0]LogContentStreaming: Texture pool size is 0.000000MB
[2016.01.07-05.21.03:989][  0]LogContentStreaming: Texture pool size now 1000 MB
[2016.01.07-05.21.04:775][  1]LogRenderer: Reallocating scene render targets to support 1056x512 (Frame:2).
[2016.01.07-05.21.06:746][ 21]LogAssetRegistry: Asset discovery search completed in 31.9810 seconds
[2016.01.07-05.21.08:432][ 56]LogD3D11RHI: InitD3DDevice
[2016.01.07-05.21.15:318][208]LogD3D11RHI: InitD3DDevice
[2016.01.07-05.21.17:993][208]LogAIModule: Creating AISystem for world dinerscene
[2016.01.07-05.21.18:309][208]Cmd: MAP LOAD FILE="../../../../../../Users/Matthew/Documents/Unreal Projects/Diner2/Content/dinerscene.umap" TEMPLATE=0 SHOWPROGRESS=1 FEATURELEVEL=3
[2016.01.07-05.21.18:311][208]LightingResults: New page: Lighting Build
[2016.01.07-05.21.18:402][208]LoadErrors: New page: Loading map: dinerscene.umap
[2016.01.07-05.21.18:404][208]MapCheck: New page: Map Check
[2016.01.07-05.21.18:404][208]LightingResults: New page: Lighting Build
[2016.01.07-05.21.18:438][208]LogParticles: Destroying 0 GPU particle simulations for FXSystem 0x000000DC46A97240
[2016.01.07-05.21.19:281][208]LogAIModule: Creating AISystem for world dinerscene
[2016.01.07-05.21.19:338][208]LogEditorServer: Finished looking for orphan Actors (0.000 secs)
[2016.01.07-05.21.19:724][208]Cmd: MAP CHECKDEP NOCLEARLOG
[2016.01.07-05.21.20:069][208]MapCheck: Info Map check complete: 0 Error(s), 0 Warning(s), took 343.992ms to complete.
[2016.01.07-05.21.20:082][208]LogFileHelpers: Loading map 'dinerscene' took 1.777
[2016.01.07-05.21.23:845][250]LogD3D11RHI: InitD3DDevice
[2016.01.07-05.21.26:165][361]LogD3D11RHI: InitD3DDevice
[2016.01.07-05.21.26:927][393]LogD3D11RHI: InitD3DDevice
[2016.01.07-05.21.27:080][398]LogD3D11RHI: InitD3DDevice
[2016.01.07-05.21.27:647][419]LogD3D11RHI: InitD3DDevice
[2016.01.07-05.21.29:544][526]LogD3D11RHI: InitD3DDevice
[2016.01.07-05.22.01:180][981]LogD3D11RHI: InitD3DDevice
[2016.01.07-05.22.21:147][294]LogD3D11RHI: InitD3DDevice
[2016.01.07-05.22.23:262][416]LogD3D11RHI: InitD3DDevice
[2016.01.07-05.22.24:727][497]LogD3D11RHI: InitD3DDevice
[2016.01.07-05.22.40:065][687]LogD3D11RHI: InitD3DDevice
[2016.01.07-05.22.45:700][875]LogD3D11RHI: InitD3DDevice
[2016.01.07-05.23.57:361][923]LogEditorViewport: Clicking on Actor (LMB): SkeletalMeshActor (SK_Mannequin)
[2016.01.07-05.24.05:315][ 34]LogEditorViewport: Clicking on Actor (LMB): SkeletalMeshActor (SK_Mannequin)
[2016.01.07-05.24.11:846][131]LogEditorViewport: Clicking on Actor (LMB): SkeletalMeshActor (SK_Mannequin)
[2016.01.07-05.24.12:407][137]LogEditorViewport: Clicking on Actor (LMB): SkeletalMeshActor (SK_Mannequin)
[2016.01.07-05.24.13:336][151]LogEditorViewport: Clicking on Actor (LMB): SkeletalMeshActor (SK_Mannequin)
[2016.01.07-05.24.21:891][303]LogD3D11RHI: InitD3DDevice
[2016.01.07-05.24.23:040][303]LogD3D11RHI: InitD3DDevice
[2016.01.07-05.24.23:431][303]LogLinker:Warning: Can't find file '/Game/UE4_Mannequin/Mesh/UE4_Mannequin'
[2016.01.07-05.24.23:447][303]LogLinker:Warning: Can't find file '/Game/UE4_Mannequin/Mesh/UE4_Mannequin'
[2016.01.07-05.24.23:451][303]LogLinker:Warning: Can't find file '/Game/UE4_Mannequin/Mesh/UE4_Mannequin'
[2016.01.07-05.24.23:456][303]LogUObjectGlobals:Warning: Failed to find object 'SkeletalMesh /Game/UE4_Mannequin/Mesh/UE4_Mannequin.UE4_Mannequin'
[2016.01.07-05.24.24:156][303]LogSkeletalMesh: InitArticulated: Bodies already created (/Engine/Transient.DebugSkelMeshComponent_0) - call TermArticulated first.
[2016.01.07-05.24.24:548][303]LogLinker:Warning: Asset '../../../Engine/Content/Tutorial/SubEditors/PersonaAnimEditorTutorial.uasset' has been saved with empty engine version. The asset will be loaded but may be incompatible.
[2016.01.07-05.24.24:846][303]LogContentBrowser:Verbose: The majority of assets in the view are of type: AnimSequence
[2016.01.07-05.24.29:457][357]LogEditorViewport: Clicking on Actor (context menu): SkeletalMeshActor (SK_Mannequin)
[2016.01.07-05.24.29:502][357]LogD3D11RHI: InitD3DDevice
[2016.01.07-05.24.31:729][452]LogD3D11RHI: InitD3DDevice
[2016.01.07-05.24.31:800][453]LogD3D11RHI: InitD3DDevice
[2016.01.07-05.24.31:865][454]LogD3D11RHI: InitD3DDevice
[2016.01.07-05.24.31:928][455]LogD3D11RHI: InitD3DDevice
[2016.01.07-05.24.32:821][492]LogD3D11RHI: InitD3DDevice
[2016.01.07-05.24.39:529][608]LogPlayLevel: PIE:  No blueprints needed recompiling
[2016.01.07-05.24.39:628][608]PIE: New page: PIE session: dinerscene (Jan 6, 2016, 1:24:39 PM)
[2016.01.07-05.24.39:629][608]LogPlayLevel: Creating play world package: /Game/UEDPIE_0_dinerscene
[2016.01.07-05.24.39:693][608]LogPlayLevel: PIE: StaticDuplicateObject took: (0.063483s)
[2016.01.07-05.24.39:697][608]LogAIModule: Creating AISystem for world dinerscene
[2016.01.07-05.24.39:699][608]LogPlayLevel: PIE: World Init took: (0.006463s)
[2016.01.07-05.24.39:700][608]LogPlayLevel: PIE: Created PIE world by copying editor world from /Game/dinerscene.dinerscene to /Game/UEDPIE_0_dinerscene.dinerscene (0.070955s)
[2016.01.07-05.24.39:737][608]LogParticles: Destroying 0 GPU particle simulations for FXSystem 0x000000DC4843AC00
[2016.01.07-05.24.39:738][608]LogParticles: Destroying 0 GPU particle simulations for FXSystem 0x000000DC3DF0DE40
[2016.01.07-05.24.39:738][608]LogParticles: Destroying 0 GPU particle simulations for FXSystem 0x000000DC47789440
[2016.01.07-05.24.39:739][608]LogParticles: Destroying 0 GPU particle simulations for FXSystem 0x000000DC47788E00
[2016.01.07-05.24.39:806][608]LogInit: XAudio2 using 'Speakers (Realtek High Definition Audio)' : 2 channels at 48 kHz using 32 bits per sample (channel mask 0x3)
[2016.01.07-05.24.39:829][608]LogInit: FAudioDevice initialized.
[2016.01.07-05.24.39:939][608]LogWorld: Game class is 'FirstPersonGameMode_C'
[2016.01.07-05.24.40:187][608]LogWorld: Bringing World /Game/UEDPIE_0_dinerscene.dinerscene up for play (max tick rate 60) at 2016.01.06-21.24.40
[2016.01.07-05.24.40:188][608]LogActor:Warning: GameSession /Game/UEDPIE_0_dinerscene.dinerscene:PersistentLevel.GameSession_0 has natively added scene component(s), but none of them were set as the actor's RootComponent - picking one arbitrarily
[2016.01.07-05.24.40:189][608]LogActor:Warning: GameNetworkManager /Game/UEDPIE_0_dinerscene.dinerscene:PersistentLevel.GameNetworkManager_0 has natively added scene component(s), but none of them were set as the actor's RootComponent - picking one arbitrarily
[2016.01.07-05.24.40:191][608]LogWorld: Bringing up level for play took: 0.245282
[2016.01.07-05.24.40:212][608]PIE: Info Play in editor start time for /Game/UEDPIE_0_dinerscene 0.822
[2016.01.07-05.24.48:090][730]LogParticles: Destroying 0 GPU particle simulations for FXSystem 0x000000DC3DBF6840
[2016.01.07-05.24.50:417][766]LogEditorViewport: Clicking on Actor (LMB): SkeletalMeshActor (SK_Mannequin)
[2016.01.07-05.24.51:676][784]Cmd: DELETE
[2016.01.07-05.24.51:677][784]Cmd: ACTOR DELETE
[2016.01.07-05.24.51:680][784]LogEditorActor: Deleted Actor: SkeletalMeshActor
[2016.01.07-05.24.51:759][784]LogEditorActor: Deleted 1 Actors (0.082 secs)
[2016.01.07-05.24.53:580][816]LogEditorViewport: Clicking on Actor (context menu): SkeletalMeshActor (SK_Mannequin2)
[2016.01.07-05.24.53:674][816]LogD3D11RHI: InitD3DDevice
[2016.01.07-05.25.24:600][294]LogD3D11RHI: InitD3DDevice
[2016.01.07-05.25.26:799][326]LogPlayLevel: PIE:  No blueprints needed recompiling
[2016.01.07-05.25.26:800][326]PIE: New page: SIE session: dinerscene (Jan 6, 2016, 1:25:26 PM)
[2016.01.07-05.25.26:801][326]LogPlayLevel: Creating play world package: /Game/UEDPIE_0_dinerscene
[2016.01.07-05.25.26:874][326]LogPlayLevel: PIE: StaticDuplicateObject took: (0.072484s)
[2016.01.07-05.25.26:878][326]LogAIModule: Creating AISystem for world dinerscene
[2016.01.07-05.25.26:880][326]LogPlayLevel: PIE: World Init took: (0.006464s)
[2016.01.07-05.25.26:881][326]LogPlayLevel: PIE: Created PIE world by copying editor world from /Game/dinerscene.dinerscene to /Game/UEDPIE_0_dinerscene.dinerscene (0.079638s)
[2016.01.07-05.25.26:934][326]LogSelection:Warning: PIE object was selected: "SkeletalMeshActor /Game/UEDPIE_0_dinerscene.dinerscene:PersistentLevel.SK_Mannequin2"
[2016.01.07-05.25.26:938][326]LogInit: XAudio2 using 'Speakers (Realtek High Definition Audio)' : 2 channels at 48 kHz using 32 bits per sample (channel mask 0x3)
[2016.01.07-05.25.26:959][326]LogInit: FAudioDevice initialized.
[2016.01.07-05.25.27:014][326]LogWorld: Game class is 'FirstPersonGameMode_C'
[2016.01.07-05.25.27:243][326]LogWorld: Bringing World /Game/UEDPIE_0_dinerscene.dinerscene up for play (max tick rate 60) at 2016.01.06-21.25.27
[2016.01.07-05.25.27:243][326]LogActor:Warning: GameSession /Game/UEDPIE_0_dinerscene.dinerscene:PersistentLevel.GameSession_1 has natively added scene component(s), but none of them were set as the actor's RootComponent - picking one arbitrarily
[2016.01.07-05.25.27:245][326]LogActor:Warning: GameNetworkManager /Game/UEDPIE_0_dinerscene.dinerscene:PersistentLevel.GameNetworkManager_1 has natively added scene component(s), but none of them were set as the actor's RootComponent - picking one arbitrarily
[2016.01.07-05.25.27:247][326]LogWorld: Bringing up level for play took: 0.225107
[2016.01.07-05.25.27:255][326]PIE: Info Play in editor start time for /Game/UEDPIE_0_dinerscene -0.135
[2016.01.07-05.25.27:394][326]LogSelection:Warning: PIE object was selected: "SkeletalMeshActor /Game/UEDPIE_0_dinerscene.dinerscene:PersistentLevel.SK_Mannequin2"
[2016.01.07-05.25.51:190][617]LogParticles: Destroying 0 GPU particle simulations for FXSystem 0x000000DC44C193A0
[2016.01.07-05.25.53:339][653]LogPlayLevel: PIE:  No blueprints needed recompiling
[2016.01.07-05.25.53:340][653]PIE: New page: SIE session: dinerscene (Jan 6, 2016, 1:25:53 PM)
[2016.01.07-05.25.53:341][653]LogPlayLevel: Creating play world package: /Game/UEDPIE_0_dinerscene
[2016.01.07-05.25.53:409][653]LogPlayLevel: PIE: StaticDuplicateObject took: (0.067409s)
[2016.01.07-05.25.53:412][653]LogAIModule: Creating AISystem for world dinerscene
[2016.01.07-05.25.53:416][653]LogPlayLevel: PIE: World Init took: (0.006703s)
[2016.01.07-05.25.53:417][653]LogPlayLevel: PIE: Created PIE world by copying editor world from /Game/dinerscene.dinerscene to /Game/UEDPIE_0_dinerscene.dinerscene (0.075349s)
[2016.01.07-05.25.53:478][653]LogSelection:Warning: PIE object was selected: "SkeletalMeshActor /Game/UEDPIE_0_dinerscene.dinerscene:PersistentLevel.SK_Mannequin2"
[2016.01.07-05.25.53:482][653]LogInit: XAudio2 using 'Speakers (Realtek High Definition Audio)' : 2 channels at 48 kHz using 32 bits per sample (channel mask 0x3)
[2016.01.07-05.25.53:502][653]LogInit: FAudioDevice initialized.
[2016.01.07-05.25.53:561][653]LogWorld: Game class is 'FirstPersonGameMode_C'
[2016.01.07-05.25.53:793][653]LogWorld: Bringing World /Game/UEDPIE_0_dinerscene.dinerscene up for play (max tick rate 60) at 2016.01.06-21.25.53
[2016.01.07-05.25.53:793][653]LogActor:Warning: GameSession /Game/UEDPIE_0_dinerscene.dinerscene:PersistentLevel.GameSession_2 has natively added scene component(s), but none of them were set as the actor's RootComponent - picking one arbitrarily
[2016.01.07-05.25.53:796][653]LogActor:Warning: GameNetworkManager /Game/UEDPIE_0_dinerscene.dinerscene:PersistentLevel.GameNetworkManager_2 has natively added scene component(s), but none of them were set as the actor's RootComponent - picking one arbitrarily
[2016.01.07-05.25.53:798][653]LogWorld: Bringing up level for play took: 0.229093
[2016.01.07-05.25.53:806][653]PIE: Info Play in editor start time for /Game/UEDPIE_0_dinerscene 0.416
[2016.01.07-05.25.53:865][653]LogSelection:Warning: PIE object was selected: "SkeletalMeshActor /Game/UEDPIE_0_dinerscene.dinerscene:PersistentLevel.SK_Mannequin2"
[2016.01.07-05.25.56:339][687]LogParticles: Destroying 0 GPU particle simulations for FXSystem 0x000000DC49DA1300
[2016.01.07-05.26.04:371][814]LogPlayLevel: PIE:  No blueprints needed recompiling
[2016.01.07-05.26.04:372][814]PIE: New page: SIE session: dinerscene (Jan 6, 2016, 1:26:04 PM)
[2016.01.07-05.26.04:373][814]LogPlayLevel: Creating play world package: /Game/UEDPIE_0_dinerscene
[2016.01.07-05.26.04:439][814]LogPlayLevel: PIE: StaticDuplicateObject took: (0.066104s)
[2016.01.07-05.26.04:442][814]LogAIModule: Creating AISystem for world dinerscene
[2016.01.07-05.26.04:445][814]LogPlayLevel: PIE: World Init took: (0.005534s)
[2016.01.07-05.26.04:446][814]LogPlayLevel: PIE: Created PIE world by copying editor world from /Game/dinerscene.dinerscene to /Game/UEDPIE_0_dinerscene.dinerscene (0.072626s)
[2016.01.07-05.26.04:502][814]LogSelection:Warning: PIE object was selected: "SkeletalMeshActor /Game/UEDPIE_0_dinerscene.dinerscene:PersistentLevel.SK_Mannequin2"
[2016.01.07-05.26.04:506][814]LogInit: XAudio2 using 'Speakers (Realtek High Definition Audio)' : 2 channels at 48 kHz using 32 bits per sample (channel mask 0x3)
[2016.01.07-05.26.04:526][814]LogInit: FAudioDevice initialized.
[2016.01.07-05.26.04:581][814]LogWorld: Game class is 'FirstPersonGameMode_C'
[2016.01.07-05.26.04:825][814]LogWorld: Bringing World /Game/UEDPIE_0_dinerscene.dinerscene up for play (max tick rate 60) at 2016.01.06-21.26.04
[2016.01.07-05.26.04:825][814]LogActor:Warning: GameSession /Game/UEDPIE_0_dinerscene.dinerscene:PersistentLevel.GameSession_3 has natively added scene component(s), but none of them were set as the actor's RootComponent - picking one arbitrarily
[2016.01.07-05.26.04:827][814]LogActor:Warning: GameNetworkManager /Game/UEDPIE_0_dinerscene.dinerscene:PersistentLevel.GameNetworkManager_3 has natively added scene component(s), but none of them were set as the actor's RootComponent - picking one arbitrarily
[2016.01.07-05.26.04:829][814]LogWorld: Bringing up level for play took: 0.240346
[2016.01.07-05.26.04:837][814]PIE: Info Play in editor start time for /Game/UEDPIE_0_dinerscene 1.448
[2016.01.07-05.26.04:897][814]LogSelection:Warning: PIE object was selected: "SkeletalMeshActor /Game/UEDPIE_0_dinerscene.dinerscene:PersistentLevel.SK_Mannequin2"
[2016.01.07-05.26.22:575][ 26]LogParticles: Destroying 0 GPU particle simulations for FXSystem 0x000000DC3D2C68E0
[2016.01.07-05.28.13:835][564]LogPlayLevel: PIE:  No blueprints needed recompiling
[2016.01.07-05.28.13:835][564]PIE: New page: SIE session: dinerscene (Jan 6, 2016, 1:28:13 PM)
[2016.01.07-05.28.13:837][564]LogPlayLevel: Creating play world package: /Game/UEDPIE_0_dinerscene
[2016.01.07-05.28.13:902][564]LogPlayLevel: PIE: StaticDuplicateObject took: (0.065763s)
[2016.01.07-05.28.13:907][564]LogAIModule: Creating AISystem for world dinerscene
[2016.01.07-05.28.13:909][564]LogPlayLevel: PIE: World Init took: (0.006708s)
[2016.01.07-05.28.13:910][564]LogPlayLevel: PIE: Created PIE world by copying editor world from /Game/dinerscene.dinerscene to /Game/UEDPIE_0_dinerscene.dinerscene (0.073283s)
[2016.01.07-05.28.13:974][564]LogSelection:Warning: PIE object was selected: "SkeletalMeshActor /Game/UEDPIE_0_dinerscene.dinerscene:PersistentLevel.SK_Mannequin4"
[2016.01.07-05.28.13:978][564]LogInit: XAudio2 using 'Speakers (Realtek High Definition Audio)' : 2 channels at 48 kHz using 32 bits per sample (channel mask 0x3)
[2016.01.07-05.28.14:000][564]LogInit: FAudioDevice initialized.
[2016.01.07-05.28.14:054][564]LogWorld: Game class is 'FirstPersonGameMode_C'
[2016.01.07-05.28.14:299][564]LogWorld: Bringing World /Game/UEDPIE_0_dinerscene.dinerscene up for play (max tick rate 60) at 2016.01.06-21.28.14
[2016.01.07-05.28.14:299][564]LogActor:Warning: GameSession /Game/UEDPIE_0_dinerscene.dinerscene:PersistentLevel.GameSession_4 has natively added scene component(s), but none of them were set as the actor's RootComponent - picking one arbitrarily
[2016.01.07-05.28.14:301][564]LogActor:Warning: GameNetworkManager /Game/UEDPIE_0_dinerscene.dinerscene:PersistentLevel.GameNetworkManager_4 has natively added scene component(s), but none of them were set as the actor's RootComponent - picking one arbitrarily
[2016.01.07-05.28.14:303][564]LogWorld: Bringing up level for play took: 0.241806
[2016.01.07-05.28.14:311][564]PIE: Info Play in editor start time for /Game/UEDPIE_0_dinerscene 0.922
[2016.01.07-05.28.14:374][564]LogSelection:Warning: PIE object was selected: "SkeletalMeshActor /Game/UEDPIE_0_dinerscene.dinerscene:PersistentLevel.SK_Mannequin4"
[2016.01.07-05.28.22:738][659]LogEditorViewport: Clicking on Actor (LMB): SkeletalMeshActor (SK_Mannequin2)
[2016.01.07-05.28.22:738][659]LogSelection:Warning: PIE object was selected: "SkeletalMeshActor /Game/UEDPIE_0_dinerscene.dinerscene:PersistentLevel.SK_Mannequin2"
[2016.01.07-05.28.26:479][706]LogParticles: Destroying 0 GPU particle simulations for FXSystem 0x000000DC44B9A5C0
[2016.01.07-05.28.31:621][783]LogD3D11RHI: InitD3DDevice
[2016.01.07-05.28.43:663][379]LogPlayLevel: PIE:  No blueprints needed recompiling
[2016.01.07-05.28.43:664][379]PIE: New page: PIE session: dinerscene (Jan 6, 2016, 1:28:43 PM)
[2016.01.07-05.28.43:665][379]LogPlayLevel: Creating play world package: /Game/UEDPIE_0_dinerscene
[2016.01.07-05.28.43:733][379]LogPlayLevel: PIE: StaticDuplicateObject took: (0.068231s)
[2016.01.07-05.28.43:736][379]LogAIModule: Creating AISystem for world dinerscene
[2016.01.07-05.28.43:738][379]LogPlayLevel: PIE: World Init took: (0.005008s)
[2016.01.07-05.28.43:739][379]LogPlayLevel: PIE: Created PIE world by copying editor world from /Game/dinerscene.dinerscene to /Game/UEDPIE_0_dinerscene.dinerscene (0.073993s)
[2016.01.07-05.28.43:799][379]LogInit: XAudio2 using 'Speakers (Realtek High Definition Audio)' : 2 channels at 48 kHz using 32 bits per sample (channel mask 0x3)
[2016.01.07-05.28.43:818][379]LogInit: FAudioDevice initialized.
[2016.01.07-05.28.43:881][379]LogWorld: Game class is 'FirstPersonGameMode_C'
[2016.01.07-05.28.44:126][379]LogWorld: Bringing World /Game/UEDPIE_0_dinerscene.dinerscene up for play (max tick rate 60) at 2016.01.06-21.28.44
[2016.01.07-05.28.44:126][379]LogActor:Warning: GameSession /Game/UEDPIE_0_dinerscene.dinerscene:PersistentLevel.GameSession_5 has natively added scene component(s), but none of them were set as the actor's RootComponent - picking one arbitrarily
[2016.01.07-05.28.44:128][379]LogActor:Warning: GameNetworkManager /Game/UEDPIE_0_dinerscene.dinerscene:PersistentLevel.GameNetworkManager_5 has natively added scene component(s), but none of them were set as the actor's RootComponent - picking one arbitrarily
[2016.01.07-05.28.44:130][379]LogWorld: Bringing up level for play took: 0.240960
[2016.01.07-05.28.44:148][379]PIE: Info Play in editor start time for /Game/UEDPIE_0_dinerscene 0.758
[2016.01.07-05.28.44:308][380]LogCharacterMovement:Warning: GetSimulationTimeStep() - Max iterations 8 hit while remaining time 0.084900 > MaxSimulationTimeStep (0.050) for 'FirstPersonCharacter_C_5'
[2016.01.07-05.28.45:981][401]LogParticles: Destroying 0 GPU particle simulations for FXSystem 0x000000DC3CE0D120
[2016.01.07-05.28.49:882][453]LogPlayLevel: PIE:  No blueprints needed recompiling
[2016.01.07-05.28.49:883][453]PIE: New page: PIE session: dinerscene (Jan 6, 2016, 1:28:49 PM)
[2016.01.07-05.28.49:884][453]LogPlayLevel: Creating play world package: /Game/UEDPIE_0_dinerscene
[2016.01.07-05.28.49:952][453]LogPlayLevel: PIE: StaticDuplicateObject took: (0.067867s)
[2016.01.07-05.28.49:955][453]LogAIModule: Creating AISystem for world dinerscene
[2016.01.07-05.28.49:958][453]LogPlayLevel: PIE: World Init took: (0.005786s)
[2016.01.07-05.28.49:958][453]LogPlayLevel: PIE: Created PIE world by copying editor world from /Game/dinerscene.dinerscene to /Game/UEDPIE_0_dinerscene.dinerscene (0.074618s)
[2016.01.07-05.28.50:017][453]LogInit: XAudio2 using 'Speakers (Realtek High Definition Audio)' : 2 channels at 48 kHz using 32 bits per sample (channel mask 0x3)
[2016.01.07-05.28.50:037][453]LogInit: FAudioDevice initialized.
[2016.01.07-05.28.50:097][453]LogWorld: Game class is 'FirstPersonGameMode_C'
[2016.01.07-05.28.50:324][453]LogWorld: Bringing World /Game/UEDPIE_0_dinerscene.dinerscene up for play (max tick rate 60) at 2016.01.06-21.28.50
[2016.01.07-05.28.50:325][453]LogActor:Warning: GameSession /Game/UEDPIE_0_dinerscene.dinerscene:PersistentLevel.GameSession_6 has natively added scene component(s), but none of them were set as the actor's RootComponent - picking one arbitrarily
[2016.01.07-05.28.50:326][453]LogActor:Warning: GameNetworkManager /Game/UEDPIE_0_dinerscene.dinerscene:PersistentLevel.GameNetworkManager_6 has natively added scene component(s), but none of them were set as the actor's RootComponent - picking one arbitrarily
[2016.01.07-05.28.50:329][453]LogWorld: Bringing up level for play took: 0.224653
[2016.01.07-05.28.50:341][453]PIE: Info Play in editor start time for /Game/UEDPIE_0_dinerscene 0.952
[2016.01.07-05.28.50:494][454]LogCharacterMovement:Warning: GetSimulationTimeStep() - Max iterations 8 hit while remaining time 0.083544 > MaxSimulationTimeStep (0.050) for 'FirstPersonCharacter_C_6'
[2016.01.07-05.29.01:585][623]LogParticles: Destroying 0 GPU particle simulations for FXSystem 0x000000DC44C1AA20
[2016.01.07-05.29.03:556][652]LogD3D11RHI: InitD3DDevice
[2016.01.07-05.29.07:158][704]LogD3D11RHI: InitD3DDevice
[2016.01.07-05.29.09:418][735]LogD3D11RHI: InitD3DDevice
[2016.01.07-05.29.09:855][735]Cmd: OBJ SAVEPACKAGE PACKAGE="/Game/dinerscene" FILE="../../../../../../Users/Matthew/Documents/Unreal Projects/Diner2/Content/dinerscene.umap" SILENT=true AUTOSAVING=false KEEPDIRTY=false
[2016.01.07-05.29.11:198][735]LogSavePackage: Save=1213.714233ms
[2016.01.07-05.29.11:198][735]LogSavePackage: Moving '../../../../../../Users/Matthew/Documents/Unreal Projects/Diner2/Saved/dinersceneB48B7F7241EDF88B94DFC08846D0A232.tmp' to '../../../../../../Users/Matthew/Documents/Unreal Projects/Diner2/Content/dinerscene.umap'
[2016.01.07-05.29.11:308][735]LogFileHelpers: Saving map 'dinerscene' took 1.838
[2016.01.07-05.39.00:905][520]LogD3D11RHI: InitD3DDevice
[2016.01.07-05.39.09:907][547]LogD3D11RHI: InitD3DDevice
[2016.01.07-05.39.10:068][547]LogFileHelpers: Editor autosave (incl. sublevels) for '/Game/dinerscene' took 0.029
[2016.01.07-07.07.33:368][  2]LogRenderer: Reallocating scene render targets to support 1056x520 (Frame:7211).
[2016.01.07-07.07.33:558][  3]LogRenderer: Reallocating scene render targets to support 1056x528 (Frame:7213).
[2016.01.07-07.11.50:830][943]LogWindowsTextInputMethodSystem:Display: IME system now deactivated.
[2016.01.07-07.11.50:830][943]LogWindowsTextInputMethodSystem:Display: IME system now deactivated.
[2016.01.07-07.11.51:525][944]Cmd: QUIT_EDITOR
[2016.01.07-07.11.53:203][944]LogExit: Preparing to exit.
[2016.01.07-07.11.53:834][944]LogExit: Editor shut down
[2016.01.07-07.11.53:835][944]LogExit: Transaction tracking system shut down
[2016.01.07-07.11.53:838][944]LogParticles: Destroying 0 GPU particle simulations for FXSystem 0x000000DC44978220
[2016.01.07-07.11.53:839][944]LogParticles: Destroying 0 GPU particle simulations for FXSystem 0x000000DC3E28F420
[2016.01.07-07.11.53:840][944]LogParticles: Destroying 0 GPU particle simulations for FXSystem 0x000000DC46BA2A20
[2016.01.07-07.11.53:840][944]LogParticles: Destroying 0 GPU particle simulations for FXSystem 0x000000DC484A2B60
[2016.01.07-07.11.53:840][944]LogParticles: Destroying 0 GPU particle simulations for FXSystem 0x000000DC254587C0
[2016.01.07-07.11.54:299][944]LogParticles: Destroying 0 GPU particle simulations for FXSystem 0x000000DC484A32E0
[2016.01.07-07.11.54:299][944]LogExit: Object subsystem successfully closed.
[2016.01.07-07.11.54:328][944]LogD3D11RHI: Shutdown
[2016.01.07-07.11.54:328][944]LogD3D11RHI: CleanupD3DDevice
[2016.01.07-07.11.54:532][944]LogD3D11RHI: ~FD3D11DynamicRHI
[2016.01.07-07.11.54:623][944]LogModuleManager: Shutting down and abandoning module ExternalImagePicker (191)
[2016.01.07-07.11.54:623][944]LogModuleManager: Shutting down and abandoning module CrashTracker (190)
[2016.01.07-07.11.54:623][944]LogModuleManager: Shutting down and abandoning module SceneOutliner (189)
[2016.01.07-07.11.54:623][944]LogModuleManager: Shutting down and abandoning module SuperSearch (188)
[2016.01.07-07.11.54:623][944]LogModuleManager: Shutting down and abandoning module WidgetCarousel (187)
[2016.01.07-07.11.54:623][944]LogModuleManager: Shutting down and abandoning module AddContentDialog (186)
[2016.01.07-07.11.54:629][944]LogModuleManager: Shutting down and abandoning module EditorWidgets (185)
[2016.01.07-07.11.54:629][944]LogModuleManager: Shutting down and abandoning module CollectionManager (184)
[2016.01.07-07.11.54:630][944]LogModuleManager: Shutting down and abandoning module StatsViewer (183)
[2016.01.07-07.11.54:630][944]LogModuleManager: Shutting down and abandoning module FoliageEdit (182)
[2016.01.07-07.11.54:630][944]LogModuleManager: Shutting down and abandoning module LandscapeEditor (181)
[2016.01.07-07.11.54:630][944]LogModuleManager: Shutting down and abandoning module ActorPickerMode (180)
[2016.01.07-07.11.54:630][944]LogModuleManager: Shutting down and abandoning module GeometryMode (179)
[2016.01.07-07.11.54:630][944]LogModuleManager: Shutting down and abandoning module TextureAlignMode (178)
[2016.01.07-07.11.54:631][944]LogModuleManager: Shutting down and abandoning module BspMode (177)
[2016.01.07-07.11.54:631][944]LogModuleManager: Shutting down and abandoning module PlacementMode (176)
[2016.01.07-07.11.54:631][944]LogModuleManager: Shutting down and abandoning module AutomationWorker (175)
[2016.01.07-07.11.54:631][944]LogModuleManager: Shutting down and abandoning module CharacterAI (174)
[2016.01.07-07.11.54:631][944]LogModuleManager: Shutting down and abandoning module SmartSnapping (173)
[2016.01.07-07.11.54:631][944]LogModuleManager: Shutting down and abandoning module ViewportSnapping (172)
[2016.01.07-07.11.54:631][944]LogModuleManager: Shutting down and abandoning module LogVisualizer (171)
[2016.01.07-07.11.54:631][944]LogModuleManager: Shutting down and abandoning module GameProjectGeneration (170)
[2016.01.07-07.11.54:631][944]LogModuleManager: Shutting down and abandoning module IntroTutorials (169)
[2016.01.07-07.11.54:631][944]LogModuleManager: Shutting down and abandoning module EditorLiveStreaming (168)
[2016.01.07-07.11.54:632][944]LogModuleManager: Shutting down and abandoning module IOSPlatformEditor (167)
[2016.01.07-07.11.54:632][944]LogModuleManager: Shutting down and abandoning module HTML5PlatformEditor (166)
[2016.01.07-07.11.54:632][944]LogModuleManager: Shutting down and abandoning module AndroidDeviceDetection (165)
[2016.01.07-07.11.55:632][944]LogModuleManager: Shutting down and abandoning module AndroidPlatformEditor (164)
[2016.01.07-07.11.55:632][944]LogModuleManager: Shutting down and abandoning module IOSRuntimeSettings (163)
[2016.01.07-07.11.55:632][944]LogModuleManager: Shutting down and abandoning module AndroidRuntimeSettings (162)
[2016.01.07-07.11.55:632][944]LogModuleManager: Shutting down and abandoning module MergeActors (161)
[2016.01.07-07.11.55:633][944]LogModuleManager: Shutting down and abandoning module SizeMap (160)
[2016.01.07-07.11.55:633][944]LogModuleManager: Shutting down and abandoning module TreeMap (159)
[2016.01.07-07.11.55:633][944]LogModuleManager: Shutting down and abandoning module ReferenceViewer (158)
[2016.01.07-07.11.55:633][944]LogModuleManager: Shutting down and abandoning module LocalizationDashboard (157)
[2016.01.07-07.11.55:633][944]LogModuleManager: Shutting down and abandoning module HardwareTargeting (156)
[2016.01.07-07.11.55:633][944]LogModuleManager: Shutting down and abandoning module DeviceProfileEditor (155)
[2016.01.07-07.11.55:633][944]LogModuleManager: Shutting down and abandoning module UndoHistory (154)
[2016.01.07-07.11.55:633][944]LogModuleManager: Shutting down and abandoning module GameplayTagsEditor (153)
[2016.01.07-07.11.55:633][944]LogModuleManager: Shutting down and abandoning module UserFeedback (152)
[2016.01.07-07.11.55:633][944]LogModuleManager: Shutting down and abandoning module XmlParser (151)
[2016.01.07-07.11.55:633][944]LogModuleManager: Shutting down and abandoning module Blutility (150)
[2016.01.07-07.11.55:633][944]LogModuleManager: Shutting down and abandoning module ProjectTargetPlatformEditor (149)
[2016.01.07-07.11.55:633][944]LogModuleManager: Shutting down and abandoning module ProjectSettingsViewer (148)
[2016.01.07-07.11.55:633][944]LogModuleManager: Shutting down and abandoning module InputBindingEditor (147)
[2016.01.07-07.11.55:634][944]LogModuleManager: Shutting down and abandoning module EditorSettingsViewer (146)
[2016.01.07-07.11.55:634][944]LogModuleManager: Shutting down and abandoning module SettingsEditor (145)
[2016.01.07-07.11.55:634][944]LogModuleManager: Shutting down and abandoning module ProjectLauncher (144)
[2016.01.07-07.11.55:634][944]LogModuleManager: Shutting down and abandoning module SessionFrontend (143)
[2016.01.07-07.11.55:634][944]LogModuleManager: Shutting down and abandoning module ProfilerClient (142)
[2016.01.07-07.11.55:634][944]LogModuleManager: Shutting down and abandoning module TargetDeviceServices (141)
[2016.01.07-07.11.55:634][944]LogModuleManager: Shutting down and abandoning module DeviceManager (140)
[2016.01.07-07.11.55:635][944]LogModuleManager: Shutting down and abandoning module AutomationController (139)
[2016.01.07-07.11.55:635][944]LogModuleManager: Shutting down and abandoning module AutomationWindow (138)
[2016.01.07-07.11.55:635][944]LogModuleManager: Shutting down and abandoning module Layers (137)
[2016.01.07-07.11.55:635][944]LogModuleManager: Shutting down and abandoning module ComponentVisualizers (136)
[2016.01.07-07.11.55:635][944]LogModuleManager: Shutting down and abandoning module DetailCustomizations (135)
[2016.01.07-07.11.55:635][944]LogModuleManager: Shutting down and abandoning module PackagesDialog (134)
[2016.01.07-07.11.55:635][944]LogModuleManager: Shutting down and abandoning module Persona (133)
[2016.01.07-07.11.55:635][944]LogModuleManager: Shutting down and abandoning module Kismet (132)
[2016.01.07-07.11.55:636][944]LogModuleManager: Shutting down and abandoning module GraphEditor (131)
[2016.01.07-07.11.55:636][944]LogModuleManager: Shutting down and abandoning module ClassViewer (130)
[2016.01.07-07.11.55:636][944]LogModuleManager: Shutting down and abandoning module Toolbox (129)
[2016.01.07-07.11.55:636][944]LogModuleManager: Shutting down and abandoning module ModuleUI (128)
[2016.01.07-07.11.55:636][944]LogModuleManager: Shutting down and abandoning module MovieSceneTools (127)
[2016.01.07-07.11.55:636][944]LogModuleManager: Shutting down and abandoning module OutputLog (126)
[2016.01.07-07.11.55:636][944]LogModuleManager: Shutting down and abandoning module GammaUI (125)
[2016.01.07-07.11.55:636][944]LogModuleManager: Shutting down and abandoning module Documentation (124)
[2016.01.07-07.11.55:636][944]LogModuleManager: Shutting down and abandoning module GameLiveStreaming (123)
[2016.01.07-07.11.55:636][944]LogModuleManager: Shutting down and abandoning module StreamingPauseRendering (122)
[2016.01.07-07.11.55:636][944]LogModuleManager: Shutting down and abandoning module AnalyticsET (121)
[2016.01.07-07.11.55:636][944]LogModuleManager: Shutting down and abandoning module Analytics (120)
[2016.01.07-07.11.55:636][944]LogModuleManager: Shutting down and abandoning module AITestSuite (119)
[2016.01.07-07.11.55:636][944]LogModuleManager: Shutting down and abandoning module GameplayDebugger (118)
[2016.01.07-07.11.55:636][944]LogModuleManager: Shutting down and abandoning module AIModule (117)
[2016.01.07-07.11.55:636][944]LogModuleManager: Shutting down and abandoning module ProfilerService (116)
[2016.01.07-07.11.55:678][944]LogModuleManager: Shutting down and abandoning module TaskGraph (115)
[2016.01.07-07.11.55:678][944]LogModuleManager: Shutting down and abandoning module SubstanceEditor (114)
[2016.01.07-07.11.55:678][944]LogModuleManager: Shutting down and abandoning module SlateRemote (113)
[2016.01.07-07.11.55:678][944]LogModuleManager: Shutting down and abandoning module SteamVRController (112)
[2016.01.07-07.11.55:678][944]LogModuleManager: Shutting down and abandoning module SteamVR (111)
[2016.01.07-07.11.55:678][944]LogModuleManager: Shutting down and abandoning module ProceduralMeshComponent (110)
[2016.01.07-07.11.55:678][944]LogModuleManager: Shutting down and abandoning module OculusRift (109)
[2016.01.07-07.11.55:679][944]LogModuleManager: Shutting down and abandoning module LeapMotionController (108)
[2016.01.07-07.11.55:731][944]LogModuleManager: Shutting down and abandoning module CustomMeshComponent (107)
[2016.01.07-07.11.55:731][944]LogModuleManager: Shutting down and abandoning module CableComponent (106)
[2016.01.07-07.11.55:731][944]LogModuleManager: Shutting down and abandoning module MessagingDebugger (105)
[2016.01.07-07.11.55:731][944]LogModuleManager: Shutting down and abandoning module MediaPlayerEditor (104)
[2016.01.07-07.11.55:731][944]LogModuleManager: Shutting down and abandoning module SpeedTreeImporter (103)
[2016.01.07-07.11.55:731][944]LogModuleManager: Shutting down and abandoning module PluginBrowser (102)
[2016.01.07-07.11.55:732][944]LogModuleManager: Shutting down and abandoning module EpicSurvey (101)
[2016.01.07-07.11.55:732][944]LogModuleManager: Shutting down and abandoning module DesktopPlatform (100)
[2016.01.07-07.11.55:732][944]LogModuleManager: Shutting down and abandoning module VisualStudioSourceCodeAccess (99)
[2016.01.07-07.11.55:732][944]LogModuleManager: Shutting down and abandoning module UObjectPlugin (98)
[2016.01.07-07.11.55:732][944]LogModuleManager: Shutting down and abandoning module SubversionSourceControl (97)
[2016.01.07-07.11.55:732][944]LogModuleManager: Shutting down and abandoning module PerforceSourceControl (96)
[2016.01.07-07.11.55:732][944]LogModuleManager: Shutting down and abandoning module SourceControl (95)
[2016.01.07-07.11.55:732][944]LogModuleManager: Shutting down and abandoning module GitSourceControl (94)
[2016.01.07-07.11.55:732][944]LogModuleManager: Shutting down and abandoning module BlankPlugin (93)
[2016.01.07-07.11.55:732][944]LogModuleManager: Shutting down and abandoning module PaperTiledImporter (92)
[2016.01.07-07.11.55:732][944]LogModuleManager: Shutting down and abandoning module PaperSpriteSheetImporter (91)
[2016.01.07-07.11.55:732][944]LogModuleManager: Shutting down and abandoning module MeshPaint (90)
[2016.01.07-07.11.55:732][944]LogModuleManager: Shutting down and abandoning module SlateReflector (89)
[2016.01.07-07.11.55:732][944]LogModuleManager: Shutting down and abandoning module HotReload (88)
[2016.01.07-07.11.55:733][944]LogModuleManager: Shutting down and abandoning module MainFrame (87)
[2016.01.07-07.11.55:733][944]LogModuleManager: Shutting down and abandoning module LevelEditor (86)
[2016.01.07-07.11.55:736][944]LogModuleManager: Shutting down and abandoning module ContentBrowser (85)
[2016.01.07-07.11.55:738][944]LogModuleManager: Shutting down and abandoning module Paper2DEditor (84)
[2016.01.07-07.11.55:738][944]LogModuleManager: Shutting down and abandoning module UdpMessaging (83)
[2016.01.07-07.11.55:839][944]LogModuleManager: Shutting down and abandoning module DirectoryWatcher (82)
[2016.01.07-07.11.55:844][944]LogModuleManager: Shutting down and abandoning module AssetRegistry (81)
[2016.01.07-07.11.56:040][944]LogModuleManager: Shutting down and abandoning module SubstanceCore (80)
[2016.01.07-07.11.56:040][944]LogModuleManager: Shutting down and abandoning module Paper2D (79)
[2016.01.07-07.11.56:040][944]LogModuleManager: Shutting down and abandoning module WindowsMoviePlayer (78)
[2016.01.07-07.11.56:053][944]LogModuleManager: Shutting down and abandoning module Media (77)
[2016.01.07-07.11.56:053][944]LogModuleManager: Shutting down and abandoning module WmfMedia (76)
[2016.01.07-07.11.56:054][944]LogModuleManager: Shutting down and abandoning module OnlineBlueprintSupport (75)
[2016.01.07-07.11.56:054][944]LogModuleManager: Shutting down and abandoning module PropertyEditor (74)
[2016.01.07-07.11.56:054][944]LogModuleManager: Shutting down and abandoning module BehaviorTreeEditor (73)
[2016.01.07-07.11.56:054][944]LogModuleManager: Shutting down and abandoning module FunctionalTesting (72)
[2016.01.07-07.11.56:054][944]LogModuleManager: Shutting down and abandoning module CollisionAnalyzer (71)
[2016.01.07-07.11.56:054][944]LogModuleManager: Shutting down and abandoning module WorkspaceMenuStructure (70)
[2016.01.07-07.11.56:054][944]LogModuleManager: Shutting down and abandoning module MessageLog (69)
[2016.01.07-07.11.56:054][944]LogModuleManager: Shutting down and abandoning module Sequencer (68)
[2016.01.07-07.11.56:054][944]LogModuleManager: Shutting down and abandoning module AssetTools (67)
[2016.01.07-07.11.56:055][944]LogModuleManager: Shutting down and abandoning module UMGEditor (66)
[2016.01.07-07.11.56:055][944]LogModuleManager: Shutting down and abandoning module UMG (65)
[2016.01.07-07.11.56:055][944]LogModuleManager: Shutting down and abandoning module Slate (64)
[2016.01.07-07.11.56:055][944]LogModuleManager: Shutting down and abandoning module EditorStyle (63)
[2016.01.07-07.11.56:066][944]LogModuleManager: Shutting down and abandoning module SessionServices (62)
[2016.01.07-07.11.56:066][944]LogModuleManager: Shutting down and abandoning module SourceCodeAccess (61)
[2016.01.07-07.11.56:066][944]LogModuleManager: Shutting down and abandoning module HeadMountedDisplay (60)
[2016.01.07-07.11.56:066][944]LogModuleManager: Shutting down and abandoning module XAudio2 (59)
[2016.01.07-07.11.56:066][944]LogModuleManager: Shutting down and abandoning module Networking (57)
[2016.01.07-07.11.56:066][944]LogModuleManager: Shutting down and abandoning module Core (56)
[2016.01.07-07.11.56:066][944]LogModuleManager: Shutting down and abandoning module KismetCompiler (55)
[2016.01.07-07.11.56:066][944]LogModuleManager: Shutting down and abandoning module PhysXFormats (54)
[2016.01.07-07.11.56:066][944]LogModuleManager: Shutting down and abandoning module MeshUtilities (53)
[2016.01.07-07.11.56:066][944]LogModuleManager: Shutting down and abandoning module DerivedDataCache (52)
[2016.01.07-07.11.56:081][944]LogDerivedDataCache: Shutdown
[2016.01.07-07.11.56:081][944]LogModuleManager: Shutting down and abandoning module ShaderFormatOpenGL (51)
[2016.01.07-07.11.56:081][944]LogModuleManager: Shutting down and abandoning module ShaderFormatD3D (50)
[2016.01.07-07.11.56:081][944]LogModuleManager: Shutting down and abandoning module MetalShaderFormat (49)
[2016.01.07-07.11.56:081][944]LogModuleManager: Shutting down and abandoning module TextureFormatUncompressed (48)
[2016.01.07-07.11.56:081][944]LogModuleManager: Shutting down and abandoning module TextureFormatPVR (47)
[2016.01.07-07.11.56:081][944]LogModuleManager: Shutting down and abandoning module TextureFormatIntelISPCTexComp (46)
[2016.01.07-07.11.56:081][944]LogModuleManager: Shutting down and abandoning module TextureFormatDXT (45)
[2016.01.07-07.11.56:081][944]LogModuleManager: Shutting down and abandoning module ImageWrapper (44)
[2016.01.07-07.11.56:081][944]LogModuleManager: Shutting down and abandoning module TextureFormatASTC (43)
[2016.01.07-07.11.56:081][944]LogModuleManager: Shutting down and abandoning module TextureFormatAndroid (42)
[2016.01.07-07.11.56:081][944]LogModuleManager: Shutting down and abandoning module AudioFormatOpus (41)
[2016.01.07-07.11.56:081][944]LogModuleManager: Shutting down and abandoning module AudioFormatOgg (40)
[2016.01.07-07.11.56:081][944]LogModuleManager: Shutting down and abandoning module AudioFormatADPCM (39)
[2016.01.07-07.11.56:081][944]LogModuleManager: Shutting down and abandoning module LinuxTargetPlatform (38)
[2016.01.07-07.11.56:081][944]LogModuleManager: Shutting down and abandoning module LinuxServerTargetPlatform (37)
[2016.01.07-07.11.56:081][944]LogModuleManager: Shutting down and abandoning module LinuxNoEditorTargetPlatform (36)
[2016.01.07-07.11.56:081][944]LogModuleManager: Shutting down and abandoning module Messaging (35)
[2016.01.07-07.11.56:081][944]LogModuleManager: Shutting down and abandoning module IOSTargetPlatform (34)
[2016.01.07-07.11.56:081][944]LogModuleManager: Shutting down and abandoning module HTML5TargetPlatform (33)
[2016.01.07-07.11.56:081][944]LogModuleManager: Shutting down and abandoning module Android_PVRTCTargetPlatform (32)
[2016.01.07-07.11.56:081][944]LogModuleManager: Shutting down and abandoning module Android_ETC2TargetPlatform (31)
[2016.01.07-07.11.56:081][944]LogModuleManager: Shutting down and abandoning module Android_ETC1TargetPlatform (30)
[2016.01.07-07.11.56:081][944]LogModuleManager: Shutting down and abandoning module Android_DXTTargetPlatform (29)
[2016.01.07-07.11.56:081][944]LogModuleManager: Shutting down and abandoning module Android_ATCTargetPlatform (28)
[2016.01.07-07.11.56:081][944]LogModuleManager: Shutting down and abandoning module Android_ASTCTargetPlatform (27)
[2016.01.07-07.11.56:081][944]LogModuleManager: Shutting down and abandoning module AndroidTargetPlatform (26)
[2016.01.07-07.11.56:081][944]LogModuleManager: Shutting down and abandoning module WindowsTargetPlatform (25)
[2016.01.07-07.11.56:081][944]LogModuleManager: Shutting down and abandoning module WindowsServerTargetPlatform (24)
[2016.01.07-07.11.56:081][944]LogModuleManager: Shutting down and abandoning module WindowsNoEditorTargetPlatform (23)
[2016.01.07-07.11.56:081][944]LogModuleManager: Shutting down and abandoning module WindowsClientTargetPlatform (22)
[2016.01.07-07.11.56:081][944]LogModuleManager: Shutting down and abandoning module DesktopTargetPlatform (21)
[2016.01.07-07.11.56:081][944]LogModuleManager: Shutting down and abandoning module TargetPlatform (20)
[2016.01.07-07.11.56:082][944]LogModuleManager: Shutting down and abandoning module InputCore (19)
[2016.01.07-07.11.56:082][944]LogModuleManager: Shutting down and abandoning module Settings (18)
[2016.01.07-07.11.56:082][944]LogModuleManager: Shutting down and abandoning module OnlineSubsystem (16)
[2016.01.07-07.11.56:082][944]LogModuleManager: Shutting down and abandoning module HTTP (15)
[2016.01.07-07.11.56:083][944]LogModuleManager: Shutting down and abandoning module ExampleDeviceProfileSelector (14)
[2016.01.07-07.11.56:083][944]LogModuleManager: Shutting down and abandoning module TextureCompressor (13)
[2016.01.07-07.11.56:083][944]LogModuleManager: Shutting down and abandoning module ShaderCore (12)
[2016.01.07-07.11.56:083][944]LogModuleManager: Shutting down and abandoning module Landscape (11)
[2016.01.07-07.11.56:083][944]LogModuleManager: Shutting down and abandoning module SlateRHIRenderer (10)
[2016.01.07-07.11.56:092][944]LogModuleManager: Shutting down and abandoning module OpenGLDrv (9)
[2016.01.07-07.11.56:092][944]LogModuleManager: Shutting down and abandoning module D3D11RHI (8)
[2016.01.07-07.11.56:092][944]LogModuleManager: Shutting down and abandoning module Renderer (7)
[2016.01.07-07.11.56:092][944]LogModuleManager: Shutting down and abandoning module Engine (6)
[2016.01.07-07.11.56:092][944]LogModuleManager: Shutting down and abandoning module CoreUObject (5)
[2016.01.07-07.11.56:092][944]LogModuleManager: Shutting down and abandoning module NetworkFile (4)
[2016.01.07-07.11.56:092][944]LogModuleManager: Shutting down and abandoning module StreamingFile (3)
[2016.01.07-07.11.56:092][944]LogModuleManager: Shutting down and abandoning module SandboxFile (2)
[2016.01.07-07.11.56:092][944]LogModuleManager: Shutting down and abandoning module PakFile (1)
[2016.01.07-07.11.56:095][944]LogExit: Exiting.
[2016.01.07-07.11.56:135][944]Log file closed, 01/06/16 23:11:56
