[2016.01.06-11.23.06:133][  0]Log file open, 01/06/16 03:23:06
[2016.01.06-11.23.06:133][  0]LogInit:Display: Running engine for game: Diner
[2016.01.06-11.23.06:133][  0]LogInit:Display: RandInit(512916316) SRandInit(512916317).
[2016.01.06-11.23.06:133][  0]LogTaskGraph: Started task graph with 4 named threads and 7 total threads.
[2016.01.06-11.23.06:133][  0]LogStats: Stats thread started
[2016.01.06-11.23.06:133][  0]LogInit: Version: 4.8.3-2634408+++depot+UE4-Releases+4.8
[2016.01.06-11.23.06:133][  0]LogInit: API Version: 2579680
[2016.01.06-11.23.06:133][  0]LogInit: Compiled (64-bit): Jul 27 2015 16:24:33
[2016.01.06-11.23.06:133][  0]LogInit: Compiled with Visual C++: 18.00.21005.01
[2016.01.06-11.23.06:133][  0]LogInit: Build Configuration: Development
[2016.01.06-11.23.06:133][  0]LogInit: Branch Name: ++depot+UE4-Releases+4.8
[2016.01.06-11.23.06:133][  0]LogInit: Command line:  
[2016.01.06-11.23.06:133][  0]LogInit: Base directory: C:/Program Files (x86)/Epic Games/4.8/Engine/Binaries/Win64/
[2016.01.06-11.23.06:133][  0]LogInit: Rocket: 1
[2016.01.06-11.23.06:149][  0]LogInit: Using libcurl 7.41.0
[2016.01.06-11.23.06:149][  0]LogInit:  - built for x86_64-pc-win32
[2016.01.06-11.23.06:149][  0]LogInit:  - supports SSL with WinSSL
[2016.01.06-11.23.06:149][  0]LogInit:  - other features:
[2016.01.06-11.23.06:149][  0]LogInit:      CURL_VERSION_SSL
[2016.01.06-11.23.06:149][  0]LogInit:      CURL_VERSION_IPV6
[2016.01.06-11.23.06:149][  0]LogInit:      CURL_VERSION_ASYNCHDNS
[2016.01.06-11.23.06:149][  0]LogInit:      CURL_VERSION_LARGEFILE
[2016.01.06-11.23.06:149][  0]LogInit:      CURL_VERSION_IDN
[2016.01.06-11.23.06:150][  0]LogInit:  CurlRequestOptions (configurable via config and command line):
[2016.01.06-11.23.06:150][  0]LogInit:  - bVerifyPeer = true  - Libcurl will verify peer certificate
[2016.01.06-11.23.06:150][  0]LogInit:  - bUseHttpProxy = false  - Libcurl will NOT use HTTP proxy
[2016.01.06-11.23.06:150][  0]LogInit:  - bDontReuseConnections = false  - Libcurl will reuse connections
[2016.01.06-11.23.06:150][  0]LogInit:  - CertBundlePath = nullptr  - Libcurl will use whatever was configured at build time.
[2016.01.06-11.23.06:164][  0]LogOnline:Warning: No default platform service specified for OnlineSubsystem
[2016.01.06-11.23.06:181][  0]LogInit: Presizing for 0 objects not considered by GC, pre-allocating 0 bytes.
[2016.01.06-11.23.06:187][  0]LogInit: Object subsystem initialized
[2016.01.06-11.23.06:188][  0]LogConsoleResponse:Warning: Skipping Unknown console variable: 'TranslucentSortAxis = (X=0.000000,Y=-1.000000,Z=0.000000)'
[2016.01.06-11.23.06:188][  0]LogConsoleResponse:Warning:   Found in ini file 'C:/Users/Matthew/Documents/Unreal Projects/Diner/Saved/Config/Windows/Engine.ini', in section '[/Script/Engine.RendererSettings]'
[2016.01.06-11.23.06:188][  0]LogConsoleResponse:Warning: Skipping Unknown console variable: 'UIScaleRule = ShortestSide'
[2016.01.06-11.23.06:188][  0]LogConsoleResponse:Warning:   Found in ini file 'C:/Users/Matthew/Documents/Unreal Projects/Diner/Saved/Config/Windows/Engine.ini', in section '[/Script/Engine.RendererSettings]'
[2016.01.06-11.23.06:188][  0]LogConsoleResponse:Warning: Skipping Unknown console variable: 'UIScaleCurve = (EditorCurveData=(Keys=),ExternalCurve=None)'
[2016.01.06-11.23.06:188][  0]LogConsoleResponse:Warning:   Found in ini file 'C:/Users/Matthew/Documents/Unreal Projects/Diner/Saved/Config/Windows/Engine.ini', in section '[/Script/Engine.RendererSettings]'
[2016.01.06-11.23.06:189][  0]LogInit: Selected Device Profile: [Windows]
[2016.01.06-11.23.06:189][  0]LogInit: Applying CVar settings loaded from the selected device profile: [Windows]
[2016.01.06-11.23.06:197][  0]LogInit: Computer: BATTLESTAR
[2016.01.06-11.23.06:197][  0]LogInit: User: Matthew
[2016.01.06-11.23.06:197][  0]LogInit: CPU Page size=4096, Cores=4
[2016.01.06-11.23.06:197][  0]LogInit: High frequency timer resolution =2.338337 MHz
[2016.01.06-11.23.06:197][  0]LogMemory: Memory total: Physical=7.9GB (8GB approx)
[2016.01.06-11.23.06:197][  0]LogMemory: Platform Memory Stats for Windows
[2016.01.06-11.23.06:197][  0]LogMemory: Process Physical Memory: 47.96 MB used, 47.96 MB peak
[2016.01.06-11.23.06:197][  0]LogMemory: Process Virtual Memory: 21.27 MB used, 22.10 MB peak
[2016.01.06-11.23.06:197][  0]LogMemory: Physical Memory: 3389.04 MB used, 8075.18 MB total
[2016.01.06-11.23.06:197][  0]LogMemory: Virtual Memory: 290.89 MB used, 134217728.00 MB total
[2016.01.06-11.23.06:240][  0]LogTextLocalizationManager: The requested culture ('en_US') has no localization data; parent culture's ('en') localization data will be used.
[2016.01.06-11.23.06:447][  0]LogTextLocalizationManager:Warning: Loaded localization resources contain conflicting entries for (Namespace:ContentBrowser, Key:ImportAssetToolTip):
Localization Resource: (C:/Program Files (x86)/Epic Games/4.8/Engine/Content/Localization/Editor/en/Editor.locres) Source String Hash: (-630476809) Localized String: (Import to {0}...)
Localization Resource: (C:/Program Files (x86)/Epic Games/4.8/Engine/Content/Localization/Editor/en/Editor.locres) Source String Hash: (1271782899) Localized String: (Imports an asset from file to this folder.)
[2016.01.06-11.23.06:907][  0]LogD3D11RHI: Found D3D11 adapter 0: Intel(R) HD Graphics 4600 (Feature Level 11_0)
[2016.01.06-11.23.06:907][  0]LogD3D11RHI: Adapter has 32MB of dedicated video memory, 0MB of dedicated system memory, and 1760MB of shared system memory, 1 output[s]
[2016.01.06-11.23.06:927][  0]LogD3D11RHI: Found D3D11 adapter 1: NVIDIA GeForce GT 750M (Feature Level 11_0)
[2016.01.06-11.23.06:927][  0]LogD3D11RHI: Adapter has 1988MB of dedicated video memory, 0MB of dedicated system memory, and 2048MB of shared system memory, 0 output[s]
[2016.01.06-11.23.06:928][  0]LogD3D11RHI: Found D3D11 adapter 2: Microsoft Basic Render Driver (Feature Level 11_0)
[2016.01.06-11.23.06:928][  0]LogD3D11RHI: Adapter has 0MB of dedicated video memory, 0MB of dedicated system memory, and 256MB of shared system memory, 0 output[s]
[2016.01.06-11.23.06:928][  0]LogD3D11RHI: Chosen D3D11 Adapter Id = 0
[2016.01.06-11.23.06:936][  0]LogD3D11RHI: InitD3DDevice
[2016.01.06-11.23.06:936][  0]LogD3D11RHI: !Direct3DDevice
[2016.01.06-11.23.06:936][  0]LogRHI: Texture pool is 1361 MB (70% of 1945 MB)
[2016.01.06-11.23.06:954][  0]LogD3D11RHI: Async texture creation enabled
[2016.01.06-11.23.06:971][  0]LogShaderCompilers:Display: Using Local Shader Compiler.
[2016.01.06-11.23.07:792][  0]LogTemp:Display: Loaded TP DesktopTargetPlatform
[2016.01.06-11.23.07:810][  0]LogTemp:Display: Loaded TP WindowsClientTargetPlatform
[2016.01.06-11.23.07:828][  0]LogTemp:Display: Loaded TP WindowsNoEditorTargetPlatform
[2016.01.06-11.23.07:846][  0]LogTemp:Display: Loaded TP WindowsServerTargetPlatform
[2016.01.06-11.23.07:864][  0]LogTemp:Display: Loaded TP WindowsTargetPlatform
[2016.01.06-11.23.07:880][  0]LogTemp:Display: Loaded TP AndroidTargetPlatform
[2016.01.06-11.23.07:895][  0]LogTemp:Display: Loaded TP Android_ASTCTargetPlatform
[2016.01.06-11.23.07:913][  0]LogTemp:Display: Loaded TP Android_ATCTargetPlatform
[2016.01.06-11.23.07:929][  0]LogTemp:Display: Loaded TP Android_DXTTargetPlatform
[2016.01.06-11.23.07:945][  0]LogTemp:Display: Loaded TP Android_ETC1TargetPlatform
[2016.01.06-11.23.07:961][  0]LogTemp:Display: Loaded TP Android_ETC2TargetPlatform
[2016.01.06-11.23.07:977][  0]LogTemp:Display: Loaded TP Android_PVRTCTargetPlatform
[2016.01.06-11.23.08:035][  0]LogTemp:Display: Loaded TP IOSTargetPlatform
[2016.01.06-11.23.08:050][  0]LogTemp:Display: Loaded TP LinuxNoEditorTargetPlatform
[2016.01.06-11.23.08:066][  0]LogTemp:Display: Loaded TP LinuxServerTargetPlatform
[2016.01.06-11.23.08:084][  0]LogTemp:Display: Loaded TP LinuxTargetPlatform
[2016.01.06-11.23.08:084][  0]LogTargetPlatformManager:Display: Building Assets For Windows
[2016.01.06-11.23.08:348][  0]LogDerivedDataCache:Display: Max Cache Size: 512 MB
[2016.01.06-11.23.08:406][  0]LogDerivedDataCache: Loaded boot cache 0.06s 53MB C:/Users/Matthew/AppData/Local/UnrealEngine/4.8/DerivedDataCache/Boot.ddc.
[2016.01.06-11.23.08:406][  0]LogDerivedDataCache:Display: Loaded Boot cache: C:/Users/Matthew/AppData/Local/UnrealEngine/4.8/DerivedDataCache/Boot.ddc
[2016.01.06-11.23.08:406][  0]LogDerivedDataCache: FDerivedDataBackendGraph:  Pak pak cache file ../../../../../../Users/Matthew/Documents/Unreal Projects/Diner/DerivedDataCache/DDC.ddp not found, will not use a pak cache.
[2016.01.06-11.23.08:406][  0]LogDerivedDataCache: Unable to find inner node Pak for hierarchical cache Hierarchy.
[2016.01.06-11.23.08:406][  0]LogDerivedDataCache: FDerivedDataBackendGraph:  CompressedPak pak cache file ../../../../../../Users/Matthew/Documents/Unreal Projects/Diner/DerivedDataCache/Compressed.ddp not found, will not use a pak cache.
[2016.01.06-11.23.08:406][  0]LogDerivedDataCache: Unable to find inner node CompressedPak for hierarchical cache Hierarchy.
[2016.01.06-11.23.08:554][  0]LogDerivedDataCache:Display: Pak cache opened for reading ../../../Engine/DerivedDataCache/Compressed.ddp.
[2016.01.06-11.23.08:567][  0]LogDerivedDataCache: Using Local data cache path C:/Users/Matthew/AppData/Local/UnrealEngine/Common/DerivedDataCache: Writable
[2016.01.06-11.23.08:791][  0]LogInit: Selected Device Profile: [Windows]
[2016.01.06-11.23.08:874][  0]ImportText (ComponentSweepMultiTests): Missing closing parenthesis: (RootShapeAsset="/Engine/BasicShapes/Cube.Cube",ShapeType="TriggerCapsule",HitResult=(Time=0.50,Location=(X=-100.000015,Y=0.0,Z=100.000015),ImpactPoint=(X=-50.0,Y=0.0,Z=50.0),Normal=(X=-1.0,Y=-0.0,Z=0.0),ImpactNormal=(X=0.0,Y=0.0,Z=1.0),TraceStart=(X=-200.0,Y=0.0,Z=200.0),TraceEnd=(X=0.0,Y=0.0,Z=0.0))
[2016.01.06-11.23.08:874][  0]ImportText (LineTraceSingleByChannelTests): Missing closing parenthesis: (RootShapeAsset="/Engine/BasicShapes/Cube.Cube",HitResult=(Time=0.50,Location=(X=-100.000015,Y=0.0,Z=100.000015),ImpactPoint=(X=-50.0,Y=0.0,Z=50.0),Normal=(X=-1.0,Y=-0.0,Z=0.0),ImpactNormal=(X=0.0,Y=0.0,Z=1.0),TraceStart=(X=-200.0,Y=0.0,Z=200.0),TraceEnd=(X=0.0,Y=0.0,Z=0.0))
[2016.01.06-11.23.08:907][  0]LogMeshUtilities: No automatic mesh reduction module available
[2016.01.06-11.23.08:907][  0]LogMeshUtilities: No automatic mesh merging module available
[2016.01.06-11.23.09:238][  0]LogInit: WinSock: version 1.1 (2.2), MaxSocks=32767, MaxUdp=65467
[2016.01.06-11.23.10:378][  0]LogAssetRegistry: FAssetRegistry took 0.0114 seconds to start up
[2016.01.06-11.23.10:399][  0]LogDirectoryWatcher:Warning: Failed to begin reading directory changes for ../../../Engine/Plugins/Experimental/CharacterAI/Content/. Error: 0
[2016.01.06-11.23.10:415][  0]UdpMessaging: Initializing bridge on interface 0.0.0.0:0 to multicast group 230.0.0.1:6666.
[2016.01.06-11.23.10:784][  0]SourceControl: Info Source control is disabled
[2016.01.06-11.23.10:785][  0]SourceControl: Info Source control is disabled
[2016.01.06-11.23.10:798][  0]SourceControl: Info Source control is disabled
[2016.01.06-11.23.10:811][  0]SourceControl: Info Source control is disabled
[2016.01.06-11.23.11:111][  0]LogObj: 26440 objects as part of root set at end of initial load.
[2016.01.06-11.23.11:111][  0]LogUObjectAllocator: 5438856 out of 0 bytes used by permanent object pool.
[2016.01.06-11.23.11:190][  0]LogEngine: Initializing Engine...
[2016.01.06-11.23.11:192][  0]LogHMD: Can't find Oculus library dev build: is proper Runtime installed? Version: 0.6.0.0
[2016.01.06-11.23.11:194][  0]LogHMD:Warning: SteamVR failed to initialize.  Error: 110
[2016.01.06-11.23.11:354][  0]LogAIModule: Creating AISystem for world NewWorld
[2016.01.06-11.23.11:358][  0]LogInit: XAudio2 using 'Speakers (Realtek High Definition Audio)' : 2 channels at 48 kHz using 32 bits per sample (channel mask 0x3)
[2016.01.06-11.23.11:365][  0]LogInit: FAudioDevice initialized.
[2016.01.06-11.23.11:398][  0]LogDerivedDataCache: Saved boot cache 0.03s 53MB C:/Users/Matthew/AppData/Local/UnrealEngine/4.8/DerivedDataCache/Boot.ddc.
[2016.01.06-11.23.11:402][  0]LogInit: Texture streaming: Disabled
[2016.01.06-11.23.11:435][  0]LogAnalytics: Creating configured Analytics provider AnalyticsET
[2016.01.06-11.23.11:435][  0]LogAnalytics: [UEEditor.Rocket.Release] APIServer = http://et2.epicgames.com/ET2/. AppVersion = 4.8.3-2634408+++depot+UE4-Releases+4.8
[2016.01.06-11.23.11:435][  0]LogAnalytics: [UEEditor.Rocket.Release] SetUserId 6c72a4f34c262198a7708db9b68f0fac|62291b1299124bb987eb3840dc21af0e|10dca3ff-59a3-463a-a188-a74ae374cfa5
[2016.01.06-11.23.11:435][  0]LogAnalytics: [UEEditor.Rocket.Release] AnalyticsET::StartSession
[2016.01.06-11.23.11:470][  0]LogInit: Transaction tracking system initialized
[2016.01.06-11.23.11:627][  0]BlueprintLog: New page: Editor Load
[2016.01.06-11.23.12:406][  0]LogConsoleManager:Warning: Console variable 'r.VSync' wasn't set ('GameSetting' has a lower priority than 'SystemSettingsIni')
[2016.01.06-11.23.12:406][  0]LogConsoleResponse:Display: 
[2016.01.06-11.23.12:535][  0]LogCook:Display: Done creating registry. It took  0.00s.
[2016.01.06-11.23.12:772][  0]SourceControl: Info Source control is disabled
[2016.01.06-11.23.12:772][  0]Cmd: MAP LOAD FILE="../../../../../../Users/Matthew/Documents/Unreal Projects/Diner/Content/FirstPersonBP/Maps/FirstPersonExampleMap.umap" TEMPLATE=0 SHOWPROGRESS=1 FEATURELEVEL=3
[2016.01.06-11.23.12:773][  0]LightingResults: New page: Lighting Build
[2016.01.06-11.23.12:792][  0]MapCheck: New page: Map Check
[2016.01.06-11.23.12:792][  0]LightingResults: New page: Lighting Build
[2016.01.06-11.23.12:807][  0]LogParticles: Destroying 0 GPU particle simulations for FXSystem 0x000000230C0F49A0
[2016.01.06-11.23.14:166][  0]LogAIModule: Creating AISystem for world FirstPersonExampleMap
[2016.01.06-11.23.14:178][  0]LogEditorServer: Finished looking for orphan Actors (0.000 secs)
[2016.01.06-11.23.15:564][  0]Cmd: MAP CHECKDEP NOCLEARLOG
[2016.01.06-11.23.15:646][  0]MapCheck: Info Map check complete: 0 Error(s), 0 Warning(s), took 81.225ms to complete.
[2016.01.06-11.23.15:646][  0]LogFileHelpers: Loading map 'FirstPersonExampleMap' took 2.874
[2016.01.06-11.23.15:772][  0]LogCollectionManager: Loaded 0 collections in 0.002935 seconds
[2016.01.06-11.23.15:784][  0]LogContentBrowser: Native class hierarchy populated in 0.0120 seconds. Added 1807 classes and 307 folders.
[2016.01.06-11.23.15:845][  0]LogContentBrowser: Native class hierarchy updated for 'WidgetCarousel' in 0.0006 seconds. Added 0 classes and 0 folders.
[2016.01.06-11.23.15:892][  0]LogContentBrowser: Native class hierarchy updated for 'AddContentDialog' in 0.0005 seconds. Added 0 classes and 0 folders.
[2016.01.06-11.23.15:926][  0]LogContentBrowser: Native class hierarchy updated for 'SceneOutliner' in 0.0005 seconds. Added 1 classes and 2 folders.
[2016.01.06-11.23.15:969][  0]LogCrashTracker: Crashtracker disabled due to settings.
[2016.01.06-11.23.15:970][  0]LogD3D11RHI: InitD3DDevice
[2016.01.06-11.23.15:976][  0]LogUObjectGlobals:Warning: Failed to find object 'Class None.'
[2016.01.06-11.23.16:001][  0]LogLoad: Full Startup: 11.14 seconds (BP compile: 0.44 seconds)
[2016.01.06-11.23.16:018][  0]LogWindowsTextInputMethodSystem:Display: IME system now deactivated.
[2016.01.06-11.23.16:018][  0]LogWindowsTextInputMethodSystem:Display: IME system now deactivated.
[2016.01.06-11.23.16:083][  0]LogContentStreaming: Texture pool size is 0.000000MB
[2016.01.06-11.23.16:118][  0]LogContentStreaming: Texture pool size now 1000 MB
[2016.01.06-11.23.16:325][  1]LogRenderer: Reallocating scene render targets to support 936x432 (Frame:2).
[2016.01.06-11.23.16:696][  8]LogAssetRegistry: Asset discovery search completed in 6.3302 seconds
[2016.01.06-11.23.19:094][123]LogD3D11RHI: InitD3DDevice
[2016.01.06-11.23.27:767][574]LogD3D11RHI: InitD3DDevice
[2016.01.06-11.23.32:846][859]LogWindowsTextInputMethodSystem:Display: IME system now deactivated.
[2016.01.06-11.23.32:846][859]LogWindowsTextInputMethodSystem:Display: IME system now deactivated.
[2016.01.06-11.23.33:096][860]Cmd: QUIT_EDITOR
[2016.01.06-11.23.33:313][860]LogExit: Preparing to exit.
[2016.01.06-11.23.33:518][860]LogExit: Editor shut down
[2016.01.06-11.23.33:519][860]LogExit: Transaction tracking system shut down
[2016.01.06-11.23.33:519][860]LogParticles: Destroying 0 GPU particle simulations for FXSystem 0x000000237E691080
[2016.01.06-11.23.33:520][860]LogParticles: Destroying 0 GPU particle simulations for FXSystem 0x000000237E2CCF40
[2016.01.06-11.23.33:708][860]LogExit: Object subsystem successfully closed.
[2016.01.06-11.23.33:722][860]LogD3D11RHI: Shutdown
[2016.01.06-11.23.33:722][860]LogD3D11RHI: CleanupD3DDevice
[2016.01.06-11.23.33:764][860]LogD3D11RHI: ~FD3D11DynamicRHI
[2016.01.06-11.23.33:787][860]LogModuleManager: Shutting down and abandoning module CrashTracker (190)
[2016.01.06-11.23.33:787][860]LogModuleManager: Shutting down and abandoning module SceneOutliner (189)
[2016.01.06-11.23.33:787][860]LogModuleManager: Shutting down and abandoning module SuperSearch (188)
[2016.01.06-11.23.33:787][860]LogModuleManager: Shutting down and abandoning module WidgetCarousel (187)
[2016.01.06-11.23.33:787][860]LogModuleManager: Shutting down and abandoning module AddContentDialog (186)
[2016.01.06-11.23.33:788][860]LogModuleManager: Shutting down and abandoning module EditorWidgets (185)
[2016.01.06-11.23.33:788][860]LogModuleManager: Shutting down and abandoning module CollectionManager (184)
[2016.01.06-11.23.33:788][860]LogModuleManager: Shutting down and abandoning module StatsViewer (183)
[2016.01.06-11.23.33:788][860]LogModuleManager: Shutting down and abandoning module FoliageEdit (182)
[2016.01.06-11.23.33:788][860]LogModuleManager: Shutting down and abandoning module LandscapeEditor (181)
[2016.01.06-11.23.33:788][860]LogModuleManager: Shutting down and abandoning module ActorPickerMode (180)
[2016.01.06-11.23.33:788][860]LogModuleManager: Shutting down and abandoning module GeometryMode (179)
[2016.01.06-11.23.33:788][860]LogModuleManager: Shutting down and abandoning module TextureAlignMode (178)
[2016.01.06-11.23.33:788][860]LogModuleManager: Shutting down and abandoning module BspMode (177)
[2016.01.06-11.23.33:788][860]LogModuleManager: Shutting down and abandoning module PlacementMode (176)
[2016.01.06-11.23.33:788][860]LogModuleManager: Shutting down and abandoning module AutomationWorker (175)
[2016.01.06-11.23.33:788][860]LogModuleManager: Shutting down and abandoning module CharacterAI (174)
[2016.01.06-11.23.33:788][860]LogModuleManager: Shutting down and abandoning module SmartSnapping (173)
[2016.01.06-11.23.33:788][860]LogModuleManager: Shutting down and abandoning module ViewportSnapping (172)
[2016.01.06-11.23.33:788][860]LogModuleManager: Shutting down and abandoning module LogVisualizer (171)
[2016.01.06-11.23.33:788][860]LogModuleManager: Shutting down and abandoning module GameProjectGeneration (170)
[2016.01.06-11.23.33:788][860]LogModuleManager: Shutting down and abandoning module IntroTutorials (169)
[2016.01.06-11.23.33:788][860]LogModuleManager: Shutting down and abandoning module EditorLiveStreaming (168)
[2016.01.06-11.23.33:788][860]LogModuleManager: Shutting down and abandoning module IOSPlatformEditor (167)
[2016.01.06-11.23.33:788][860]LogModuleManager: Shutting down and abandoning module HTML5PlatformEditor (166)
[2016.01.06-11.23.33:789][860]LogModuleManager: Shutting down and abandoning module AndroidDeviceDetection (165)
[2016.01.06-11.23.34:253][860]LogModuleManager: Shutting down and abandoning module AndroidPlatformEditor (164)
[2016.01.06-11.23.34:253][860]LogModuleManager: Shutting down and abandoning module IOSRuntimeSettings (163)
[2016.01.06-11.23.34:253][860]LogModuleManager: Shutting down and abandoning module AndroidRuntimeSettings (162)
[2016.01.06-11.23.34:253][860]LogModuleManager: Shutting down and abandoning module MergeActors (161)
[2016.01.06-11.23.34:253][860]LogModuleManager: Shutting down and abandoning module SizeMap (160)
[2016.01.06-11.23.34:253][860]LogModuleManager: Shutting down and abandoning module TreeMap (159)
[2016.01.06-11.23.34:253][860]LogModuleManager: Shutting down and abandoning module ReferenceViewer (158)
[2016.01.06-11.23.34:253][860]LogModuleManager: Shutting down and abandoning module LocalizationDashboard (157)
[2016.01.06-11.23.34:253][860]LogModuleManager: Shutting down and abandoning module HardwareTargeting (156)
[2016.01.06-11.23.34:253][860]LogModuleManager: Shutting down and abandoning module DeviceProfileEditor (155)
[2016.01.06-11.23.34:253][860]LogModuleManager: Shutting down and abandoning module UndoHistory (154)
[2016.01.06-11.23.34:253][860]LogModuleManager: Shutting down and abandoning module GameplayTagsEditor (153)
[2016.01.06-11.23.34:253][860]LogModuleManager: Shutting down and abandoning module UserFeedback (152)
[2016.01.06-11.23.34:253][860]LogModuleManager: Shutting down and abandoning module XmlParser (151)
[2016.01.06-11.23.34:253][860]LogModuleManager: Shutting down and abandoning module Blutility (150)
[2016.01.06-11.23.34:253][860]LogModuleManager: Shutting down and abandoning module ProjectTargetPlatformEditor (149)
[2016.01.06-11.23.34:253][860]LogModuleManager: Shutting down and abandoning module ProjectSettingsViewer (148)
[2016.01.06-11.23.34:253][860]LogModuleManager: Shutting down and abandoning module InputBindingEditor (147)
[2016.01.06-11.23.34:253][860]LogModuleManager: Shutting down and abandoning module EditorSettingsViewer (146)
[2016.01.06-11.23.34:253][860]LogModuleManager: Shutting down and abandoning module SettingsEditor (145)
[2016.01.06-11.23.34:253][860]LogModuleManager: Shutting down and abandoning module ProjectLauncher (144)
[2016.01.06-11.23.34:253][860]LogModuleManager: Shutting down and abandoning module SessionFrontend (143)
[2016.01.06-11.23.34:253][860]LogModuleManager: Shutting down and abandoning module ProfilerClient (142)
[2016.01.06-11.23.34:253][860]LogModuleManager: Shutting down and abandoning module TargetDeviceServices (141)
[2016.01.06-11.23.34:253][860]LogModuleManager: Shutting down and abandoning module DeviceManager (140)
[2016.01.06-11.23.34:253][860]LogModuleManager: Shutting down and abandoning module AutomationController (139)
[2016.01.06-11.23.34:253][860]LogModuleManager: Shutting down and abandoning module AutomationWindow (138)
[2016.01.06-11.23.34:253][860]LogModuleManager: Shutting down and abandoning module Layers (137)
[2016.01.06-11.23.34:253][860]LogModuleManager: Shutting down and abandoning module ComponentVisualizers (136)
[2016.01.06-11.23.34:253][860]LogModuleManager: Shutting down and abandoning module DetailCustomizations (135)
[2016.01.06-11.23.34:254][860]LogModuleManager: Shutting down and abandoning module PackagesDialog (134)
[2016.01.06-11.23.34:254][860]LogModuleManager: Shutting down and abandoning module Persona (133)
[2016.01.06-11.23.34:254][860]LogModuleManager: Shutting down and abandoning module Kismet (132)
[2016.01.06-11.23.34:254][860]LogModuleManager: Shutting down and abandoning module GraphEditor (131)
[2016.01.06-11.23.34:254][860]LogModuleManager: Shutting down and abandoning module ClassViewer (130)
[2016.01.06-11.23.34:254][860]LogModuleManager: Shutting down and abandoning module Toolbox (129)
[2016.01.06-11.23.34:254][860]LogModuleManager: Shutting down and abandoning module ModuleUI (128)
[2016.01.06-11.23.34:254][860]LogModuleManager: Shutting down and abandoning module MovieSceneTools (127)
[2016.01.06-11.23.34:254][860]LogModuleManager: Shutting down and abandoning module OutputLog (126)
[2016.01.06-11.23.34:254][860]LogModuleManager: Shutting down and abandoning module GammaUI (125)
[2016.01.06-11.23.34:254][860]LogModuleManager: Shutting down and abandoning module Documentation (124)
[2016.01.06-11.23.34:254][860]LogModuleManager: Shutting down and abandoning module GameLiveStreaming (123)
[2016.01.06-11.23.34:254][860]LogModuleManager: Shutting down and abandoning module StreamingPauseRendering (122)
[2016.01.06-11.23.34:254][860]LogModuleManager: Shutting down and abandoning module AnalyticsET (121)
[2016.01.06-11.23.34:254][860]LogModuleManager: Shutting down and abandoning module Analytics (120)
[2016.01.06-11.23.34:254][860]LogModuleManager: Shutting down and abandoning module AITestSuite (119)
[2016.01.06-11.23.34:254][860]LogModuleManager: Shutting down and abandoning module GameplayDebugger (118)
[2016.01.06-11.23.34:254][860]LogModuleManager: Shutting down and abandoning module AIModule (117)
[2016.01.06-11.23.34:254][860]LogModuleManager: Shutting down and abandoning module ProfilerService (116)
[2016.01.06-11.23.34:410][860]LogModuleManager: Shutting down and abandoning module TaskGraph (115)
[2016.01.06-11.23.34:410][860]LogModuleManager: Shutting down and abandoning module SubstanceEditor (114)
[2016.01.06-11.23.34:410][860]LogModuleManager: Shutting down and abandoning module SlateRemote (113)
[2016.01.06-11.23.34:410][860]LogModuleManager: Shutting down and abandoning module SteamVRController (112)
[2016.01.06-11.23.34:410][860]LogModuleManager: Shutting down and abandoning module SteamVR (111)
[2016.01.06-11.23.34:410][860]LogModuleManager: Shutting down and abandoning module ProceduralMeshComponent (110)
[2016.01.06-11.23.34:410][860]LogModuleManager: Shutting down and abandoning module OculusRift (109)
[2016.01.06-11.23.34:410][860]LogModuleManager: Shutting down and abandoning module LeapMotionController (108)
[2016.01.06-11.23.34:424][860]LogModuleManager: Shutting down and abandoning module CustomMeshComponent (107)
[2016.01.06-11.23.34:424][860]LogModuleManager: Shutting down and abandoning module CableComponent (106)
[2016.01.06-11.23.34:424][860]LogModuleManager: Shutting down and abandoning module MessagingDebugger (105)
[2016.01.06-11.23.34:424][860]LogModuleManager: Shutting down and abandoning module MediaPlayerEditor (104)
[2016.01.06-11.23.34:424][860]LogModuleManager: Shutting down and abandoning module SpeedTreeImporter (103)
[2016.01.06-11.23.34:424][860]LogModuleManager: Shutting down and abandoning module PluginBrowser (102)
[2016.01.06-11.23.34:424][860]LogModuleManager: Shutting down and abandoning module EpicSurvey (101)
[2016.01.06-11.23.34:424][860]LogModuleManager: Shutting down and abandoning module DesktopPlatform (100)
[2016.01.06-11.23.34:424][860]LogModuleManager: Shutting down and abandoning module VisualStudioSourceCodeAccess (99)
[2016.01.06-11.23.34:424][860]LogModuleManager: Shutting down and abandoning module UObjectPlugin (98)
[2016.01.06-11.23.34:424][860]LogModuleManager: Shutting down and abandoning module SubversionSourceControl (97)
[2016.01.06-11.23.34:424][860]LogModuleManager: Shutting down and abandoning module PerforceSourceControl (96)
[2016.01.06-11.23.34:424][860]LogModuleManager: Shutting down and abandoning module SourceControl (95)
[2016.01.06-11.23.34:424][860]LogModuleManager: Shutting down and abandoning module GitSourceControl (94)
[2016.01.06-11.23.34:424][860]LogModuleManager: Shutting down and abandoning module BlankPlugin (93)
[2016.01.06-11.23.34:424][860]LogModuleManager: Shutting down and abandoning module PaperTiledImporter (92)
[2016.01.06-11.23.34:424][860]LogModuleManager: Shutting down and abandoning module PaperSpriteSheetImporter (91)
[2016.01.06-11.23.34:424][860]LogModuleManager: Shutting down and abandoning module MeshPaint (90)
[2016.01.06-11.23.34:424][860]LogModuleManager: Shutting down and abandoning module SlateReflector (89)
[2016.01.06-11.23.34:424][860]LogModuleManager: Shutting down and abandoning module HotReload (88)
[2016.01.06-11.23.34:424][860]LogModuleManager: Shutting down and abandoning module MainFrame (87)
[2016.01.06-11.23.34:425][860]LogModuleManager: Shutting down and abandoning module LevelEditor (86)
[2016.01.06-11.23.34:425][860]LogModuleManager: Shutting down and abandoning module ContentBrowser (85)
[2016.01.06-11.23.34:426][860]LogModuleManager: Shutting down and abandoning module Paper2DEditor (84)
[2016.01.06-11.23.34:426][860]LogModuleManager: Shutting down and abandoning module UdpMessaging (83)
[2016.01.06-11.23.34:527][860]LogModuleManager: Shutting down and abandoning module DirectoryWatcher (82)
[2016.01.06-11.23.34:527][860]LogModuleManager: Shutting down and abandoning module AssetRegistry (81)
[2016.01.06-11.23.34:577][860]LogModuleManager: Shutting down and abandoning module SubstanceCore (80)
[2016.01.06-11.23.34:578][860]LogModuleManager: Shutting down and abandoning module Paper2D (79)
[2016.01.06-11.23.34:578][860]LogModuleManager: Shutting down and abandoning module WindowsMoviePlayer (78)
[2016.01.06-11.23.34:582][860]LogModuleManager: Shutting down and abandoning module Media (77)
[2016.01.06-11.23.34:582][860]LogModuleManager: Shutting down and abandoning module WmfMedia (76)
[2016.01.06-11.23.34:582][860]LogModuleManager: Shutting down and abandoning module OnlineBlueprintSupport (75)
[2016.01.06-11.23.34:582][860]LogModuleManager: Shutting down and abandoning module PropertyEditor (74)
[2016.01.06-11.23.34:582][860]LogModuleManager: Shutting down and abandoning module BehaviorTreeEditor (73)
[2016.01.06-11.23.34:582][860]LogModuleManager: Shutting down and abandoning module FunctionalTesting (72)
[2016.01.06-11.23.34:582][860]LogModuleManager: Shutting down and abandoning module CollisionAnalyzer (71)
[2016.01.06-11.23.34:582][860]LogModuleManager: Shutting down and abandoning module WorkspaceMenuStructure (70)
[2016.01.06-11.23.34:582][860]LogModuleManager: Shutting down and abandoning module MessageLog (69)
[2016.01.06-11.23.34:582][860]LogModuleManager: Shutting down and abandoning module Sequencer (68)
[2016.01.06-11.23.34:582][860]LogModuleManager: Shutting down and abandoning module AssetTools (67)
[2016.01.06-11.23.34:582][860]LogModuleManager: Shutting down and abandoning module UMGEditor (66)
[2016.01.06-11.23.34:582][860]LogModuleManager: Shutting down and abandoning module UMG (65)
[2016.01.06-11.23.34:582][860]LogModuleManager: Shutting down and abandoning module Slate (64)
[2016.01.06-11.23.34:582][860]LogModuleManager: Shutting down and abandoning module EditorStyle (63)
[2016.01.06-11.23.34:585][860]LogModuleManager: Shutting down and abandoning module SessionServices (62)
[2016.01.06-11.23.34:585][860]LogModuleManager: Shutting down and abandoning module SourceCodeAccess (61)
[2016.01.06-11.23.34:585][860]LogModuleManager: Shutting down and abandoning module HeadMountedDisplay (60)
[2016.01.06-11.23.34:585][860]LogModuleManager: Shutting down and abandoning module XAudio2 (59)
[2016.01.06-11.23.34:585][860]LogModuleManager: Shutting down and abandoning module Networking (57)
[2016.01.06-11.23.34:585][860]LogModuleManager: Shutting down and abandoning module Core (56)
[2016.01.06-11.23.34:585][860]LogModuleManager: Shutting down and abandoning module KismetCompiler (55)
[2016.01.06-11.23.34:585][860]LogModuleManager: Shutting down and abandoning module PhysXFormats (54)
[2016.01.06-11.23.34:585][860]LogModuleManager: Shutting down and abandoning module MeshUtilities (53)
[2016.01.06-11.23.34:585][860]LogModuleManager: Shutting down and abandoning module DerivedDataCache (52)
[2016.01.06-11.23.35:074][860]LogDerivedDataCache: Shutdown
[2016.01.06-11.23.35:074][860]LogModuleManager: Shutting down and abandoning module ShaderFormatOpenGL (51)
[2016.01.06-11.23.35:074][860]LogModuleManager: Shutting down and abandoning module ShaderFormatD3D (50)
[2016.01.06-11.23.35:074][860]LogModuleManager: Shutting down and abandoning module MetalShaderFormat (49)
[2016.01.06-11.23.35:074][860]LogModuleManager: Shutting down and abandoning module TextureFormatUncompressed (48)
[2016.01.06-11.23.35:074][860]LogModuleManager: Shutting down and abandoning module TextureFormatPVR (47)
[2016.01.06-11.23.35:074][860]LogModuleManager: Shutting down and abandoning module TextureFormatIntelISPCTexComp (46)
[2016.01.06-11.23.35:074][860]LogModuleManager: Shutting down and abandoning module TextureFormatDXT (45)
[2016.01.06-11.23.35:074][860]LogModuleManager: Shutting down and abandoning module ImageWrapper (44)
[2016.01.06-11.23.35:074][860]LogModuleManager: Shutting down and abandoning module TextureFormatASTC (43)
[2016.01.06-11.23.35:074][860]LogModuleManager: Shutting down and abandoning module TextureFormatAndroid (42)
[2016.01.06-11.23.35:074][860]LogModuleManager: Shutting down and abandoning module AudioFormatOpus (41)
[2016.01.06-11.23.35:074][860]LogModuleManager: Shutting down and abandoning module AudioFormatOgg (40)
[2016.01.06-11.23.35:074][860]LogModuleManager: Shutting down and abandoning module AudioFormatADPCM (39)
[2016.01.06-11.23.35:074][860]LogModuleManager: Shutting down and abandoning module LinuxTargetPlatform (38)
[2016.01.06-11.23.35:074][860]LogModuleManager: Shutting down and abandoning module LinuxServerTargetPlatform (37)
[2016.01.06-11.23.35:074][860]LogModuleManager: Shutting down and abandoning module LinuxNoEditorTargetPlatform (36)
[2016.01.06-11.23.35:074][860]LogModuleManager: Shutting down and abandoning module Messaging (35)
[2016.01.06-11.23.35:074][860]LogModuleManager: Shutting down and abandoning module IOSTargetPlatform (34)
[2016.01.06-11.23.35:074][860]LogModuleManager: Shutting down and abandoning module HTML5TargetPlatform (33)
[2016.01.06-11.23.35:074][860]LogModuleManager: Shutting down and abandoning module Android_PVRTCTargetPlatform (32)
[2016.01.06-11.23.35:074][860]LogModuleManager: Shutting down and abandoning module Android_ETC2TargetPlatform (31)
[2016.01.06-11.23.35:074][860]LogModuleManager: Shutting down and abandoning module Android_ETC1TargetPlatform (30)
[2016.01.06-11.23.35:074][860]LogModuleManager: Shutting down and abandoning module Android_DXTTargetPlatform (29)
[2016.01.06-11.23.35:074][860]LogModuleManager: Shutting down and abandoning module Android_ATCTargetPlatform (28)
[2016.01.06-11.23.35:074][860]LogModuleManager: Shutting down and abandoning module Android_ASTCTargetPlatform (27)
[2016.01.06-11.23.35:074][860]LogModuleManager: Shutting down and abandoning module AndroidTargetPlatform (26)
[2016.01.06-11.23.35:074][860]LogModuleManager: Shutting down and abandoning module WindowsTargetPlatform (25)
[2016.01.06-11.23.35:074][860]LogModuleManager: Shutting down and abandoning module WindowsServerTargetPlatform (24)
[2016.01.06-11.23.35:074][860]LogModuleManager: Shutting down and abandoning module WindowsNoEditorTargetPlatform (23)
[2016.01.06-11.23.35:074][860]LogModuleManager: Shutting down and abandoning module WindowsClientTargetPlatform (22)
[2016.01.06-11.23.35:074][860]LogModuleManager: Shutting down and abandoning module DesktopTargetPlatform (21)
[2016.01.06-11.23.35:074][860]LogModuleManager: Shutting down and abandoning module TargetPlatform (20)
[2016.01.06-11.23.35:074][860]LogModuleManager: Shutting down and abandoning module InputCore (19)
[2016.01.06-11.23.35:074][860]LogModuleManager: Shutting down and abandoning module Settings (18)
[2016.01.06-11.23.35:074][860]LogModuleManager: Shutting down and abandoning module OnlineSubsystem (16)
[2016.01.06-11.23.35:074][860]LogModuleManager: Shutting down and abandoning module HTTP (15)
[2016.01.06-11.23.35:075][860]LogModuleManager: Shutting down and abandoning module ExampleDeviceProfileSelector (14)
[2016.01.06-11.23.35:075][860]LogModuleManager: Shutting down and abandoning module TextureCompressor (13)
[2016.01.06-11.23.35:075][860]LogModuleManager: Shutting down and abandoning module ShaderCore (12)
[2016.01.06-11.23.35:075][860]LogModuleManager: Shutting down and abandoning module Landscape (11)
[2016.01.06-11.23.35:075][860]LogModuleManager: Shutting down and abandoning module SlateRHIRenderer (10)
[2016.01.06-11.23.35:076][860]LogModuleManager: Shutting down and abandoning module OpenGLDrv (9)
[2016.01.06-11.23.35:076][860]LogModuleManager: Shutting down and abandoning module D3D11RHI (8)
[2016.01.06-11.23.35:076][860]LogModuleManager: Shutting down and abandoning module Renderer (7)
[2016.01.06-11.23.35:076][860]LogModuleManager: Shutting down and abandoning module Engine (6)
[2016.01.06-11.23.35:076][860]LogModuleManager: Shutting down and abandoning module CoreUObject (5)
[2016.01.06-11.23.35:076][860]LogModuleManager: Shutting down and abandoning module NetworkFile (4)
[2016.01.06-11.23.35:076][860]LogModuleManager: Shutting down and abandoning module StreamingFile (3)
[2016.01.06-11.23.35:076][860]LogModuleManager: Shutting down and abandoning module SandboxFile (2)
[2016.01.06-11.23.35:076][860]LogModuleManager: Shutting down and abandoning module PakFile (1)
[2016.01.06-11.23.35:076][860]LogExit: Exiting.
[2016.01.06-11.23.35:079][860]Log file closed, 01/06/16 03:23:35
